#
# There is insufficient memory for the Java Runtime Environment to continue.
# Native memory allocation (malloc) failed to allocate 64225280 bytes for committing reserved memory.
# Possible reasons:
#   The system is out of physical RAM or swap space
#   In 32 bit mode, the process size limit was hit
# Possible solutions:
#   Reduce memory load on the system
#   Increase physical memory or swap space
#   Check if swap backing store is full
#   Use 64 bit Java on a 64 bit OS
#   Decrease Java heap size (-Xmx/-Xms)
#   Decrease number of Java threads
#   Decrease Java thread stack sizes (-Xss)
#   Set larger code cache with -XX:ReservedCodeCacheSize=
# This output file may be truncated or incomplete.
#
#  Out of Memory Error (os_linux.cpp:2726), pid=18029, tid=139930203342592
#
# JRE version:  (7.0_51-b13) (build )
# Java VM: Java HotSpot(TM) 64-Bit Server VM (24.51-b03 mixed mode linux-amd64 compressed oops)
# Failed to write core dump. Core dumps have been disabled. To enable core dumping, try "ulimit -c unlimited" before starting Java again
#

---------------  T H R E A D  ---------------

Current thread (0x00007f440400a000):  JavaThread "Unknown thread" [_thread_in_vm, id=18034, stack(0x00007f440a004000,0x00007f440a105000)]

Stack: [0x00007f440a004000,0x00007f440a105000],  sp=0x00007f440a1031a0,  free space=1020k
Native frames: (J=compiled Java code, j=interpreted, Vv=VM code, C=native code)
V  [libjvm.so+0x992f4a]  VMError::report_and_die()+0x2ea
V  [libjvm.so+0x4931ab]  report_vm_out_of_memory(char const*, int, unsigned long, char const*)+0x9b
V  [libjvm.so+0x81338e]  os::Linux::commit_memory_impl(char*, unsigned long, bool)+0xfe
V  [libjvm.so+0x81383f]  os::Linux::commit_memory_impl(char*, unsigned long, unsigned long, bool)+0x4f
V  [libjvm.so+0x813a2c]  os::pd_commit_memory(char*, unsigned long, unsigned long, bool)+0xc
V  [libjvm.so+0x80daea]  os::commit_memory(char*, unsigned long, unsigned long, bool)+0x2a
V  [libjvm.so+0x87fcd3]  PSVirtualSpace::expand_by(unsigned long)+0x53
V  [libjvm.so+0x82ad26]  ParMarkBitMap::initialize(MemRegion)+0x176
V  [libjvm.so+0x873fe7]  PSParallelCompact::initialize()+0x177
V  [libjvm.so+0x83448d]  ParallelScavengeHeap::initialize()+0x7fd
V  [libjvm.so+0x9664ca]  Universe::initialize_heap()+0xca
V  [libjvm.so+0x967699]  universe_init()+0x79
V  [libjvm.so+0x5a9625]  init_globals()+0x65
V  [libjvm.so+0x94ef8d]  Threads::create_vm(JavaVMInitArgs*, bool*)+0x1ed
V  [libjvm.so+0x6307e4]  JNI_CreateJavaVM+0x74
C  [libjli.so+0x2f8e]  JavaMain+0x9e


---------------  P R O C E S S  ---------------

Java Threads: ( => current thread )

Other Threads:

=>0x00007f440400a000 (exited) JavaThread "Unknown thread" [_thread_in_vm, id=18034, stack(0x00007f440a004000,0x00007f440a105000)]

VM state:not at safepoint (not fully initialized)

VM Mutex/Monitor currently owned by a thread: None

GC Heap History (0 events):
No events

Deoptimization events (0 events):
No events

Internal exceptions (0 events):
No events

Events (0 events):
No events


Dynamic libraries:
00400000-00401000 r-xp 00000000 08:03 1585325                            /usr/local/java/jdk1.7.0_51/bin/javac
00600000-00601000 rw-p 00000000 08:03 1585325                            /usr/local/java/jdk1.7.0_51/bin/javac
008a5000-008c6000 rw-p 00000000 00:00 0                                  [heap]
85800000-86d00000 rw-p 00000000 00:00 0 
86d00000-8aa00000 rw-p 00000000 00:00 0 
8aa00000-8af80000 rw-p 00000000 00:00 0 
8af80000-d8e00000 rw-p 00000000 00:00 0 
d8e00000-d9200000 rw-p 00000000 00:00 0 
d9200000-100000000 rw-p 00000000 00:00 0 
7f43e0000000-7f43e0021000 rw-p 00000000 00:00 0 
7f43e0021000-7f43e4000000 ---p 00000000 00:00 0 
7f43e8000000-7f43e8021000 rw-p 00000000 00:00 0 
7f43e8021000-7f43ec000000 ---p 00000000 00:00 0 
7f43f0000000-7f43f0021000 rw-p 00000000 00:00 0 
7f43f0021000-7f43f4000000 ---p 00000000 00:00 0 
7f43f8000000-7f43f8021000 rw-p 00000000 00:00 0 
7f43f8021000-7f43fc000000 ---p 00000000 00:00 0 
7f43ff5e1000-7f43ff826000 rw-p 00000000 00:00 0 
7f43ff826000-7f43ff827000 ---p 00000000 00:00 0 
7f43ff827000-7f43ff927000 rw-p 00000000 00:00 0                          [stack:18038]
7f43ff927000-7f43ff928000 ---p 00000000 00:00 0 
7f43ff928000-7f43ffa28000 rw-p 00000000 00:00 0                          [stack:18037]
7f43ffa28000-7f43ffa29000 ---p 00000000 00:00 0 
7f43ffa29000-7f43ffb2c000 rw-p 00000000 00:00 0                          [stack:18036]
7f43ffb2c000-7f43ffd9b000 rw-p 00000000 00:00 0 
7f43ffd9b000-7f43ffda6000 rw-p 00000000 00:00 0 
7f43ffda6000-7f43ffdc4000 rw-p 00000000 00:00 0 
7f43ffdc4000-7f43ffdc7000 rw-p 00000000 00:00 0 
7f43ffdc7000-7f4400036000 rw-p 00000000 00:00 0 
7f4400036000-7f4400038000 rw-p 00000000 00:00 0 
7f4400038000-7f440016f000 rw-p 00000000 00:00 0 
7f440016f000-7f4400170000 rw-p 00000000 00:00 0 
7f4400170000-7f44003e0000 rwxp 00000000 00:00 0 
7f44003e0000-7f4403170000 rw-p 00000000 00:00 0 
7f4403170000-7f440318a000 r-xp 00000000 08:03 1585045                    /usr/local/java/jdk1.7.0_51/jre/lib/amd64/libzip.so
7f440318a000-7f440338a000 ---p 0001a000 08:03 1585045                    /usr/local/java/jdk1.7.0_51/jre/lib/amd64/libzip.so
7f440338a000-7f440338b000 rw-p 0001a000 08:03 1585045                    /usr/local/java/jdk1.7.0_51/jre/lib/amd64/libzip.so
7f440338b000-7f4403396000 r-xp 00000000 08:03 4592658                    /lib/x86_64-linux-gnu/libnss_files-2.19.so
7f4403396000-7f4403595000 ---p 0000b000 08:03 4592658                    /lib/x86_64-linux-gnu/libnss_files-2.19.so
7f4403595000-7f4403596000 r--p 0000a000 08:03 4592658                    /lib/x86_64-linux-gnu/libnss_files-2.19.so
7f4403596000-7f4403597000 rw-p 0000b000 08:03 4592658                    /lib/x86_64-linux-gnu/libnss_files-2.19.so
7f4403597000-7f44035a2000 r-xp 00000000 08:03 4592659                    /lib/x86_64-linux-gnu/libnss_nis-2.19.so
7f44035a2000-7f44037a1000 ---p 0000b000 08:03 4592659                    /lib/x86_64-linux-gnu/libnss_nis-2.19.so
7f44037a1000-7f44037a2000 r--p 0000a000 08:03 4592659                    /lib/x86_64-linux-gnu/libnss_nis-2.19.so
7f44037a2000-7f44037a3000 rw-p 0000b000 08:03 4592659                    /lib/x86_64-linux-gnu/libnss_nis-2.19.so
7f44037a3000-7f44037ba000 r-xp 00000000 08:03 4592319                    /lib/x86_64-linux-gnu/libnsl-2.19.so
7f44037ba000-7f44039b9000 ---p 00017000 08:03 4592319                    /lib/x86_64-linux-gnu/libnsl-2.19.so
7f44039b9000-7f44039ba000 r--p 00016000 08:03 4592319                    /lib/x86_64-linux-gnu/libnsl-2.19.so
7f44039ba000-7f44039bb000 rw-p 00017000 08:03 4592319                    /lib/x86_64-linux-gnu/libnsl-2.19.so
7f44039bb000-7f44039bd000 rw-p 00000000 00:00 0 
7f44039bd000-7f44039c6000 r-xp 00000000 08:03 4592316                    /lib/x86_64-linux-gnu/libnss_compat-2.19.so
7f44039c6000-7f4403bc5000 ---p 00009000 08:03 4592316                    /lib/x86_64-linux-gnu/libnss_compat-2.19.so
7f4403bc5000-7f4403bc6000 r--p 00008000 08:03 4592316                    /lib/x86_64-linux-gnu/libnss_compat-2.19.so
7f4403bc6000-7f4403bc7000 rw-p 00009000 08:03 4592316                    /lib/x86_64-linux-gnu/libnss_compat-2.19.so
7f4403bc7000-7f4403bf0000 r-xp 00000000 08:03 1585027                    /usr/local/java/jdk1.7.0_51/jre/lib/amd64/libjava.so
7f4403bf0000-7f4403df0000 ---p 00029000 08:03 1585027                    /usr/local/java/jdk1.7.0_51/jre/lib/amd64/libjava.so
7f4403df0000-7f4403df2000 rw-p 00029000 08:03 1585027                    /usr/local/java/jdk1.7.0_51/jre/lib/amd64/libjava.so
7f4403df2000-7f4403dff000 r-xp 00000000 08:03 1585064                    /usr/local/java/jdk1.7.0_51/jre/lib/amd64/libverify.so
7f4403dff000-7f4403ffe000 ---p 0000d000 08:03 1585064                    /usr/local/java/jdk1.7.0_51/jre/lib/amd64/libverify.so
7f4403ffe000-7f4404000000 rw-p 0000c000 08:03 1585064                    /usr/local/java/jdk1.7.0_51/jre/lib/amd64/libverify.so
7f4404000000-7f4404030000 rw-p 00000000 00:00 0 
7f4404030000-7f4408000000 ---p 00000000 00:00 0 
7f440806f000-7f4408070000 ---p 00000000 00:00 0 
7f4408070000-7f440817b000 rw-p 00000000 00:00 0                          [stack:18035]
7f440817b000-7f4408199000 rw-p 00000000 00:00 0 
7f4408199000-7f44081a0000 r-xp 00000000 08:03 4592321                    /lib/x86_64-linux-gnu/librt-2.19.so
7f44081a0000-7f440839f000 ---p 00007000 08:03 4592321                    /lib/x86_64-linux-gnu/librt-2.19.so
7f440839f000-7f44083a0000 r--p 00006000 08:03 4592321                    /lib/x86_64-linux-gnu/librt-2.19.so
7f44083a0000-7f44083a1000 rw-p 00007000 08:03 4592321                    /lib/x86_64-linux-gnu/librt-2.19.so
7f44083a1000-7f44084a6000 r-xp 00000000 08:03 4592328                    /lib/x86_64-linux-gnu/libm-2.19.so
7f44084a6000-7f44086a5000 ---p 00105000 08:03 4592328                    /lib/x86_64-linux-gnu/libm-2.19.so
7f44086a5000-7f44086a6000 r--p 00104000 08:03 4592328                    /lib/x86_64-linux-gnu/libm-2.19.so
7f44086a6000-7f44086a7000 rw-p 00105000 08:03 4592328                    /lib/x86_64-linux-gnu/libm-2.19.so
7f44086a7000-7f4409209000 r-xp 00000000 08:03 1585038                    /usr/local/java/jdk1.7.0_51/jre/lib/amd64/server/libjvm.so
7f4409209000-7f4409409000 ---p 00b62000 08:03 1585038                    /usr/local/java/jdk1.7.0_51/jre/lib/amd64/server/libjvm.so
7f4409409000-7f44094cc000 rw-p 00b62000 08:03 1585038                    /usr/local/java/jdk1.7.0_51/jre/lib/amd64/server/libjvm.so
7f44094cc000-7f440950d000 rw-p 00000000 00:00 0 
7f440950d000-7f44096c8000 r-xp 00000000 08:03 4592325                    /lib/x86_64-linux-gnu/libc-2.19.so
7f44096c8000-7f44098c8000 ---p 001bb000 08:03 4592325                    /lib/x86_64-linux-gnu/libc-2.19.so
7f44098c8000-7f44098cc000 r--p 001bb000 08:03 4592325                    /lib/x86_64-linux-gnu/libc-2.19.so
7f44098cc000-7f44098ce000 rw-p 001bf000 08:03 4592325                    /lib/x86_64-linux-gnu/libc-2.19.so
7f44098ce000-7f44098d3000 rw-p 00000000 00:00 0 
7f44098d3000-7f44098d6000 r-xp 00000000 08:03 4592663                    /lib/x86_64-linux-gnu/libdl-2.19.so
7f44098d6000-7f4409ad5000 ---p 00003000 08:03 4592663                    /lib/x86_64-linux-gnu/libdl-2.19.so
7f4409ad5000-7f4409ad6000 r--p 00002000 08:03 4592663                    /lib/x86_64-linux-gnu/libdl-2.19.so
7f4409ad6000-7f4409ad7000 rw-p 00003000 08:03 4592663                    /lib/x86_64-linux-gnu/libdl-2.19.so
7f4409ad7000-7f4409aed000 r-xp 00000000 08:03 1583823                    /usr/local/java/jdk1.7.0_51/lib/amd64/jli/libjli.so
7f4409aed000-7f4409ced000 ---p 00016000 08:03 1583823                    /usr/local/java/jdk1.7.0_51/lib/amd64/jli/libjli.so
7f4409ced000-7f4409cee000 rw-p 00016000 08:03 1583823                    /usr/local/java/jdk1.7.0_51/lib/amd64/jli/libjli.so
7f4409cee000-7f4409d07000 r-xp 00000000 08:03 4592664                    /lib/x86_64-linux-gnu/libpthread-2.19.so
7f4409d07000-7f4409f06000 ---p 00019000 08:03 4592664                    /lib/x86_64-linux-gnu/libpthread-2.19.so
7f4409f06000-7f4409f07000 r--p 00018000 08:03 4592664                    /lib/x86_64-linux-gnu/libpthread-2.19.so
7f4409f07000-7f4409f08000 rw-p 00019000 08:03 4592664                    /lib/x86_64-linux-gnu/libpthread-2.19.so
7f4409f08000-7f4409f0c000 rw-p 00000000 00:00 0 
7f4409f0c000-7f4409f2f000 r-xp 00000000 08:03 4592326                    /lib/x86_64-linux-gnu/ld-2.19.so
7f4409f44000-7f4409f4e000 rw-p 00000000 00:00 0 
7f4409f4e000-7f440a004000 rw-p 00000000 00:00 0 
7f440a004000-7f440a007000 ---p 00000000 00:00 0 
7f440a007000-7f440a109000 rw-p 00000000 00:00 0                          [stack:18034]
7f440a120000-7f440a122000 rw-p 00000000 00:00 0 
7f440a122000-7f440a12a000 rw-s 00000000 08:03 1838457                    /tmp/hsperfdata_florian/18029
7f440a12a000-7f440a12b000 rw-p 00000000 00:00 0 
7f440a12b000-7f440a12c000 r--p 00000000 00:00 0 
7f440a12c000-7f440a12e000 rw-p 00000000 00:00 0 
7f440a12e000-7f440a12f000 r--p 00022000 08:03 4592326                    /lib/x86_64-linux-gnu/ld-2.19.so
7f440a12f000-7f440a130000 rw-p 00023000 08:03 4592326                    /lib/x86_64-linux-gnu/ld-2.19.so
7f440a130000-7f440a131000 rw-p 00000000 00:00 0 
7fff373ac000-7fff373ce000 rw-p 00000000 00:00 0                          [stack]
7fff373fe000-7fff37400000 r-xp 00000000 00:00 0                          [vdso]
ffffffffff600000-ffffffffff601000 r-xp 00000000 00:00 0                  [vsyscall]

VM Arguments:
jvm_args: -Dapplication.home=/usr/local/java/jdk1.7.0_51 -Xms8m 
java_command: com.sun.tools.javac.Main @/tmp/sbt_4183a2f2/argfile
Launcher Type: SUN_STANDARD

Environment Variables:
JAVA_HOME=/usr/local/java/jdk1.7.0_51
PATH=/home/florian/.rvm/gems/ruby-2.1.2/bin:/home/florian/.rvm/gems/ruby-2.1.2@global/bin:/home/florian/.rvm/rubies/ruby-2.1.2/bin:/usr/local/heroku/bin:/usr/local/sbin:/usr/local/bin:/usr/sbin:/usr/bin:/sbin:/bin:/usr/games:/usr/local/games:/home/florian/bin:/usr/local/java/jdk1.7.0_51/bin:/home/florian/maven3/bin:/home/florian/.rvm/bin:/home/florian/maven3/bin:/home/jcarton/activator-1.2.2/activator:/home/florian/.rvm/bin
SHELL=/bin/bash
DISPLAY=:0

Signal Handlers:
SIGSEGV: [libjvm.so+0x993870], sa_mask[0]=0x7ffbfeff, sa_flags=0x10000004
SIGBUS: [libjvm.so+0x993870], sa_mask[0]=0x7ffbfeff, sa_flags=0x10000004
SIGFPE: [libjvm.so+0x8105b0], sa_mask[0]=0x7ffbfeff, sa_flags=0x10000004
SIGPIPE: [libjvm.so+0x8105b0], sa_mask[0]=0x7ffbfeff, sa_flags=0x10000004
SIGXFSZ: [libjvm.so+0x8105b0], sa_mask[0]=0x7ffbfeff, sa_flags=0x10000004
SIGILL: [libjvm.so+0x8105b0], sa_mask[0]=0x7ffbfeff, sa_flags=0x10000004
SIGUSR1: SIG_DFL, sa_mask[0]=0x00000000, sa_flags=0x00000000
SIGUSR2: [libjvm.so+0x811aa0], sa_mask[0]=0x00000004, sa_flags=0x10000004
SIGHUP: SIG_DFL, sa_mask[0]=0x00000000, sa_flags=0x00000000
SIGINT: SIG_DFL, sa_mask[0]=0x00000000, sa_flags=0x00000000
SIGTERM: SIG_DFL, sa_mask[0]=0x00000000, sa_flags=0x00000000
SIGQUIT: SIG_DFL, sa_mask[0]=0x00000000, sa_flags=0x00000000


---------------  S Y S T E M  ---------------

OS:jessie/sid

uname:Linux 3.13.0-39-generic #66-Ubuntu SMP Tue Oct 28 13:30:27 UTC 2014 x86_64
libc:glibc 2.19 NPTL 2.19 
rlimit: STACK 8192k, CORE 0k, NPROC 59838, NOFILE 4096, AS infinity
load average:2.03 0.95 0.79

/proc/meminfo:
MemTotal:        7689432 kB
MemFree:          103044 kB
Buffers:            4236 kB
Cached:          1001828 kB
SwapCached:            0 kB
Active:          6779876 kB
Inactive:         506764 kB
Active(anon):    6768460 kB
Inactive(anon):   485856 kB
Active(file):      11416 kB
Inactive(file):    20908 kB
Unevictable:          48 kB
Mlocked:              48 kB
SwapTotal:             0 kB
SwapFree:              0 kB
Dirty:                80 kB
Writeback:             0 kB
AnonPages:       6281844 kB
Mapped:           300560 kB
Shmem:            972520 kB
Slab:             106224 kB
SReclaimable:      41664 kB
SUnreclaim:        64560 kB
KernelStack:        7248 kB
PageTables:        71904 kB
NFS_Unstable:          0 kB
Bounce:                0 kB
WritebackTmp:          0 kB
CommitLimit:     3844716 kB
Committed_AS:   14181984 kB
VmallocTotal:   34359738367 kB
VmallocUsed:      359680 kB
VmallocChunk:   34359374432 kB
HardwareCorrupted:     0 kB
AnonHugePages:   2926592 kB
HugePages_Total:       0
HugePages_Free:        0
HugePages_Rsvd:        0
HugePages_Surp:        0
Hugepagesize:       2048 kB
DirectMap4k:       82408 kB
DirectMap2M:     2570240 kB
DirectMap1G:     5242880 kB


CPU:total 4 (2 cores per cpu, 2 threads per core) family 6 model 69 stepping 1, cmov, cx8, fxsr, mmx, sse, sse2, sse3, ssse3, sse4.1, sse4.2, popcnt, avx, avx2, aes, erms, ht, tsc, tscinvbit

/proc/cpuinfo:
processor	: 0
vendor_id	: GenuineIntel
cpu family	: 6
model		: 69
model name	: Intel(R) Core(TM) i7-4500U CPU @ 1.80GHz
stepping	: 1
microcode	: 0x16
cpu MHz		: 800.000
cache size	: 4096 KB
physical id	: 0
siblings	: 4
core id		: 0
cpu cores	: 2
apicid		: 0
initial apicid	: 0
fpu		: yes
fpu_exception	: yes
cpuid level	: 13
wp		: yes
flags		: fpu vme de pse tsc msr pae mce cx8 apic sep mtrr pge mca cmov pat pse36 clflush dts acpi mmx fxsr sse sse2 ss ht tm pbe syscall nx pdpe1gb rdtscp lm constant_tsc arch_perfmon pebs bts rep_good nopl xtopology nonstop_tsc aperfmperf eagerfpu pni pclmulqdq dtes64 monitor ds_cpl vmx est tm2 ssse3 fma cx16 xtpr pdcm pcid sse4_1 sse4_2 movbe popcnt tsc_deadline_timer aes xsave avx f16c rdrand lahf_lm abm ida arat epb xsaveopt pln pts dtherm tpr_shadow vnmi flexpriority ept vpid fsgsbase tsc_adjust bmi1 avx2 smep bmi2 erms invpcid
bogomips	: 4788.50
clflush size	: 64
cache_alignment	: 64
address sizes	: 39 bits physical, 48 bits virtual
power management:

processor	: 1
vendor_id	: GenuineIntel
cpu family	: 6
model		: 69
model name	: Intel(R) Core(TM) i7-4500U CPU @ 1.80GHz
stepping	: 1
microcode	: 0x16
cpu MHz		: 1800.000
cache size	: 4096 KB
physical id	: 0
siblings	: 4
core id		: 0
cpu cores	: 2
apicid		: 1
initial apicid	: 1
fpu		: yes
fpu_exception	: yes
cpuid level	: 13
wp		: yes
flags		: fpu vme de pse tsc msr pae mce cx8 apic sep mtrr pge mca cmov pat pse36 clflush dts acpi mmx fxsr sse sse2 ss ht tm pbe syscall nx pdpe1gb rdtscp lm constant_tsc arch_perfmon pebs bts rep_good nopl xtopology nonstop_tsc aperfmperf eagerfpu pni pclmulqdq dtes64 monitor ds_cpl vmx est tm2 ssse3 fma cx16 xtpr pdcm pcid sse4_1 sse4_2 movbe popcnt tsc_deadline_timer aes xsave avx f16c rdrand lahf_lm abm ida arat epb xsaveopt pln pts dtherm tpr_shadow vnmi flexpriority ept vpid fsgsbase tsc_adjust bmi1 avx2 smep bmi2 erms invpcid
bogomips	: 4788.50
clflush size	: 64
cache_alignment	: 64
address sizes	: 39 bits physical, 48 bits virtual
power management:

processor	: 2
vendor_id	: GenuineIntel
cpu family	: 6
model		: 69
model name	: Intel(R) Core(TM) i7-4500U CPU @ 1.80GHz
stepping	: 1
microcode	: 0x16
cpu MHz		: 1800.000
cache size	: 4096 KB
physical id	: 0
siblings	: 4
core id		: 1
cpu cores	: 2
apicid		: 2
initial apicid	: 2
fpu		: yes
fpu_exception	: yes
cpuid level	: 13
wp		: yes
flags		: fpu vme de pse tsc msr pae mce cx8 apic sep mtrr pge mca cmov pat pse36 clflush dts acpi mmx fxsr sse sse2 ss ht tm pbe syscall nx pdpe1gb rdtscp lm constant_tsc arch_perfmon pebs bts rep_good nopl xtopology nonstop_tsc aperfmperf eagerfpu pni pclmulqdq dtes64 monitor ds_cpl vmx est tm2 ssse3 fma cx16 xtpr pdcm pcid sse4_1 sse4_2 movbe popcnt tsc_deadline_timer aes xsave avx f16c rdrand lahf_lm abm ida arat epb xsaveopt pln pts dtherm tpr_shadow vnmi flexpriority ept vpid fsgsbase tsc_adjust bmi1 avx2 smep bmi2 erms invpcid
bogomips	: 4788.50
clflush size	: 64
cache_alignment	: 64
address sizes	: 39 bits physical, 48 bits virtual
power management:

processor	: 3
vendor_id	: GenuineIntel
cpu family	: 6
model		: 69
model name	: Intel(R) Core(TM) i7-4500U CPU @ 1.80GHz
stepping	: 1
microcode	: 0x16
cpu MHz		: 768.000
cache size	: 4096 KB
physical id	: 0
siblings	: 4
core id		: 1
cpu cores	: 2
apicid		: 3
initial apicid	: 3
fpu		: yes
fpu_exception	: yes
cpuid level	: 13
wp		: yes
flags		: fpu vme de pse tsc msr pae mce cx8 apic sep mtrr pge mca cmov pat pse36 clflush dts acpi mmx fxsr sse sse2 ss ht tm pbe syscall nx pdpe1gb rdtscp lm constant_tsc arch_perfmon pebs bts rep_good nopl xtopology nonstop_tsc aperfmperf eagerfpu pni pclmulqdq dtes64 monitor ds_cpl vmx est tm2 ssse3 fma cx16 xtpr pdcm pcid sse4_1 sse4_2 movbe popcnt tsc_deadline_timer aes xsave avx f16c rdrand lahf_lm abm ida arat epb xsaveopt pln pts dtherm tpr_shadow vnmi flexpriority ept vpid fsgsbase tsc_adjust bmi1 avx2 smep bmi2 erms invpcid
bogomips	: 4788.50
clflush size	: 64
cache_alignment	: 64
address sizes	: 39 bits physical, 48 bits virtual
power management:



Memory: 4k page, physical 7689432k(103044k free), swap 0k(0k free)

vm_info: Java HotSpot(TM) 64-Bit Server VM (24.51-b03) for linux-amd64 JRE (1.7.0_51-b13), built on Dec 18 2013 18:48:01 by "java_re" with gcc 4.3.0 20080428 (Red Hat 4.3.0-8)

time: Tue Nov  4 15:27:32 2014
elapsed time: 0 seconds

