#
# There is insufficient memory for the Java Runtime Environment to continue.
# Native memory allocation (malloc) failed to allocate 1431830528 bytes for committing reserved memory.
# Possible reasons:
#   The system is out of physical RAM or swap space
#   In 32 bit mode, the process size limit was hit
# Possible solutions:
#   Reduce memory load on the system
#   Increase physical memory or swap space
#   Check if swap backing store is full
#   Use 64 bit Java on a 64 bit OS
#   Decrease Java heap size (-Xmx/-Xms)
#   Decrease number of Java threads
#   Decrease Java thread stack sizes (-Xss)
#   Set larger code cache with -XX:ReservedCodeCacheSize=
# This output file may be truncated or incomplete.
#
#  Out of Memory Error (os_linux.cpp:2726), pid=4015, tid=140333759919872
#
# JRE version:  (7.0_51-b13) (build )
# Java VM: Java HotSpot(TM) 64-Bit Server VM (24.51-b03 mixed mode linux-amd64 compressed oops)
# Failed to write core dump. Core dumps have been disabled. To enable core dumping, try "ulimit -c unlimited" before starting Java again
#

---------------  T H R E A D  ---------------

Current thread (0x00007fa1f800a000):  JavaThread "Unknown thread" [_thread_in_vm, id=4060, stack(0x00007fa1ffd8f000,0x00007fa1ffe90000)]

Stack: [0x00007fa1ffd8f000,0x00007fa1ffe90000],  sp=0x00007fa1ffe8e1d0,  free space=1020k
Native frames: (J=compiled Java code, j=interpreted, Vv=VM code, C=native code)
V  [libjvm.so+0x992f4a]  VMError::report_and_die()+0x2ea
V  [libjvm.so+0x4931ab]  report_vm_out_of_memory(char const*, int, unsigned long, char const*)+0x9b
V  [libjvm.so+0x81338e]  os::Linux::commit_memory_impl(char*, unsigned long, bool)+0xfe
V  [libjvm.so+0x81383f]  os::Linux::commit_memory_impl(char*, unsigned long, unsigned long, bool)+0x4f
V  [libjvm.so+0x813a2c]  os::pd_commit_memory(char*, unsigned long, unsigned long, bool)+0xc
V  [libjvm.so+0x80daea]  os::commit_memory(char*, unsigned long, unsigned long, bool)+0x2a
V  [libjvm.so+0x87fcd3]  PSVirtualSpace::expand_by(unsigned long)+0x53
V  [libjvm.so+0x86eaf3]  PSOldGen::initialize(ReservedSpace, unsigned long, char const*, int)+0x103
V  [libjvm.so+0x299043]  AdjoiningGenerations::AdjoiningGenerations(ReservedSpace, unsigned long, unsigned long, unsigned long, unsigned long, unsigned long, unsigned long, unsigned long)+0x3e3
V  [libjvm.so+0x8341e0]  ParallelScavengeHeap::initialize()+0x550
V  [libjvm.so+0x9664ca]  Universe::initialize_heap()+0xca
V  [libjvm.so+0x967699]  universe_init()+0x79
V  [libjvm.so+0x5a9625]  init_globals()+0x65
V  [libjvm.so+0x94ef8d]  Threads::create_vm(JavaVMInitArgs*, bool*)+0x1ed
V  [libjvm.so+0x6307e4]  JNI_CreateJavaVM+0x74
C  [libjli.so+0x2f8e]  JavaMain+0x9e


---------------  P R O C E S S  ---------------

Java Threads: ( => current thread )

Other Threads:

=>0x00007fa1f800a000 (exited) JavaThread "Unknown thread" [_thread_in_vm, id=4060, stack(0x00007fa1ffd8f000,0x00007fa1ffe90000)]

VM state:not at safepoint (not fully initialized)

VM Mutex/Monitor currently owned by a thread: None

GC Heap History (0 events):
No events

Deoptimization events (0 events):
No events

Internal exceptions (0 events):
No events

Events (0 events):
No events


Dynamic libraries:
00400000-00401000 r-xp 00000000 08:03 1585312                            /usr/local/java/jdk1.7.0_51/bin/java
00600000-00601000 rw-p 00000000 08:03 1585312                            /usr/local/java/jdk1.7.0_51/bin/java
023e2000-02403000 rw-p 00000000 00:00 0                                  [heap]
76ff80000-77ff80000 rw-p 00000000 00:00 0 
7d5500000-800000000 rw-p 00000000 00:00 0 
7fa1f5000000-7fa1f5270000 rwxp 00000000 00:00 0 
7fa1f5270000-7fa1f8025000 rw-p 00000000 00:00 0 
7fa1f8025000-7fa1fc000000 ---p 00000000 00:00 0 
7fa1fc9d8000-7fa1fcc1d000 rw-p 00000000 00:00 0 
7fa1fcc1d000-7fa1fcf47000 rw-p 00000000 00:00 0 
7fa1fcf47000-7fa1fd09e000 rw-p 00000000 00:00 0 
7fa1fd09e000-7fa1fd0b8000 r-xp 00000000 08:03 1585045                    /usr/local/java/jdk1.7.0_51/jre/lib/amd64/libzip.so
7fa1fd0b8000-7fa1fd2b8000 ---p 0001a000 08:03 1585045                    /usr/local/java/jdk1.7.0_51/jre/lib/amd64/libzip.so
7fa1fd2b8000-7fa1fd2b9000 rw-p 0001a000 08:03 1585045                    /usr/local/java/jdk1.7.0_51/jre/lib/amd64/libzip.so
7fa1fd2b9000-7fa1fd2c5000 r-xp 00000000 08:03 4587864                    /lib/x86_64-linux-gnu/libnss_files-2.15.so
7fa1fd2c5000-7fa1fd4c4000 ---p 0000c000 08:03 4587864                    /lib/x86_64-linux-gnu/libnss_files-2.15.so
7fa1fd4c4000-7fa1fd4c5000 r--p 0000b000 08:03 4587864                    /lib/x86_64-linux-gnu/libnss_files-2.15.so
7fa1fd4c5000-7fa1fd4c6000 rw-p 0000c000 08:03 4587864                    /lib/x86_64-linux-gnu/libnss_files-2.15.so
7fa1fd4c6000-7fa1fd4d0000 r-xp 00000000 08:03 4587868                    /lib/x86_64-linux-gnu/libnss_nis-2.15.so
7fa1fd4d0000-7fa1fd6d0000 ---p 0000a000 08:03 4587868                    /lib/x86_64-linux-gnu/libnss_nis-2.15.so
7fa1fd6d0000-7fa1fd6d1000 r--p 0000a000 08:03 4587868                    /lib/x86_64-linux-gnu/libnss_nis-2.15.so
7fa1fd6d1000-7fa1fd6d2000 rw-p 0000b000 08:03 4587868                    /lib/x86_64-linux-gnu/libnss_nis-2.15.so
7fa1fd6d2000-7fa1fd6e9000 r-xp 00000000 08:03 4587880                    /lib/x86_64-linux-gnu/libnsl-2.15.so
7fa1fd6e9000-7fa1fd8e8000 ---p 00017000 08:03 4587880                    /lib/x86_64-linux-gnu/libnsl-2.15.so
7fa1fd8e8000-7fa1fd8e9000 r--p 00016000 08:03 4587880                    /lib/x86_64-linux-gnu/libnsl-2.15.so
7fa1fd8e9000-7fa1fd8ea000 rw-p 00017000 08:03 4587880                    /lib/x86_64-linux-gnu/libnsl-2.15.so
7fa1fd8ea000-7fa1fd8ec000 rw-p 00000000 00:00 0 
7fa1fd8ec000-7fa1fd8f4000 r-xp 00000000 08:03 4587862                    /lib/x86_64-linux-gnu/libnss_compat-2.15.so
7fa1fd8f4000-7fa1fdaf3000 ---p 00008000 08:03 4587862                    /lib/x86_64-linux-gnu/libnss_compat-2.15.so
7fa1fdaf3000-7fa1fdaf4000 r--p 00007000 08:03 4587862                    /lib/x86_64-linux-gnu/libnss_compat-2.15.so
7fa1fdaf4000-7fa1fdaf5000 rw-p 00008000 08:03 4587862                    /lib/x86_64-linux-gnu/libnss_compat-2.15.so
7fa1fdaf5000-7fa1fdb1e000 r-xp 00000000 08:03 1585027                    /usr/local/java/jdk1.7.0_51/jre/lib/amd64/libjava.so
7fa1fdb1e000-7fa1fdd1e000 ---p 00029000 08:03 1585027                    /usr/local/java/jdk1.7.0_51/jre/lib/amd64/libjava.so
7fa1fdd1e000-7fa1fdd20000 rw-p 00029000 08:03 1585027                    /usr/local/java/jdk1.7.0_51/jre/lib/amd64/libjava.so
7fa1fdd20000-7fa1fdd2d000 r-xp 00000000 08:03 1585064                    /usr/local/java/jdk1.7.0_51/jre/lib/amd64/libverify.so
7fa1fdd2d000-7fa1fdf2c000 ---p 0000d000 08:03 1585064                    /usr/local/java/jdk1.7.0_51/jre/lib/amd64/libverify.so
7fa1fdf2c000-7fa1fdf2e000 rw-p 0000c000 08:03 1585064                    /usr/local/java/jdk1.7.0_51/jre/lib/amd64/libverify.so
7fa1fdf2e000-7fa1fdf35000 r-xp 00000000 08:03 4587867                    /lib/x86_64-linux-gnu/librt-2.15.so
7fa1fdf35000-7fa1fe134000 ---p 00007000 08:03 4587867                    /lib/x86_64-linux-gnu/librt-2.15.so
7fa1fe134000-7fa1fe135000 r--p 00006000 08:03 4587867                    /lib/x86_64-linux-gnu/librt-2.15.so
7fa1fe135000-7fa1fe136000 rw-p 00007000 08:03 4587867                    /lib/x86_64-linux-gnu/librt-2.15.so
7fa1fe136000-7fa1fe231000 r-xp 00000000 08:03 4587871                    /lib/x86_64-linux-gnu/libm-2.15.so
7fa1fe231000-7fa1fe430000 ---p 000fb000 08:03 4587871                    /lib/x86_64-linux-gnu/libm-2.15.so
7fa1fe430000-7fa1fe431000 r--p 000fa000 08:03 4587871                    /lib/x86_64-linux-gnu/libm-2.15.so
7fa1fe431000-7fa1fe432000 rw-p 000fb000 08:03 4587871                    /lib/x86_64-linux-gnu/libm-2.15.so
7fa1fe432000-7fa1fef94000 r-xp 00000000 08:03 1585038                    /usr/local/java/jdk1.7.0_51/jre/lib/amd64/server/libjvm.so
7fa1fef94000-7fa1ff194000 ---p 00b62000 08:03 1585038                    /usr/local/java/jdk1.7.0_51/jre/lib/amd64/server/libjvm.so
7fa1ff194000-7fa1ff257000 rw-p 00b62000 08:03 1585038                    /usr/local/java/jdk1.7.0_51/jre/lib/amd64/server/libjvm.so
7fa1ff257000-7fa1ff298000 rw-p 00000000 00:00 0 
7fa1ff298000-7fa1ff44d000 r-xp 00000000 08:03 4587543                    /lib/x86_64-linux-gnu/libc-2.15.so
7fa1ff44d000-7fa1ff64d000 ---p 001b5000 08:03 4587543                    /lib/x86_64-linux-gnu/libc-2.15.so
7fa1ff64d000-7fa1ff651000 r--p 001b5000 08:03 4587543                    /lib/x86_64-linux-gnu/libc-2.15.so
7fa1ff651000-7fa1ff653000 rw-p 001b9000 08:03 4587543                    /lib/x86_64-linux-gnu/libc-2.15.so
7fa1ff653000-7fa1ff658000 rw-p 00000000 00:00 0 
7fa1ff658000-7fa1ff65a000 r-xp 00000000 08:03 4587875                    /lib/x86_64-linux-gnu/libdl-2.15.so
7fa1ff65a000-7fa1ff85a000 ---p 00002000 08:03 4587875                    /lib/x86_64-linux-gnu/libdl-2.15.so
7fa1ff85a000-7fa1ff85b000 r--p 00002000 08:03 4587875                    /lib/x86_64-linux-gnu/libdl-2.15.so
7fa1ff85b000-7fa1ff85c000 rw-p 00003000 08:03 4587875                    /lib/x86_64-linux-gnu/libdl-2.15.so
7fa1ff85c000-7fa1ff872000 r-xp 00000000 08:03 1583823                    /usr/local/java/jdk1.7.0_51/lib/amd64/jli/libjli.so
7fa1ff872000-7fa1ffa72000 ---p 00016000 08:03 1583823                    /usr/local/java/jdk1.7.0_51/lib/amd64/jli/libjli.so
7fa1ffa72000-7fa1ffa73000 rw-p 00016000 08:03 1583823                    /usr/local/java/jdk1.7.0_51/lib/amd64/jli/libjli.so
7fa1ffa73000-7fa1ffa8b000 r-xp 00000000 08:03 4587869                    /lib/x86_64-linux-gnu/libpthread-2.15.so
7fa1ffa8b000-7fa1ffc8a000 ---p 00018000 08:03 4587869                    /lib/x86_64-linux-gnu/libpthread-2.15.so
7fa1ffc8a000-7fa1ffc8b000 r--p 00017000 08:03 4587869                    /lib/x86_64-linux-gnu/libpthread-2.15.so
7fa1ffc8b000-7fa1ffc8c000 rw-p 00018000 08:03 4587869                    /lib/x86_64-linux-gnu/libpthread-2.15.so
7fa1ffc8c000-7fa1ffc90000 rw-p 00000000 00:00 0 
7fa1ffc90000-7fa1ffcb2000 r-xp 00000000 08:03 4587872                    /lib/x86_64-linux-gnu/ld-2.15.so
7fa1ffccf000-7fa1ffcd9000 rw-p 00000000 00:00 0 
7fa1ffcd9000-7fa1ffd8f000 rw-p 00000000 00:00 0 
7fa1ffd8f000-7fa1ffd92000 ---p 00000000 00:00 0 
7fa1ffd92000-7fa1ffe94000 rw-p 00000000 00:00 0                          [stack:4060]
7fa1ffea4000-7fa1ffea6000 rw-p 00000000 00:00 0 
7fa1ffea6000-7fa1ffeae000 rw-s 00000000 08:03 1846062                    /tmp/hsperfdata_florian/4015
7fa1ffeae000-7fa1ffeaf000 rw-p 00000000 00:00 0 
7fa1ffeaf000-7fa1ffeb0000 r--p 00000000 00:00 0 
7fa1ffeb0000-7fa1ffeb2000 rw-p 00000000 00:00 0 
7fa1ffeb2000-7fa1ffeb3000 r--p 00022000 08:03 4587872                    /lib/x86_64-linux-gnu/ld-2.15.so
7fa1ffeb3000-7fa1ffeb5000 rw-p 00023000 08:03 4587872                    /lib/x86_64-linux-gnu/ld-2.15.so
7fff15c0a000-7fff15c2b000 rw-p 00000000 00:00 0                          [stack]
7fff15dbb000-7fff15dbc000 r-xp 00000000 00:00 0                          [vdso]
ffffffffff600000-ffffffffff601000 r-xp 00000000 00:00 0                  [vsyscall]

VM Arguments:
jvm_args: -Dactivator.home=/home/florian/activator-1.2.2 -Xms2048m -Xmx2048m -XX:PermSize=256m -XX:MaxPermSize=256m 
java_command: /home/florian/activator-1.2.2/activator-launch-1.2.2.jar
Launcher Type: SUN_STANDARD

Environment Variables:
JAVA_HOME=/usr/local/java/jdk1.7.0_51
PATH=/home/florian/.rvm/gems/ruby-2.1.2/bin:/home/florian/.rvm/gems/ruby-2.1.2@global/bin:/home/florian/.rvm/rubies/ruby-2.1.2/bin:/usr/local/heroku/bin:/usr/lib/lightdm/lightdm:/usr/local/sbin:/usr/local/bin:/usr/sbin:/usr/bin:/sbin:/bin:/usr/games:/home/florian/bin:/usr/local/java/jdk1.7.0_51/bin:/home/florian/maven3/bin:/home/florian/.rvm/bin:/home/florian/maven3/bin:/home/florian/maven3/bin:/home/jcarton/activator-1.2.2/activator:/home/florian/.rvm/bin
SHELL=/bin/bash
DISPLAY=:0.0

Signal Handlers:
SIGSEGV: [libjvm.so+0x993870], sa_mask[0]=0x7ffbfeff, sa_flags=0x10000004
SIGBUS: [libjvm.so+0x993870], sa_mask[0]=0x7ffbfeff, sa_flags=0x10000004
SIGFPE: [libjvm.so+0x8105b0], sa_mask[0]=0x7ffbfeff, sa_flags=0x10000004
SIGPIPE: [libjvm.so+0x8105b0], sa_mask[0]=0x7ffbfeff, sa_flags=0x10000004
SIGXFSZ: [libjvm.so+0x8105b0], sa_mask[0]=0x7ffbfeff, sa_flags=0x10000004
SIGILL: [libjvm.so+0x8105b0], sa_mask[0]=0x7ffbfeff, sa_flags=0x10000004
SIGUSR1: SIG_DFL, sa_mask[0]=0x00000000, sa_flags=0x00000000
SIGUSR2: [libjvm.so+0x811aa0], sa_mask[0]=0x00000000, sa_flags=0x10000004
SIGHUP: SIG_DFL, sa_mask[0]=0x00000000, sa_flags=0x00000000
SIGINT: SIG_DFL, sa_mask[0]=0x00000000, sa_flags=0x00000000
SIGTERM: SIG_DFL, sa_mask[0]=0x00000000, sa_flags=0x00000000
SIGQUIT: SIG_DFL, sa_mask[0]=0x00000000, sa_flags=0x00000000


---------------  S Y S T E M  ---------------

OS:wheezy/sid

uname:Linux 3.5.0-45-generic #68~precise1-Ubuntu SMP Wed Dec 4 16:18:46 UTC 2013 x86_64
libc:glibc 2.15 NPTL 2.15 
rlimit: STACK 8192k, CORE 0k, NPROC 59883, NOFILE 4096, AS infinity
load average:2.38 1.09 0.72

/proc/meminfo:
MemTotal:        7690676 kB
MemFree:          136688 kB
Buffers:           31408 kB
Cached:          1535976 kB
SwapCached:            0 kB
Active:          6285132 kB
Inactive:         966248 kB
Active(anon):    5979064 kB
Inactive(anon):   456088 kB
Active(file):     306068 kB
Inactive(file):   510160 kB
Unevictable:           0 kB
Mlocked:               0 kB
SwapTotal:             0 kB
SwapFree:              0 kB
Dirty:             12080 kB
Writeback:             0 kB
AnonPages:       5685048 kB
Mapped:           270868 kB
Shmem:            750692 kB
Slab:             133480 kB
SReclaimable:      62744 kB
SUnreclaim:        70736 kB
KernelStack:        7584 kB
PageTables:        64264 kB
NFS_Unstable:          0 kB
Bounce:                0 kB
WritebackTmp:          0 kB
CommitLimit:     3845336 kB
Committed_AS:   11823040 kB
VmallocTotal:   34359738367 kB
VmallocUsed:      368228 kB
VmallocChunk:   34359359064 kB
HardwareCorrupted:     0 kB
AnonHugePages:         0 kB
HugePages_Total:       0
HugePages_Free:        0
HugePages_Rsvd:        0
HugePages_Surp:        0
Hugepagesize:       2048 kB
DirectMap4k:       74216 kB
DirectMap2M:     1529856 kB
DirectMap1G:     6291456 kB


CPU:total 4 (2 cores per cpu, 2 threads per core) family 6 model 69 stepping 1, cmov, cx8, fxsr, mmx, sse, sse2, sse3, ssse3, sse4.1, sse4.2, popcnt, avx, avx2, aes, erms, ht, tsc, tscinvbit

/proc/cpuinfo:
processor	: 0
vendor_id	: GenuineIntel
cpu family	: 6
model		: 69
model name	: Intel(R) Core(TM) i7-4500U CPU @ 1.80GHz
stepping	: 1
microcode	: 0x16
cpu MHz		: 1800.000
cache size	: 4096 KB
physical id	: 0
siblings	: 4
core id		: 0
cpu cores	: 2
apicid		: 0
initial apicid	: 0
fpu		: yes
fpu_exception	: yes
cpuid level	: 13
wp		: yes
flags		: fpu vme de pse tsc msr pae mce cx8 apic sep mtrr pge mca cmov pat pse36 clflush dts acpi mmx fxsr sse sse2 ss ht tm pbe syscall nx pdpe1gb rdtscp lm constant_tsc arch_perfmon pebs bts rep_good nopl xtopology nonstop_tsc aperfmperf pni pclmulqdq dtes64 monitor ds_cpl vmx est tm2 ssse3 fma cx16 xtpr pdcm pcid sse4_1 sse4_2 movbe popcnt tsc_deadline_timer aes xsave avx f16c rdrand lahf_lm abm ida arat epb xsaveopt pln pts dtherm tpr_shadow vnmi flexpriority ept vpid fsgsbase bmi1 avx2 smep bmi2 erms invpcid
bogomips	: 4788.60
clflush size	: 64
cache_alignment	: 64
address sizes	: 39 bits physical, 48 bits virtual
power management:

processor	: 1
vendor_id	: GenuineIntel
cpu family	: 6
model		: 69
model name	: Intel(R) Core(TM) i7-4500U CPU @ 1.80GHz
stepping	: 1
microcode	: 0x16
cpu MHz		: 1800.000
cache size	: 4096 KB
physical id	: 0
siblings	: 4
core id		: 0
cpu cores	: 2
apicid		: 1
initial apicid	: 1
fpu		: yes
fpu_exception	: yes
cpuid level	: 13
wp		: yes
flags		: fpu vme de pse tsc msr pae mce cx8 apic sep mtrr pge mca cmov pat pse36 clflush dts acpi mmx fxsr sse sse2 ss ht tm pbe syscall nx pdpe1gb rdtscp lm constant_tsc arch_perfmon pebs bts rep_good nopl xtopology nonstop_tsc aperfmperf pni pclmulqdq dtes64 monitor ds_cpl vmx est tm2 ssse3 fma cx16 xtpr pdcm pcid sse4_1 sse4_2 movbe popcnt tsc_deadline_timer aes xsave avx f16c rdrand lahf_lm abm arat epb xsaveopt pln pts dtherm tpr_shadow vnmi flexpriority ept vpid fsgsbase bmi1 avx2 smep bmi2 erms invpcid
bogomips	: 4788.60
clflush size	: 64
cache_alignment	: 64
address sizes	: 39 bits physical, 48 bits virtual
power management:

processor	: 2
vendor_id	: GenuineIntel
cpu family	: 6
model		: 69
model name	: Intel(R) Core(TM) i7-4500U CPU @ 1.80GHz
stepping	: 1
microcode	: 0x16
cpu MHz		: 1800.000
cache size	: 4096 KB
physical id	: 0
siblings	: 4
core id		: 1
cpu cores	: 2
apicid		: 2
initial apicid	: 2
fpu		: yes
fpu_exception	: yes
cpuid level	: 13
wp		: yes
flags		: fpu vme de pse tsc msr pae mce cx8 apic sep mtrr pge mca cmov pat pse36 clflush dts acpi mmx fxsr sse sse2 ss ht tm pbe syscall nx pdpe1gb rdtscp lm constant_tsc arch_perfmon pebs bts rep_good nopl xtopology nonstop_tsc aperfmperf pni pclmulqdq dtes64 monitor ds_cpl vmx est tm2 ssse3 fma cx16 xtpr pdcm pcid sse4_1 sse4_2 movbe popcnt tsc_deadline_timer aes xsave avx f16c rdrand lahf_lm abm arat epb xsaveopt pln pts dtherm tpr_shadow vnmi flexpriority ept vpid fsgsbase bmi1 avx2 smep bmi2 erms invpcid
bogomips	: 4788.60
clflush size	: 64
cache_alignment	: 64
address sizes	: 39 bits physical, 48 bits virtual
power management:

processor	: 3
vendor_id	: GenuineIntel
cpu family	: 6
model		: 69
model name	: Intel(R) Core(TM) i7-4500U CPU @ 1.80GHz
stepping	: 1
microcode	: 0x16
cpu MHz		: 1800.000
cache size	: 4096 KB
physical id	: 0
siblings	: 4
core id		: 1
cpu cores	: 2
apicid		: 3
initial apicid	: 3
fpu		: yes
fpu_exception	: yes
cpuid level	: 13
wp		: yes
flags		: fpu vme de pse tsc msr pae mce cx8 apic sep mtrr pge mca cmov pat pse36 clflush dts acpi mmx fxsr sse sse2 ss ht tm pbe syscall nx pdpe1gb rdtscp lm constant_tsc arch_perfmon pebs bts rep_good nopl xtopology nonstop_tsc aperfmperf pni pclmulqdq dtes64 monitor ds_cpl vmx est tm2 ssse3 fma cx16 xtpr pdcm pcid sse4_1 sse4_2 movbe popcnt tsc_deadline_timer aes xsave avx f16c rdrand lahf_lm abm arat epb xsaveopt pln pts dtherm tpr_shadow vnmi flexpriority ept vpid fsgsbase bmi1 avx2 smep bmi2 erms invpcid
bogomips	: 4788.60
clflush size	: 64
cache_alignment	: 64
address sizes	: 39 bits physical, 48 bits virtual
power management:



Memory: 4k page, physical 7690676k(136688k free), swap 0k(0k free)

vm_info: Java HotSpot(TM) 64-Bit Server VM (24.51-b03) for linux-amd64 JRE (1.7.0_51-b13), built on Dec 18 2013 18:48:01 by "java_re" with gcc 4.3.0 20080428 (Red Hat 4.3.0-8)

time: Wed Aug  6 09:40:44 2014
elapsed time: 0 seconds

