#
# There is insufficient memory for the Java Runtime Environment to continue.
# Native memory allocation (malloc) failed to allocate 35651584 bytes for committing reserved memory.
# Possible reasons:
#   The system is out of physical RAM or swap space
#   In 32 bit mode, the process size limit was hit
# Possible solutions:
#   Reduce memory load on the system
#   Increase physical memory or swap space
#   Check if swap backing store is full
#   Use 64 bit Java on a 64 bit OS
#   Decrease Java heap size (-Xmx/-Xms)
#   Decrease number of Java threads
#   Decrease Java thread stack sizes (-Xss)
#   Set larger code cache with -XX:ReservedCodeCacheSize=
# This output file may be truncated or incomplete.
#
#  Out of Memory Error (os_linux.cpp:2726), pid=15664, tid=140362940098304
#
# JRE version: Java(TM) SE Runtime Environment (7.0_51-b13) (build 1.7.0_51-b13)
# Java VM: Java HotSpot(TM) 64-Bit Server VM (24.51-b03 mixed mode linux-amd64 compressed oops)
# Failed to write core dump. Core dumps have been disabled. To enable core dumping, try "ulimit -c unlimited" before starting Java again
#

---------------  T H R E A D  ---------------

Current thread (0x00007fa8dc069800):  VMThread [stack: 0x00007fa8cb1f2000,0x00007fa8cb2f3000] [id=15674]

Stack: [0x00007fa8cb1f2000,0x00007fa8cb2f3000],  sp=0x00007fa8cb2f1190,  free space=1020k
Native frames: (J=compiled Java code, j=interpreted, Vv=VM code, C=native code)
V  [libjvm.so+0x992f4a]  VMError::report_and_die()+0x2ea
V  [libjvm.so+0x4931ab]  report_vm_out_of_memory(char const*, int, unsigned long, char const*)+0x9b
V  [libjvm.so+0x81338e]  os::Linux::commit_memory_impl(char*, unsigned long, bool)+0xfe
V  [libjvm.so+0x81383f]  os::Linux::commit_memory_impl(char*, unsigned long, unsigned long, bool)+0x4f
V  [libjvm.so+0x813a2c]  os::pd_commit_memory(char*, unsigned long, unsigned long, bool)+0xc
V  [libjvm.so+0x80daea]  os::commit_memory(char*, unsigned long, unsigned long, bool)+0x2a
V  [libjvm.so+0x87fcd3]  PSVirtualSpace::expand_by(unsigned long)+0x53
V  [libjvm.so+0x8810a8]  PSYoungGen::resize_generation(unsigned long, unsigned long)+0xf8
V  [libjvm.so+0x880212]  PSYoungGen::resize(unsigned long, unsigned long)+0x22
V  [libjvm.so+0x87d6ab]  PSScavenge::invoke_no_policy()+0xf3b
V  [libjvm.so+0x87de11]  PSScavenge::invoke()+0x41
V  [libjvm.so+0x834f10]  ParallelScavengeHeap::failed_mem_allocate(unsigned long)+0x70
V  [libjvm.so+0x9947e7]  VM_ParallelGCFailedAllocation::doit()+0x97
V  [libjvm.so+0x99bc15]  VM_Operation::evaluate()+0x55
V  [libjvm.so+0x99a04a]  VMThread::evaluate_operation(VM_Operation*)+0xba
V  [libjvm.so+0x99a3ce]  VMThread::loop()+0x1ce
V  [libjvm.so+0x99a840]  VMThread::run()+0x70
V  [libjvm.so+0x815538]  java_start(Thread*)+0x108

VM_Operation (0x00007fa8e2f88a90): ParallelGCFailedAllocation, mode: safepoint, requested by thread 0x00007fa8dc00a000


---------------  P R O C E S S  ---------------

Java Threads: ( => current thread )
  0x00007fa8dc096800 JavaThread "Service Thread" daemon [_thread_blocked, id=15680, stack(0x00007fa8ca67c000,0x00007fa8ca77d000)]
  0x00007fa8dc094000 JavaThread "C2 CompilerThread1" daemon [_thread_blocked, id=15679, stack(0x00007fa8ca77d000,0x00007fa8ca87e000)]
  0x00007fa8dc091000 JavaThread "C2 CompilerThread0" daemon [_thread_blocked, id=15678, stack(0x00007fa8ca87e000,0x00007fa8ca97f000)]
  0x00007fa8dc086800 JavaThread "Signal Dispatcher" daemon [_thread_blocked, id=15677, stack(0x00007fa8ca97f000,0x00007fa8caa80000)]
  0x00007fa8dc070000 JavaThread "Finalizer" daemon [_thread_blocked, id=15676, stack(0x00007fa8caff0000,0x00007fa8cb0f1000)]
  0x00007fa8dc06c000 JavaThread "Reference Handler" daemon [_thread_blocked, id=15675, stack(0x00007fa8cb0f1000,0x00007fa8cb1f2000)]
  0x00007fa8dc00a000 JavaThread "main" [_thread_blocked, id=15669, stack(0x00007fa8e2e8a000,0x00007fa8e2f8b000)]

Other Threads:
=>0x00007fa8dc069800 VMThread [stack: 0x00007fa8cb1f2000,0x00007fa8cb2f3000] [id=15674]
  0x00007fa8dc0a9000 WatcherThread [stack: 0x00007fa8ca57b000,0x00007fa8ca67c000] [id=15681]

VM state:at safepoint (normal execution)

VM Mutex/Monitor currently owned by a thread:  ([mutex/lock_event])
[0x00007fa8dc0060c0] Threads_lock - owner thread: 0x00007fa8dc069800
[0x00007fa8dc0065c0] Heap_lock - owner thread: 0x00007fa8dc00a000

Heap
 PSYoungGen      total 27136K, used 2551K [0x00000000d8e00000, 0x00000000dab00000, 0x0000000100000000)
  eden space 24576K, 0% used [0x00000000d8e00000,0x00000000d8e00000,0x00000000da600000)
  from space 2560K, 99% used [0x00000000da600000,0x00000000da87dc10,0x00000000da880000)
  to   space 2560K, 0% used [0x00000000da880000,0x00000000da880000,0x00000000dab00000)
 ParOldGen       total 12288K, used 12146K [0x000000008aa00000, 0x000000008b600000, 0x00000000d8e00000)
  object space 12288K, 98% used [0x000000008aa00000,0x000000008b5dc980,0x000000008b600000)
 PSPermGen       total 21504K, used 6352K [0x0000000085800000, 0x0000000086d00000, 0x000000008aa00000)
  object space 21504K, 29% used [0x0000000085800000,0x0000000085e34208,0x0000000086d00000)

Card table byte_map: [0x00007fa8d8c2b000,0x00007fa8d9000000] byte_map_base: 0x00007fa8d87ff000

Polling page: 0x00007fa8e2fb1000

Code Cache  [0x00007fa8d9000000, 0x00007fa8d9270000, 0x00007fa8dc000000)
 total_blobs=344 nmethods=120 adapters=177 free_code_cache=48371Kb largest_free_block=49502528

Compilation events (10 events):
Event: 1,540 Thread 0x00007fa8dc094000 nmethod 116% 0x00007fa8d90af2d0 code [0x00007fa8d90af480, 0x00007fa8d90afe58]
Event: 1,540 Thread 0x00007fa8dc094000  118             java.lang.String::substring (79 bytes)
Event: 1,544 Thread 0x00007fa8dc094000 nmethod 118 0x00007fa8d9097410 code [0x00007fa8d9097580, 0x00007fa8d90978d8]
Event: 1,544 Thread 0x00007fa8dc094000  119             java.util.ComparableTimSort::countRunAndMakeAscending (123 bytes)
Event: 1,557 Thread 0x00007fa8dc091000 nmethod 117 0x00007fa8d90c7a90 code [0x00007fa8d90c7cc0, 0x00007fa8d90c9698]
Event: 1,557 Thread 0x00007fa8dc091000  120             java.util.ComparableTimSort::mergeLo (652 bytes)
Event: 1,564 Thread 0x00007fa8dc094000 nmethod 119 0x00007fa8d90c0a50 code [0x00007fa8d90c0c40, 0x00007fa8d90c1cd8]
Event: 1,564 Thread 0x00007fa8dc094000  121             java.util.ComparableTimSort::binarySort (223 bytes)
Event: 1,571 Thread 0x00007fa8dc094000 nmethod 121 0x00007fa8d90bf810 code [0x00007fa8d90bf9c0, 0x00007fa8d90c0398]
Event: 1,571 Thread 0x00007fa8dc094000  122             java.util.ComparableTimSort::mergeHi (716 bytes)

GC Heap History (10 events):
Event: 0,534 GC heap after
Heap after GC invocations=2 (full 0):
 PSYoungGen      total 6656K, used 480K [0x00000000d8e00000, 0x00000000d9500000, 0x0000000100000000)
  eden space 6144K, 0% used [0x00000000d8e00000,0x00000000d8e00000,0x00000000d9400000)
  from space 512K, 93% used [0x00000000d9480000,0x00000000d94f8020,0x00000000d9500000)
  to   space 512K, 0% used [0x00000000d9400000,0x00000000d9400000,0x00000000d9480000)
 ParOldGen       total 5632K, used 520K [0x000000008aa00000, 0x000000008af80000, 0x00000000d8e00000)
  object space 5632K, 9% used [0x000000008aa00000,0x000000008aa82020,0x000000008af80000)
 PSPermGen       total 21504K, used 4868K [0x0000000085800000, 0x0000000086d00000, 0x000000008aa00000)
  object space 21504K, 22% used [0x0000000085800000,0x0000000085cc1328,0x0000000086d00000)
}
Event: 0,687 GC heap before
{Heap before GC invocations=3 (full 0):
 PSYoungGen      total 6656K, used 6624K [0x00000000d8e00000, 0x00000000d9500000, 0x0000000100000000)
  eden space 6144K, 100% used [0x00000000d8e00000,0x00000000d9400000,0x00000000d9400000)
  from space 512K, 93% used [0x00000000d9480000,0x00000000d94f8020,0x00000000d9500000)
  to   space 512K, 0% used [0x00000000d9400000,0x00000000d9400000,0x00000000d9480000)
 ParOldGen       total 5632K, used 520K [0x000000008aa00000, 0x000000008af80000, 0x00000000d8e00000)
  object space 5632K, 9% used [0x000000008aa00000,0x000000008aa82020,0x000000008af80000)
 PSPermGen       total 21504K, used 5846K [0x0000000085800000, 0x0000000086d00000, 0x000000008aa00000)
  object space 21504K, 27% used [0x0000000085800000,0x0000000085db5b48,0x0000000086d00000)
Event: 0,689 GC heap after
Heap after GC invocations=3 (full 0):
 PSYoungGen      total 6656K, used 503K [0x00000000d8e00000, 0x00000000d9b00000, 0x0000000100000000)
  eden space 6144K, 0% used [0x00000000d8e00000,0x00000000d8e00000,0x00000000d9400000)
  from space 512K, 98% used [0x00000000d9400000,0x00000000d947df58,0x00000000d9480000)
  to   space 512K, 0% used [0x00000000d9a80000,0x00000000d9a80000,0x00000000d9b00000)
 ParOldGen       total 5632K, used 1553K [0x000000008aa00000, 0x000000008af80000, 0x00000000d8e00000)
  object space 5632K, 27% used [0x000000008aa00000,0x000000008ab845c0,0x000000008af80000)
 PSPermGen       total 21504K, used 5846K [0x0000000085800000, 0x0000000086d00000, 0x000000008aa00000)
  object space 21504K, 27% used [0x0000000085800000,0x0000000085db5b48,0x0000000086d00000)
}
Event: 0,769 GC heap before
{Heap before GC invocations=4 (full 0):
 PSYoungGen      total 6656K, used 6637K [0x00000000d8e00000, 0x00000000d9b00000, 0x0000000100000000)
  eden space 6144K, 99% used [0x00000000d8e00000,0x00000000d93fd620,0x00000000d9400000)
  from space 512K, 98% used [0x00000000d9400000,0x00000000d947df58,0x00000000d9480000)
  to   space 512K, 0% used [0x00000000d9a80000,0x00000000d9a80000,0x00000000d9b00000)
 ParOldGen       total 5632K, used 1553K [0x000000008aa00000, 0x000000008af80000, 0x00000000d8e00000)
  object space 5632K, 27% used [0x000000008aa00000,0x000000008ab845c0,0x000000008af80000)
 PSPermGen       total 21504K, used 5856K [0x0000000085800000, 0x0000000086d00000, 0x000000008aa00000)
  object space 21504K, 27% used [0x0000000085800000,0x0000000085db8318,0x0000000086d00000)
Event: 0,775 GC heap after
Heap after GC invocations=4 (full 0):
 PSYoungGen      total 12800K, used 487K [0x00000000d8e00000, 0x00000000d9b00000, 0x0000000100000000)
  eden space 12288K, 0% used [0x00000000d8e00000,0x00000000d8e00000,0x00000000d9a00000)
  from space 512K, 95% used [0x00000000d9a80000,0x00000000d9af9f68,0x00000000d9b00000)
  to   space 512K, 0% used [0x00000000d9a00000,0x00000000d9a00000,0x00000000d9a80000)
 ParOldGen       total 5632K, used 3201K [0x000000008aa00000, 0x000000008af80000, 0x00000000d8e00000)
  object space 5632K, 56% used [0x000000008aa00000,0x000000008ad20528,0x000000008af80000)
 PSPermGen       total 21504K, used 5856K [0x0000000085800000, 0x0000000086d00000, 0x000000008aa00000)
  object space 21504K, 27% used [0x0000000085800000,0x0000000085db8318,0x0000000086d00000)
}
Event: 0,779 GC heap before
{Heap before GC invocations=5 (full 0):
 PSYoungGen      total 12800K, used 12734K [0x00000000d8e00000, 0x00000000d9b00000, 0x0000000100000000)
  eden space 12288K, 99% used [0x00000000d8e00000,0x00000000d99f58a0,0x00000000d9a00000)
  from space 512K, 95% used [0x00000000d9a80000,0x00000000d9af9f68,0x00000000d9b00000)
  to   space 512K, 0% used [0x00000000d9a00000,0x00000000d9a00000,0x00000000d9a80000)
 ParOldGen       total 5632K, used 3201K [0x000000008aa00000, 0x000000008af80000, 0x00000000d8e00000)
  object space 5632K, 56% used [0x000000008aa00000,0x000000008ad20528,0x000000008af80000)
 PSPermGen       total 21504K, used 5856K [0x0000000085800000, 0x0000000086d00000, 0x000000008aa00000)
  object space 21504K, 27% used [0x0000000085800000,0x0000000085db8318,0x0000000086d00000)
Event: 0,780 GC heap after
Heap after GC invocations=5 (full 0):
 PSYoungGen      total 12800K, used 487K [0x00000000d8e00000, 0x00000000dab00000, 0x0000000100000000)
  eden space 12288K, 0% used [0x00000000d8e00000,0x00000000d8e00000,0x00000000d9a00000)
  from space 512K, 95% used [0x00000000d9a00000,0x00000000d9a79f48,0x00000000d9a80000)
  to   space 2560K, 0% used [0x00000000da880000,0x00000000da880000,0x00000000dab00000)
 ParOldGen       total 5632K, used 3268K [0x000000008aa00000, 0x000000008af80000, 0x00000000d8e00000)
  object space 5632K, 58% used [0x000000008aa00000,0x000000008ad311b0,0x000000008af80000)
 PSPermGen       total 21504K, used 5856K [0x0000000085800000, 0x0000000086d00000, 0x000000008aa00000)
  object space 21504K, 27% used [0x0000000085800000,0x0000000085db8318,0x0000000086d00000)
}
Event: 0,800 GC heap before
{Heap before GC invocations=6 (full 0):
 PSYoungGen      total 12800K, used 12775K [0x00000000d8e00000, 0x00000000dab00000, 0x0000000100000000)
  eden space 12288K, 100% used [0x00000000d8e00000,0x00000000d9a00000,0x00000000d9a00000)
  from space 512K, 95% used [0x00000000d9a00000,0x00000000d9a79f48,0x00000000d9a80000)
  to   space 2560K, 0% used [0x00000000da880000,0x00000000da880000,0x00000000dab00000)
 ParOldGen       total 5632K, used 3268K [0x000000008aa00000, 0x000000008af80000, 0x00000000d8e00000)
  object space 5632K, 58% used [0x000000008aa00000,0x000000008ad311b0,0x000000008af80000)
 PSPermGen       total 21504K, used 5856K [0x0000000085800000, 0x0000000086d00000, 0x000000008aa00000)
  object space 21504K, 27% used [0x0000000085800000,0x0000000085db8318,0x0000000086d00000)
Event: 0,802 GC heap after
Heap after GC invocations=6 (full 0):
 PSYoungGen      total 27136K, used 857K [0x00000000d8e00000, 0x00000000dab00000, 0x0000000100000000)
  eden space 24576K, 0% used [0x00000000d8e00000,0x00000000d8e00000,0x00000000da600000)
  from space 2560K, 33% used [0x00000000da880000,0x00000000da9565a0,0x00000000dab00000)
  to   space 2560K, 0% used [0x00000000da600000,0x00000000da600000,0x00000000da880000)
 ParOldGen       total 5632K, used 3268K [0x000000008aa00000, 0x000000008af80000, 0x00000000d8e00000)
  object space 5632K, 58% used [0x000000008aa00000,0x000000008ad311b0,0x000000008af80000)
 PSPermGen       total 21504K, used 5856K [0x0000000085800000, 0x0000000086d00000, 0x000000008aa00000)
  object space 21504K, 27% used [0x0000000085800000,0x0000000085db8318,0x0000000086d00000)
}
Event: 1,589 GC heap before
{Heap before GC invocations=7 (full 0):
 PSYoungGen      total 27136K, used 25433K [0x00000000d8e00000, 0x00000000dab00000, 0x0000000100000000)
  eden space 24576K, 100% used [0x00000000d8e00000,0x00000000da600000,0x00000000da600000)
  from space 2560K, 33% used [0x00000000da880000,0x00000000da9565a0,0x00000000dab00000)
  to   space 2560K, 0% used [0x00000000da600000,0x00000000da600000,0x00000000da880000)
 ParOldGen       total 5632K, used 3268K [0x000000008aa00000, 0x000000008af80000, 0x00000000d8e00000)
  object space 5632K, 58% used [0x000000008aa00000,0x000000008ad311b0,0x000000008af80000)
 PSPermGen       total 21504K, used 6352K [0x0000000085800000, 0x0000000086d00000, 0x000000008aa00000)
  object space 21504K, 29% used [0x0000000085800000,0x0000000085e34208,0x0000000086d00000)

Deoptimization events (10 events):
Event: 1,511 Thread 0x00007fa8dc00a000 Uncommon trap: reason=array_check action=maybe_recompile pc=0x00007fa8d90b98b4 method=java.util.ComparableTimSort.reverseRange([Ljava/lang/Object;II)V @ 20
Event: 1,511 Thread 0x00007fa8dc00a000 Uncommon trap: reason=array_check action=maybe_recompile pc=0x00007fa8d90b98b4 method=java.util.ComparableTimSort.reverseRange([Ljava/lang/Object;II)V @ 20
Event: 1,528 Thread 0x00007fa8dc00a000 Uncommon trap: reason=array_check action=maybe_recompile pc=0x00007fa8d90c636c method=java.util.ComparableTimSort.mergeLo(IIII)V @ 203
Event: 1,528 Thread 0x00007fa8dc00a000 Uncommon trap: reason=array_check action=maybe_recompile pc=0x00007fa8d909e6d8 method=java.util.ComparableTimSort.binarySort([Ljava/lang/Object;III)V @ 183
Event: 1,528 Thread 0x00007fa8dc00a000 Uncommon trap: reason=array_check action=maybe_recompile pc=0x00007fa8d90c63c4 method=java.util.ComparableTimSort.mergeLo(IIII)V @ 236
Event: 1,528 Thread 0x00007fa8dc00a000 Uncommon trap: reason=array_check action=maybe_recompile pc=0x00007fa8d90c636c method=java.util.ComparableTimSort.mergeLo(IIII)V @ 203
Event: 1,559 Thread 0x00007fa8dc00a000 Uncommon trap: reason=array_check action=maybe_recompile pc=0x00007fa8d90c8dbc method=java.util.ComparableTimSort.mergeHi(IIII)V @ 234
Event: 1,559 Thread 0x00007fa8dc00a000 Uncommon trap: reason=array_check action=maybe_recompile pc=0x00007fa8d90c8dbc method=java.util.ComparableTimSort.mergeHi(IIII)V @ 234
Event: 1,572 Thread 0x00007fa8dc00a000 Uncommon trap: reason=array_check action=maybe_recompile pc=0x00007fa8d90c1898 method=java.util.ComparableTimSort.reverseRange([Ljava/lang/Object;II)V @ 27
Event: 1,572 Thread 0x00007fa8dc00a000 Uncommon trap: reason=array_check action=maybe_recompile pc=0x00007fa8d90c1898 method=java.util.ComparableTimSort.reverseRange([Ljava/lang/Object;II)V @ 27

Internal exceptions (10 events):
Event: 1,055 Thread 0x00007fa8dc00a000 Threw 0x00000000d957d4a0 at /HUDSON/workspace/7u-2-build-linux-amd64@2/jdk7u51/527/hotspot/src/share/vm/prims/jvm.cpp:1244
Event: 1,058 Thread 0x00007fa8dc00a000 Threw 0x00000000d95a7260 at /HUDSON/workspace/7u-2-build-linux-amd64@2/jdk7u51/527/hotspot/src/share/vm/prims/jvm.cpp:1244
Event: 1,059 Thread 0x00007fa8dc00a000 Threw 0x00000000d95ab398 at /HUDSON/workspace/7u-2-build-linux-amd64@2/jdk7u51/527/hotspot/src/share/vm/prims/jvm.cpp:1244
Event: 1,121 Thread 0x00007fa8dc00a000 Implicit null exception at 0x00007fa8d908a0d0 to 0x00007fa8d908aafd
Event: 1,270 Thread 0x00007fa8dc00a000 Threw 0x00000000d99f6930 at /HUDSON/workspace/7u-2-build-linux-amd64@2/jdk7u51/527/hotspot/src/share/vm/prims/jni.cpp:717
Event: 1,270 Thread 0x00007fa8dc00a000 Threw 0x00000000d99f7400 at /HUDSON/workspace/7u-2-build-linux-amd64@2/jdk7u51/527/hotspot/src/share/vm/prims/jvm.cpp:1244
Event: 1,275 Thread 0x00007fa8dc00a000 Threw 0x00000000d9a47260 at /HUDSON/workspace/7u-2-build-linux-amd64@2/jdk7u51/527/hotspot/src/share/vm/prims/jni.cpp:717
Event: 1,465 Thread 0x00007fa8dc00a000 Threw 0x00000000da2d5f48 at /HUDSON/workspace/7u-2-build-linux-amd64@2/jdk7u51/527/hotspot/src/share/vm/prims/jni.cpp:717
Event: 1,465 Thread 0x00007fa8dc00a000 Threw 0x00000000da2d6968 at /HUDSON/workspace/7u-2-build-linux-amd64@2/jdk7u51/527/hotspot/src/share/vm/prims/jni.cpp:717
Event: 1,465 Thread 0x00007fa8dc00a000 Threw 0x00000000da2d73d0 at /HUDSON/workspace/7u-2-build-linux-amd64@2/jdk7u51/527/hotspot/src/share/vm/prims/jni.cpp:717

Events (10 events):
Event: 1,559 Thread 0x00007fa8dc00a000 Uncommon trap: trap_request=0xffffffd6 fr.pc=0x00007fa8d90c8dbc
Event: 1,559 Thread 0x00007fa8dc00a000 DEOPT PACKING pc=0x00007fa8d90c8dbc sp=0x00007fa8e2f88950
Event: 1,559 Thread 0x00007fa8dc00a000 DEOPT UNPACKING pc=0x00007fa8d9039445 sp=0x00007fa8e2f88958 mode 2
Event: 1,572 Thread 0x00007fa8dc00a000 Uncommon trap: trap_request=0xffffffd6 fr.pc=0x00007fa8d90c1898
Event: 1,572 Thread 0x00007fa8dc00a000 DEOPT PACKING pc=0x00007fa8d90c1898 sp=0x00007fa8e2f88ac0
Event: 1,572 Thread 0x00007fa8dc00a000 DEOPT UNPACKING pc=0x00007fa8d9039445 sp=0x00007fa8e2f88a20 mode 2
Event: 1,572 Thread 0x00007fa8dc00a000 Uncommon trap: trap_request=0xffffffd6 fr.pc=0x00007fa8d90c1898
Event: 1,572 Thread 0x00007fa8dc00a000 DEOPT PACKING pc=0x00007fa8d90c1898 sp=0x00007fa8e2f88ac0
Event: 1,572 Thread 0x00007fa8dc00a000 DEOPT UNPACKING pc=0x00007fa8d9039445 sp=0x00007fa8e2f88a20 mode 2
Event: 1,586 Executing VM operation: ParallelGCFailedAllocation


Dynamic libraries:
00400000-00401000 r-xp 00000000 08:03 1585325                            /usr/local/java/jdk1.7.0_51/bin/javac
00600000-00601000 rw-p 00000000 08:03 1585325                            /usr/local/java/jdk1.7.0_51/bin/javac
0084a000-0086b000 rw-p 00000000 00:00 0                                  [heap]
85800000-86d00000 rw-p 00000000 00:00 0 
86d00000-8aa00000 rw-p 00000000 00:00 0 
8aa00000-8b600000 rw-p 00000000 00:00 0 
8b600000-d8e00000 rw-p 00000000 00:00 0 
d8e00000-dab00000 rw-p 00000000 00:00 0 
dcd00000-100000000 rw-p 00000000 00:00 0 
7fa89c000000-7fa89c021000 rw-p 00000000 00:00 0 
7fa89c021000-7fa8a0000000 ---p 00000000 00:00 0 
7fa8a4000000-7fa8a4565000 rw-p 00000000 00:00 0 
7fa8a4565000-7fa8a8000000 ---p 00000000 00:00 0 
7fa8a8000000-7fa8a8021000 rw-p 00000000 00:00 0 
7fa8a8021000-7fa8ac000000 ---p 00000000 00:00 0 
7fa8ac000000-7fa8ac021000 rw-p 00000000 00:00 0 
7fa8ac021000-7fa8b0000000 ---p 00000000 00:00 0 
7fa8b0000000-7fa8b0636000 rw-p 00000000 00:00 0 
7fa8b0636000-7fa8b4000000 ---p 00000000 00:00 0 
7fa8b4000000-7fa8b4021000 rw-p 00000000 00:00 0 
7fa8b4021000-7fa8b8000000 ---p 00000000 00:00 0 
7fa8b8000000-7fa8b8021000 rw-p 00000000 00:00 0 
7fa8b8021000-7fa8bc000000 ---p 00000000 00:00 0 
7fa8bc000000-7fa8bc021000 rw-p 00000000 00:00 0 
7fa8bc021000-7fa8c0000000 ---p 00000000 00:00 0 
7fa8c0000000-7fa8c0021000 rw-p 00000000 00:00 0 
7fa8c0021000-7fa8c4000000 ---p 00000000 00:00 0 
7fa8c4000000-7fa8c4021000 rw-p 00000000 00:00 0 
7fa8c4021000-7fa8c8000000 ---p 00000000 00:00 0 
7fa8ca2a6000-7fa8ca4eb000 rw-p 00000000 00:00 0 
7fa8ca4eb000-7fa8ca511000 r--p 00000000 08:03 2365509                    /usr/share/locale-langpack/fr/LC_MESSAGES/libc.mo
7fa8ca511000-7fa8ca57b000 r--s 00e1b000 08:03 1573757                    /usr/local/java/jdk1.7.0_51/lib/tools.jar
7fa8ca57b000-7fa8ca57c000 ---p 00000000 00:00 0 
7fa8ca57c000-7fa8ca67c000 rw-p 00000000 00:00 0                          [stack:15681]
7fa8ca67c000-7fa8ca67f000 ---p 00000000 00:00 0 
7fa8ca67f000-7fa8ca77d000 rw-p 00000000 00:00 0                          [stack:15680]
7fa8ca77d000-7fa8ca780000 ---p 00000000 00:00 0 
7fa8ca780000-7fa8ca87e000 rw-p 00000000 00:00 0                          [stack:15679]
7fa8ca87e000-7fa8ca881000 ---p 00000000 00:00 0 
7fa8ca881000-7fa8ca97f000 rw-p 00000000 00:00 0                          [stack:15678]
7fa8ca97f000-7fa8ca982000 ---p 00000000 00:00 0 
7fa8ca982000-7fa8caa80000 rw-p 00000000 00:00 0                          [stack:15677]
7fa8caa80000-7fa8caff0000 r--p 00000000 08:03 1590696                    /usr/lib/locale/locale-archive
7fa8caff0000-7fa8caff3000 ---p 00000000 00:00 0 
7fa8caff3000-7fa8cb0f1000 rw-p 00000000 00:00 0                          [stack:15676]
7fa8cb0f1000-7fa8cb0f4000 ---p 00000000 00:00 0 
7fa8cb0f4000-7fa8cb1f2000 rw-p 00000000 00:00 0                          [stack:15675]
7fa8cb1f2000-7fa8cb1f3000 ---p 00000000 00:00 0 
7fa8cb1f3000-7fa8cc000000 rw-p 00000000 00:00 0                          [stack:15674]
7fa8cc000000-7fa8cc021000 rw-p 00000000 00:00 0 
7fa8cc021000-7fa8d0000000 ---p 00000000 00:00 0 
7fa8d0019000-7fa8d4000000 rw-p 00000000 00:00 0 
7fa8d4000000-7fa8d4021000 rw-p 00000000 00:00 0 
7fa8d4021000-7fa8d8000000 ---p 00000000 00:00 0 
7fa8d8009000-7fa8d8054000 rw-p 00000000 00:00 0 
7fa8d8054000-7fa8d8211000 r--s 039bf000 08:03 1585020                    /usr/local/java/jdk1.7.0_51/jre/lib/rt.jar
7fa8d8211000-7fa8d86b6000 rw-p 00000000 00:00 0 
7fa8d86b6000-7fa8d86b7000 ---p 00000000 00:00 0 
7fa8d86b7000-7fa8d87b7000 rw-p 00000000 00:00 0                          [stack:15673]
7fa8d87b7000-7fa8d87b8000 ---p 00000000 00:00 0 
7fa8d87b8000-7fa8d88b8000 rw-p 00000000 00:00 0                          [stack:15672]
7fa8d88b8000-7fa8d88b9000 ---p 00000000 00:00 0 
7fa8d88b9000-7fa8d89bf000 rw-p 00000000 00:00 0                          [stack:15671]
7fa8d89bf000-7fa8d8c2b000 rw-p 00000000 00:00 0 
7fa8d8c2b000-7fa8d8c36000 rw-p 00000000 00:00 0 
7fa8d8c36000-7fa8d8c54000 rw-p 00000000 00:00 0 
7fa8d8c54000-7fa8d8c5a000 rw-p 00000000 00:00 0 
7fa8d8c5a000-7fa8d8ec6000 rw-p 00000000 00:00 0 
7fa8d8ec6000-7fa8d8ed5000 rw-p 00000000 00:00 0 
7fa8d8ed5000-7fa8d8fff000 rw-p 00000000 00:00 0 
7fa8d8fff000-7fa8d9000000 rw-p 00000000 00:00 0 
7fa8d9000000-7fa8d9270000 rwxp 00000000 00:00 0 
7fa8d9270000-7fa8dc64b000 rw-p 00000000 00:00 0 
7fa8dc64b000-7fa8e0000000 ---p 00000000 00:00 0 
7fa8e0016000-7fa8e0065000 rw-p 00000000 00:00 0 
7fa8e0065000-7fa8e0066000 ---p 00000000 00:00 0 
7fa8e0066000-7fa8e0171000 rw-p 00000000 00:00 0                          [stack:15670]
7fa8e0171000-7fa8e018f000 rw-p 00000000 00:00 0 
7fa8e018f000-7fa8e01a9000 r-xp 00000000 08:03 1585045                    /usr/local/java/jdk1.7.0_51/jre/lib/amd64/libzip.so
7fa8e01a9000-7fa8e03a9000 ---p 0001a000 08:03 1585045                    /usr/local/java/jdk1.7.0_51/jre/lib/amd64/libzip.so
7fa8e03a9000-7fa8e03aa000 rw-p 0001a000 08:03 1585045                    /usr/local/java/jdk1.7.0_51/jre/lib/amd64/libzip.so
7fa8e03aa000-7fa8e03b5000 r-xp 00000000 08:03 4592658                    /lib/x86_64-linux-gnu/libnss_files-2.19.so
7fa8e03b5000-7fa8e05b4000 ---p 0000b000 08:03 4592658                    /lib/x86_64-linux-gnu/libnss_files-2.19.so
7fa8e05b4000-7fa8e05b5000 r--p 0000a000 08:03 4592658                    /lib/x86_64-linux-gnu/libnss_files-2.19.so
7fa8e05b5000-7fa8e05b6000 rw-p 0000b000 08:03 4592658                    /lib/x86_64-linux-gnu/libnss_files-2.19.so
7fa8e05b6000-7fa8e05c1000 r-xp 00000000 08:03 4592659                    /lib/x86_64-linux-gnu/libnss_nis-2.19.so
7fa8e05c1000-7fa8e07c0000 ---p 0000b000 08:03 4592659                    /lib/x86_64-linux-gnu/libnss_nis-2.19.so
7fa8e07c0000-7fa8e07c1000 r--p 0000a000 08:03 4592659                    /lib/x86_64-linux-gnu/libnss_nis-2.19.so
7fa8e07c1000-7fa8e07c2000 rw-p 0000b000 08:03 4592659                    /lib/x86_64-linux-gnu/libnss_nis-2.19.so
7fa8e07c2000-7fa8e07d9000 r-xp 00000000 08:03 4592319                    /lib/x86_64-linux-gnu/libnsl-2.19.so
7fa8e07d9000-7fa8e09d8000 ---p 00017000 08:03 4592319                    /lib/x86_64-linux-gnu/libnsl-2.19.so
7fa8e09d8000-7fa8e09d9000 r--p 00016000 08:03 4592319                    /lib/x86_64-linux-gnu/libnsl-2.19.so
7fa8e09d9000-7fa8e09da000 rw-p 00017000 08:03 4592319                    /lib/x86_64-linux-gnu/libnsl-2.19.so
7fa8e09da000-7fa8e09dc000 rw-p 00000000 00:00 0 
7fa8e09dc000-7fa8e09e5000 r-xp 00000000 08:03 4592316                    /lib/x86_64-linux-gnu/libnss_compat-2.19.so
7fa8e09e5000-7fa8e0be4000 ---p 00009000 08:03 4592316                    /lib/x86_64-linux-gnu/libnss_compat-2.19.so
7fa8e0be4000-7fa8e0be5000 r--p 00008000 08:03 4592316                    /lib/x86_64-linux-gnu/libnss_compat-2.19.so
7fa8e0be5000-7fa8e0be6000 rw-p 00009000 08:03 4592316                    /lib/x86_64-linux-gnu/libnss_compat-2.19.so
7fa8e0be6000-7fa8e0c0f000 r-xp 00000000 08:03 1585027                    /usr/local/java/jdk1.7.0_51/jre/lib/amd64/libjava.so
7fa8e0c0f000-7fa8e0e0f000 ---p 00029000 08:03 1585027                    /usr/local/java/jdk1.7.0_51/jre/lib/amd64/libjava.so
7fa8e0e0f000-7fa8e0e11000 rw-p 00029000 08:03 1585027                    /usr/local/java/jdk1.7.0_51/jre/lib/amd64/libjava.so
7fa8e0e11000-7fa8e0e1e000 r-xp 00000000 08:03 1585064                    /usr/local/java/jdk1.7.0_51/jre/lib/amd64/libverify.so
7fa8e0e1e000-7fa8e101d000 ---p 0000d000 08:03 1585064                    /usr/local/java/jdk1.7.0_51/jre/lib/amd64/libverify.so
7fa8e101d000-7fa8e101f000 rw-p 0000c000 08:03 1585064                    /usr/local/java/jdk1.7.0_51/jre/lib/amd64/libverify.so
7fa8e101f000-7fa8e1026000 r-xp 00000000 08:03 4592321                    /lib/x86_64-linux-gnu/librt-2.19.so
7fa8e1026000-7fa8e1225000 ---p 00007000 08:03 4592321                    /lib/x86_64-linux-gnu/librt-2.19.so
7fa8e1225000-7fa8e1226000 r--p 00006000 08:03 4592321                    /lib/x86_64-linux-gnu/librt-2.19.so
7fa8e1226000-7fa8e1227000 rw-p 00007000 08:03 4592321                    /lib/x86_64-linux-gnu/librt-2.19.so
7fa8e1227000-7fa8e132c000 r-xp 00000000 08:03 4592328                    /lib/x86_64-linux-gnu/libm-2.19.so
7fa8e132c000-7fa8e152b000 ---p 00105000 08:03 4592328                    /lib/x86_64-linux-gnu/libm-2.19.so
7fa8e152b000-7fa8e152c000 r--p 00104000 08:03 4592328                    /lib/x86_64-linux-gnu/libm-2.19.so
7fa8e152c000-7fa8e152d000 rw-p 00105000 08:03 4592328                    /lib/x86_64-linux-gnu/libm-2.19.so
7fa8e152d000-7fa8e208f000 r-xp 00000000 08:03 1585038                    /usr/local/java/jdk1.7.0_51/jre/lib/amd64/server/libjvm.so
7fa8e208f000-7fa8e228f000 ---p 00b62000 08:03 1585038                    /usr/local/java/jdk1.7.0_51/jre/lib/amd64/server/libjvm.so
7fa8e228f000-7fa8e2352000 rw-p 00b62000 08:03 1585038                    /usr/local/java/jdk1.7.0_51/jre/lib/amd64/server/libjvm.so
7fa8e2352000-7fa8e2393000 rw-p 00000000 00:00 0 
7fa8e2393000-7fa8e254e000 r-xp 00000000 08:03 4592325                    /lib/x86_64-linux-gnu/libc-2.19.so
7fa8e254e000-7fa8e274e000 ---p 001bb000 08:03 4592325                    /lib/x86_64-linux-gnu/libc-2.19.so
7fa8e274e000-7fa8e2752000 r--p 001bb000 08:03 4592325                    /lib/x86_64-linux-gnu/libc-2.19.so
7fa8e2752000-7fa8e2754000 rw-p 001bf000 08:03 4592325                    /lib/x86_64-linux-gnu/libc-2.19.so
7fa8e2754000-7fa8e2759000 rw-p 00000000 00:00 0 
7fa8e2759000-7fa8e275c000 r-xp 00000000 08:03 4592663                    /lib/x86_64-linux-gnu/libdl-2.19.so
7fa8e275c000-7fa8e295b000 ---p 00003000 08:03 4592663                    /lib/x86_64-linux-gnu/libdl-2.19.so
7fa8e295b000-7fa8e295c000 r--p 00002000 08:03 4592663                    /lib/x86_64-linux-gnu/libdl-2.19.so
7fa8e295c000-7fa8e295d000 rw-p 00003000 08:03 4592663                    /lib/x86_64-linux-gnu/libdl-2.19.so
7fa8e295d000-7fa8e2973000 r-xp 00000000 08:03 1583823                    /usr/local/java/jdk1.7.0_51/lib/amd64/jli/libjli.so
7fa8e2973000-7fa8e2b73000 ---p 00016000 08:03 1583823                    /usr/local/java/jdk1.7.0_51/lib/amd64/jli/libjli.so
7fa8e2b73000-7fa8e2b74000 rw-p 00016000 08:03 1583823                    /usr/local/java/jdk1.7.0_51/lib/amd64/jli/libjli.so
7fa8e2b74000-7fa8e2b8d000 r-xp 00000000 08:03 4592664                    /lib/x86_64-linux-gnu/libpthread-2.19.so
7fa8e2b8d000-7fa8e2d8c000 ---p 00019000 08:03 4592664                    /lib/x86_64-linux-gnu/libpthread-2.19.so
7fa8e2d8c000-7fa8e2d8d000 r--p 00018000 08:03 4592664                    /lib/x86_64-linux-gnu/libpthread-2.19.so
7fa8e2d8d000-7fa8e2d8e000 rw-p 00019000 08:03 4592664                    /lib/x86_64-linux-gnu/libpthread-2.19.so
7fa8e2d8e000-7fa8e2d92000 rw-p 00000000 00:00 0 
7fa8e2d92000-7fa8e2db5000 r-xp 00000000 08:03 4592326                    /lib/x86_64-linux-gnu/ld-2.19.so
7fa8e2dca000-7fa8e2dd4000 rw-p 00000000 00:00 0 
7fa8e2dd4000-7fa8e2e8a000 rw-p 00000000 00:00 0 
7fa8e2e8a000-7fa8e2e8d000 ---p 00000000 00:00 0 
7fa8e2e8d000-7fa8e2f8f000 rw-p 00000000 00:00 0                          [stack:15669]
7fa8e2fa0000-7fa8e2fa1000 rw-p 00000000 00:00 0 
7fa8e2fa1000-7fa8e2fa8000 r--s 00000000 08:03 1847317                    /usr/lib/x86_64-linux-gnu/gconv/gconv-modules.cache
7fa8e2fa8000-7fa8e2fb0000 rw-s 00000000 08:03 1838400                    /tmp/hsperfdata_florian/15664
7fa8e2fb0000-7fa8e2fb1000 rw-p 00000000 00:00 0 
7fa8e2fb1000-7fa8e2fb2000 ---p 00000000 00:00 0 
7fa8e2fb2000-7fa8e2fb4000 rw-p 00000000 00:00 0 
7fa8e2fb4000-7fa8e2fb5000 r--p 00022000 08:03 4592326                    /lib/x86_64-linux-gnu/ld-2.19.so
7fa8e2fb5000-7fa8e2fb6000 rw-p 00023000 08:03 4592326                    /lib/x86_64-linux-gnu/ld-2.19.so
7fa8e2fb6000-7fa8e2fb7000 rw-p 00000000 00:00 0 
7fff397e6000-7fff39808000 rw-p 00000000 00:00 0                          [stack]
7fff39814000-7fff39816000 r-xp 00000000 00:00 0                          [vdso]
ffffffffff600000-ffffffffff601000 r-xp 00000000 00:00 0                  [vsyscall]

VM Arguments:
jvm_args: -Dapplication.home=/usr/local/java/jdk1.7.0_51 -Xms8m 
java_command: com.sun.tools.javac.Main @/tmp/sbt_d1f9e21f/argfile
Launcher Type: SUN_STANDARD

Environment Variables:
JAVA_HOME=/usr/local/java/jdk1.7.0_51
PATH=/home/florian/.rvm/gems/ruby-2.1.2/bin:/home/florian/.rvm/gems/ruby-2.1.2@global/bin:/home/florian/.rvm/rubies/ruby-2.1.2/bin:/usr/local/heroku/bin:/usr/local/sbin:/usr/local/bin:/usr/sbin:/usr/bin:/sbin:/bin:/usr/games:/usr/local/games:/home/florian/bin:/usr/local/java/jdk1.7.0_51/bin:/home/florian/maven3/bin:/home/florian/.rvm/bin:/home/florian/maven3/bin:/home/jcarton/activator-1.2.2/activator:/home/florian/.rvm/bin
SHELL=/bin/bash
DISPLAY=:0

Signal Handlers:
SIGSEGV: [libjvm.so+0x993870], sa_mask[0]=0x7ffbfeff, sa_flags=0x10000004
SIGBUS: [libjvm.so+0x993870], sa_mask[0]=0x7ffbfeff, sa_flags=0x10000004
SIGFPE: [libjvm.so+0x8105b0], sa_mask[0]=0x7ffbfeff, sa_flags=0x10000004
SIGPIPE: [libjvm.so+0x8105b0], sa_mask[0]=0x7ffbfeff, sa_flags=0x10000004
SIGXFSZ: [libjvm.so+0x8105b0], sa_mask[0]=0x7ffbfeff, sa_flags=0x10000004
SIGILL: [libjvm.so+0x8105b0], sa_mask[0]=0x7ffbfeff, sa_flags=0x10000004
SIGUSR1: SIG_DFL, sa_mask[0]=0x00000000, sa_flags=0x00000000
SIGUSR2: [libjvm.so+0x811aa0], sa_mask[0]=0x00000004, sa_flags=0x10000004
SIGHUP: [libjvm.so+0x812a10], sa_mask[0]=0x7ffbfeff, sa_flags=0x10000004
SIGINT: [libjvm.so+0x812a10], sa_mask[0]=0x7ffbfeff, sa_flags=0x10000004
SIGTERM: [libjvm.so+0x812a10], sa_mask[0]=0x7ffbfeff, sa_flags=0x10000004
SIGQUIT: [libjvm.so+0x812a10], sa_mask[0]=0x7ffbfeff, sa_flags=0x10000004


---------------  S Y S T E M  ---------------

OS:jessie/sid

uname:Linux 3.13.0-39-generic #66-Ubuntu SMP Tue Oct 28 13:30:27 UTC 2014 x86_64
libc:glibc 2.19 NPTL 2.19 
rlimit: STACK 8192k, CORE 0k, NPROC 59838, NOFILE 4096, AS infinity
load average:2,02 1,02 1,24

/proc/meminfo:
MemTotal:        7689432 kB
MemFree:          106196 kB
Buffers:             608 kB
Cached:           955696 kB
SwapCached:            0 kB
Active:          6637472 kB
Inactive:         642668 kB
Active(anon):    6630192 kB
Inactive(anon):   622540 kB
Active(file):       7280 kB
Inactive(file):    20128 kB
Unevictable:          48 kB
Mlocked:              48 kB
SwapTotal:             0 kB
SwapFree:              0 kB
Dirty:                 0 kB
Writeback:           220 kB
AnonPages:       6324572 kB
Mapped:           335528 kB
Shmem:            928400 kB
Slab:             106944 kB
SReclaimable:      40444 kB
SUnreclaim:        66500 kB
KernelStack:        7848 kB
PageTables:        82784 kB
NFS_Unstable:          0 kB
Bounce:                0 kB
WritebackTmp:          0 kB
CommitLimit:     3844716 kB
Committed_AS:   14389000 kB
VmallocTotal:   34359738367 kB
VmallocUsed:      359592 kB
VmallocChunk:   34359373104 kB
HardwareCorrupted:     0 kB
AnonHugePages:   2674688 kB
HugePages_Total:       0
HugePages_Free:        0
HugePages_Rsvd:        0
HugePages_Surp:        0
Hugepagesize:       2048 kB
DirectMap4k:       86504 kB
DirectMap2M:     2566144 kB
DirectMap1G:     5242880 kB


CPU:total 4 (2 cores per cpu, 2 threads per core) family 6 model 69 stepping 1, cmov, cx8, fxsr, mmx, sse, sse2, sse3, ssse3, sse4.1, sse4.2, popcnt, avx, avx2, aes, erms, ht, tsc, tscinvbit

/proc/cpuinfo:
processor	: 0
vendor_id	: GenuineIntel
cpu family	: 6
model		: 69
model name	: Intel(R) Core(TM) i7-4500U CPU @ 1.80GHz
stepping	: 1
microcode	: 0x16
cpu MHz		: 1800.000
cache size	: 4096 KB
physical id	: 0
siblings	: 4
core id		: 0
cpu cores	: 2
apicid		: 0
initial apicid	: 0
fpu		: yes
fpu_exception	: yes
cpuid level	: 13
wp		: yes
flags		: fpu vme de pse tsc msr pae mce cx8 apic sep mtrr pge mca cmov pat pse36 clflush dts acpi mmx fxsr sse sse2 ss ht tm pbe syscall nx pdpe1gb rdtscp lm constant_tsc arch_perfmon pebs bts rep_good nopl xtopology nonstop_tsc aperfmperf eagerfpu pni pclmulqdq dtes64 monitor ds_cpl vmx est tm2 ssse3 fma cx16 xtpr pdcm pcid sse4_1 sse4_2 movbe popcnt tsc_deadline_timer aes xsave avx f16c rdrand lahf_lm abm ida arat epb xsaveopt pln pts dtherm tpr_shadow vnmi flexpriority ept vpid fsgsbase tsc_adjust bmi1 avx2 smep bmi2 erms invpcid
bogomips	: 4788.62
clflush size	: 64
cache_alignment	: 64
address sizes	: 39 bits physical, 48 bits virtual
power management:

processor	: 1
vendor_id	: GenuineIntel
cpu family	: 6
model		: 69
model name	: Intel(R) Core(TM) i7-4500U CPU @ 1.80GHz
stepping	: 1
microcode	: 0x16
cpu MHz		: 1800.000
cache size	: 4096 KB
physical id	: 0
siblings	: 4
core id		: 0
cpu cores	: 2
apicid		: 1
initial apicid	: 1
fpu		: yes
fpu_exception	: yes
cpuid level	: 13
wp		: yes
flags		: fpu vme de pse tsc msr pae mce cx8 apic sep mtrr pge mca cmov pat pse36 clflush dts acpi mmx fxsr sse sse2 ss ht tm pbe syscall nx pdpe1gb rdtscp lm constant_tsc arch_perfmon pebs bts rep_good nopl xtopology nonstop_tsc aperfmperf eagerfpu pni pclmulqdq dtes64 monitor ds_cpl vmx est tm2 ssse3 fma cx16 xtpr pdcm pcid sse4_1 sse4_2 movbe popcnt tsc_deadline_timer aes xsave avx f16c rdrand lahf_lm abm ida arat epb xsaveopt pln pts dtherm tpr_shadow vnmi flexpriority ept vpid fsgsbase tsc_adjust bmi1 avx2 smep bmi2 erms invpcid
bogomips	: 4788.62
clflush size	: 64
cache_alignment	: 64
address sizes	: 39 bits physical, 48 bits virtual
power management:

processor	: 2
vendor_id	: GenuineIntel
cpu family	: 6
model		: 69
model name	: Intel(R) Core(TM) i7-4500U CPU @ 1.80GHz
stepping	: 1
microcode	: 0x16
cpu MHz		: 1500.000
cache size	: 4096 KB
physical id	: 0
siblings	: 4
core id		: 1
cpu cores	: 2
apicid		: 2
initial apicid	: 2
fpu		: yes
fpu_exception	: yes
cpuid level	: 13
wp		: yes
flags		: fpu vme de pse tsc msr pae mce cx8 apic sep mtrr pge mca cmov pat pse36 clflush dts acpi mmx fxsr sse sse2 ss ht tm pbe syscall nx pdpe1gb rdtscp lm constant_tsc arch_perfmon pebs bts rep_good nopl xtopology nonstop_tsc aperfmperf eagerfpu pni pclmulqdq dtes64 monitor ds_cpl vmx est tm2 ssse3 fma cx16 xtpr pdcm pcid sse4_1 sse4_2 movbe popcnt tsc_deadline_timer aes xsave avx f16c rdrand lahf_lm abm ida arat epb xsaveopt pln pts dtherm tpr_shadow vnmi flexpriority ept vpid fsgsbase tsc_adjust bmi1 avx2 smep bmi2 erms invpcid
bogomips	: 4788.62
clflush size	: 64
cache_alignment	: 64
address sizes	: 39 bits physical, 48 bits virtual
power management:

processor	: 3
vendor_id	: GenuineIntel
cpu family	: 6
model		: 69
model name	: Intel(R) Core(TM) i7-4500U CPU @ 1.80GHz
stepping	: 1
microcode	: 0x16
cpu MHz		: 1100.000
cache size	: 4096 KB
physical id	: 0
siblings	: 4
core id		: 1
cpu cores	: 2
apicid		: 3
initial apicid	: 3
fpu		: yes
fpu_exception	: yes
cpuid level	: 13
wp		: yes
flags		: fpu vme de pse tsc msr pae mce cx8 apic sep mtrr pge mca cmov pat pse36 clflush dts acpi mmx fxsr sse sse2 ss ht tm pbe syscall nx pdpe1gb rdtscp lm constant_tsc arch_perfmon pebs bts rep_good nopl xtopology nonstop_tsc aperfmperf eagerfpu pni pclmulqdq dtes64 monitor ds_cpl vmx est tm2 ssse3 fma cx16 xtpr pdcm pcid sse4_1 sse4_2 movbe popcnt tsc_deadline_timer aes xsave avx f16c rdrand lahf_lm abm ida arat epb xsaveopt pln pts dtherm tpr_shadow vnmi flexpriority ept vpid fsgsbase tsc_adjust bmi1 avx2 smep bmi2 erms invpcid
bogomips	: 4788.62
clflush size	: 64
cache_alignment	: 64
address sizes	: 39 bits physical, 48 bits virtual
power management:



Memory: 4k page, physical 7689432k(105452k free), swap 0k(0k free)

vm_info: Java HotSpot(TM) 64-Bit Server VM (24.51-b03) for linux-amd64 JRE (1.7.0_51-b13), built on Dec 18 2013 18:48:01 by "java_re" with gcc 4.3.0 20080428 (Red Hat 4.3.0-8)

time: Fri Nov  7 13:30:36 2014
elapsed time: 1 seconds

