#
# There is insufficient memory for the Java Runtime Environment to continue.
# Native memory allocation (malloc) failed to allocate 24117248 bytes for committing reserved memory.
# Possible reasons:
#   The system is out of physical RAM or swap space
#   In 32 bit mode, the process size limit was hit
# Possible solutions:
#   Reduce memory load on the system
#   Increase physical memory or swap space
#   Check if swap backing store is full
#   Use 64 bit Java on a 64 bit OS
#   Decrease Java heap size (-Xmx/-Xms)
#   Decrease number of Java threads
#   Decrease Java thread stack sizes (-Xss)
#   Set larger code cache with -XX:ReservedCodeCacheSize=
# This output file may be truncated or incomplete.
#
#  Out of Memory Error (os_linux.cpp:2726), pid=18119, tid=139905673983744
#
# JRE version: Java(TM) SE Runtime Environment (7.0_51-b13) (build 1.7.0_51-b13)
# Java VM: Java HotSpot(TM) 64-Bit Server VM (24.51-b03 mixed mode linux-amd64 compressed oops)
# Failed to write core dump. Core dumps have been disabled. To enable core dumping, try "ulimit -c unlimited" before starting Java again
#

---------------  T H R E A D  ---------------

Current thread (0x00007f3e6c069800):  VMThread [stack: 0x00007f3e53eff000,0x00007f3e54000000] [id=18129]

Stack: [0x00007f3e53eff000,0x00007f3e54000000],  sp=0x00007f3e53ffe210,  free space=1020k
Native frames: (J=compiled Java code, j=interpreted, Vv=VM code, C=native code)
V  [libjvm.so+0x992f4a]  VMError::report_and_die()+0x2ea
V  [libjvm.so+0x4931ab]  report_vm_out_of_memory(char const*, int, unsigned long, char const*)+0x9b
V  [libjvm.so+0x81338e]  os::Linux::commit_memory_impl(char*, unsigned long, bool)+0xfe
V  [libjvm.so+0x81383f]  os::Linux::commit_memory_impl(char*, unsigned long, unsigned long, bool)+0x4f
V  [libjvm.so+0x813a2c]  os::pd_commit_memory(char*, unsigned long, unsigned long, bool)+0xc
V  [libjvm.so+0x80daea]  os::commit_memory(char*, unsigned long, unsigned long, bool)+0x2a
V  [libjvm.so+0x87fcd3]  PSVirtualSpace::expand_by(unsigned long)+0x53
V  [libjvm.so+0x8810a8]  PSYoungGen::resize_generation(unsigned long, unsigned long)+0xf8
V  [libjvm.so+0x880212]  PSYoungGen::resize(unsigned long, unsigned long)+0x22
V  [libjvm.so+0x87d6ab]  PSScavenge::invoke_no_policy()+0xf3b
V  [libjvm.so+0x87de11]  PSScavenge::invoke()+0x41
V  [libjvm.so+0x834f10]  ParallelScavengeHeap::failed_mem_allocate(unsigned long)+0x70
V  [libjvm.so+0x9947e7]  VM_ParallelGCFailedAllocation::doit()+0x97
V  [libjvm.so+0x99bc15]  VM_Operation::evaluate()+0x55
V  [libjvm.so+0x99a04a]  VMThread::evaluate_operation(VM_Operation*)+0xba
V  [libjvm.so+0x99a3ce]  VMThread::loop()+0x1ce
V  [libjvm.so+0x99a840]  VMThread::run()+0x70
V  [libjvm.so+0x815538]  java_start(Thread*)+0x108

VM_Operation (0x00007f3e73dd8a80): ParallelGCFailedAllocation, mode: safepoint, requested by thread 0x00007f3e6c00a000


---------------  P R O C E S S  ---------------

Java Threads: ( => current thread )
  0x00007f3e6c096800 JavaThread "Service Thread" daemon [_thread_blocked, id=18135, stack(0x00007f3e53389000,0x00007f3e5348a000)]
  0x00007f3e6c094000 JavaThread "C2 CompilerThread1" daemon [_thread_blocked, id=18134, stack(0x00007f3e5348a000,0x00007f3e5358b000)]
  0x00007f3e6c091000 JavaThread "C2 CompilerThread0" daemon [_thread_blocked, id=18133, stack(0x00007f3e5358b000,0x00007f3e5368c000)]
  0x00007f3e6c086800 JavaThread "Signal Dispatcher" daemon [_thread_blocked, id=18132, stack(0x00007f3e5368c000,0x00007f3e5378d000)]
  0x00007f3e6c070000 JavaThread "Finalizer" daemon [_thread_blocked, id=18131, stack(0x00007f3e53cfd000,0x00007f3e53dfe000)]
  0x00007f3e6c06c000 JavaThread "Reference Handler" daemon [_thread_blocked, id=18130, stack(0x00007f3e53dfe000,0x00007f3e53eff000)]
  0x00007f3e6c00a000 JavaThread "main" [_thread_blocked, id=18124, stack(0x00007f3e73cda000,0x00007f3e73ddb000)]

Other Threads:
=>0x00007f3e6c069800 VMThread [stack: 0x00007f3e53eff000,0x00007f3e54000000] [id=18129]
  0x00007f3e6c0a1000 WatcherThread [stack: 0x00007f3e53288000,0x00007f3e53389000] [id=18136]

VM state:at safepoint (normal execution)

VM Mutex/Monitor currently owned by a thread:  ([mutex/lock_event])
[0x00007f3e6c0060c0] Threads_lock - owner thread: 0x00007f3e6c069800
[0x00007f3e6c0065c0] Heap_lock - owner thread: 0x00007f3e6c00a000

Heap
 PSYoungGen      total 26624K, used 2537K [0x00000000d8e00000, 0x00000000dab00000, 0x0000000100000000)
  eden space 24064K, 0% used [0x00000000d8e00000,0x00000000d8e00000,0x00000000da580000)
  from space 2560K, 99% used [0x00000000da580000,0x00000000da7fa588,0x00000000da800000)
  to   space 2048K, 0% used [0x00000000da800000,0x00000000da800000,0x00000000daa00000)
 ParOldGen       total 14848K, used 14454K [0x000000008aa00000, 0x000000008b880000, 0x00000000d8e00000)
  object space 14848K, 97% used [0x000000008aa00000,0x000000008b81daa0,0x000000008b880000)
 PSPermGen       total 21504K, used 6346K [0x0000000085800000, 0x0000000086d00000, 0x000000008aa00000)
  object space 21504K, 29% used [0x0000000085800000,0x0000000085e32b00,0x0000000086d00000)

Card table byte_map: [0x00007f3e70c0a000,0x00007f3e70fdf000] byte_map_base: 0x00007f3e707de000

Polling page: 0x00007f3e73e01000

Code Cache  [0x00007f3e69000000, 0x00007f3e69270000, 0x00007f3e6c000000)
 total_blobs=356 nmethods=132 adapters=177 free_code_cache=48248Kb largest_free_block=49369536

Compilation events (10 events):
Event: 2,664 Thread 0x00007f3e6c091000 nmethod 128 0x00007f3e690d5f10 code [0x00007f3e690d6100, 0x00007f3e690d7198]
Event: 2,664 Thread 0x00007f3e6c091000  130             java.util.ComparableTimSort::mergeHi (716 bytes)
Event: 2,679 Thread 0x00007f3e6c094000 nmethod 129 0x00007f3e690e2a10 code [0x00007f3e690e2c40, 0x00007f3e690e4518]
Event: 2,682 Thread 0x00007f3e6c094000  131             java.util.ComparableTimSort::countRunAndMakeAscending (123 bytes)
Event: 2,700 Thread 0x00007f3e6c094000 nmethod 131 0x00007f3e690d8590 code [0x00007f3e690d8780, 0x00007f3e690d9938]
Event: 2,705 Thread 0x00007f3e6c091000 nmethod 130 0x00007f3e690dfe50 code [0x00007f3e690e0080, 0x00007f3e690e1a18]
Event: 2,708 Thread 0x00007f3e6c094000  132 %           java.util.ComparableTimSort::mergeHi @ 174 (716 bytes)
Event: 2,758 Thread 0x00007f3e6c094000 nmethod 132% 0x00007f3e690e8690 code [0x00007f3e690e88a0, 0x00007f3e690ea118]
Event: 2,774 Thread 0x00007f3e6c091000  133             java.util.ComparableTimSort::mergeHi (716 bytes)
Event: 2,789 Thread 0x00007f3e6c094000  134             java.util.ComparableTimSort::mergeLo (652 bytes)

GC Heap History (10 events):
Event: 0,711 GC heap after
Heap after GC invocations=4 (full 0):
 PSYoungGen      total 6656K, used 496K [0x00000000d8e00000, 0x00000000d9500000, 0x0000000100000000)
  eden space 6144K, 0% used [0x00000000d8e00000,0x00000000d8e00000,0x00000000d9400000)
  from space 512K, 96% used [0x00000000d9480000,0x00000000d94fc020,0x00000000d9500000)
  to   space 512K, 0% used [0x00000000d9400000,0x00000000d9400000,0x00000000d9480000)
 ParOldGen       total 5632K, used 1610K [0x000000008aa00000, 0x000000008af80000, 0x00000000d8e00000)
  object space 5632K, 28% used [0x000000008aa00000,0x000000008ab92bd0,0x000000008af80000)
 PSPermGen       total 21504K, used 5846K [0x0000000085800000, 0x0000000086d00000, 0x000000008aa00000)
  object space 21504K, 27% used [0x0000000085800000,0x0000000085db5b48,0x0000000086d00000)
}
Event: 0,797 GC heap before
{Heap before GC invocations=5 (full 0):
 PSYoungGen      total 6656K, used 6625K [0x00000000d8e00000, 0x00000000d9500000, 0x0000000100000000)
  eden space 6144K, 99% used [0x00000000d8e00000,0x00000000d93fc680,0x00000000d9400000)
  from space 512K, 96% used [0x00000000d9480000,0x00000000d94fc020,0x00000000d9500000)
  to   space 512K, 0% used [0x00000000d9400000,0x00000000d9400000,0x00000000d9480000)
 ParOldGen       total 5632K, used 1610K [0x000000008aa00000, 0x000000008af80000, 0x00000000d8e00000)
  object space 5632K, 28% used [0x000000008aa00000,0x000000008ab92bd0,0x000000008af80000)
 PSPermGen       total 21504K, used 5856K [0x0000000085800000, 0x0000000086d00000, 0x000000008aa00000)
  object space 21504K, 27% used [0x0000000085800000,0x0000000085db8318,0x0000000086d00000)
Event: 0,801 GC heap after
Heap after GC invocations=5 (full 0):
 PSYoungGen      total 6656K, used 487K [0x00000000d8e00000, 0x00000000d9e00000, 0x0000000100000000)
  eden space 6144K, 0% used [0x00000000d8e00000,0x00000000d8e00000,0x00000000d9400000)
  from space 512K, 95% used [0x00000000d9400000,0x00000000d9479f58,0x00000000d9480000)
  to   space 2048K, 0% used [0x00000000d9c00000,0x00000000d9c00000,0x00000000d9e00000)
 ParOldGen       total 5632K, used 3225K [0x000000008aa00000, 0x000000008af80000, 0x00000000d8e00000)
  object space 5632K, 57% used [0x000000008aa00000,0x000000008ad266f0,0x000000008af80000)
 PSPermGen       total 21504K, used 5856K [0x0000000085800000, 0x0000000086d00000, 0x000000008aa00000)
  object space 21504K, 27% used [0x0000000085800000,0x0000000085db8318,0x0000000086d00000)
}
Event: 0,802 GC heap before
{Heap before GC invocations=6 (full 0):
 PSYoungGen      total 6656K, used 6608K [0x00000000d8e00000, 0x00000000d9e00000, 0x0000000100000000)
  eden space 6144K, 99% used [0x00000000d8e00000,0x00000000d93fa408,0x00000000d9400000)
  from space 512K, 95% used [0x00000000d9400000,0x00000000d9479f58,0x00000000d9480000)
  to   space 2048K, 0% used [0x00000000d9c00000,0x00000000d9c00000,0x00000000d9e00000)
 ParOldGen       total 5632K, used 3225K [0x000000008aa00000, 0x000000008af80000, 0x00000000d8e00000)
  object space 5632K, 57% used [0x000000008aa00000,0x000000008ad266f0,0x000000008af80000)
 PSPermGen       total 21504K, used 5856K [0x0000000085800000, 0x0000000086d00000, 0x000000008aa00000)
  object space 21504K, 27% used [0x0000000085800000,0x0000000085db8318,0x0000000086d00000)
Event: 0,803 GC heap after
Heap after GC invocations=6 (full 0):
 PSYoungGen      total 14336K, used 520K [0x00000000d8e00000, 0x00000000d9e00000, 0x0000000100000000)
  eden space 12288K, 0% used [0x00000000d8e00000,0x00000000d8e00000,0x00000000d9a00000)
  from space 2048K, 25% used [0x00000000d9c00000,0x00000000d9c82030,0x00000000d9e00000)
  to   space 2048K, 0% used [0x00000000d9a00000,0x00000000d9a00000,0x00000000d9c00000)
 ParOldGen       total 5632K, used 3225K [0x000000008aa00000, 0x000000008af80000, 0x00000000d8e00000)
  object space 5632K, 57% used [0x000000008aa00000,0x000000008ad266f0,0x000000008af80000)
 PSPermGen       total 21504K, used 5856K [0x0000000085800000, 0x0000000086d00000, 0x000000008aa00000)
  object space 21504K, 27% used [0x0000000085800000,0x0000000085db8318,0x0000000086d00000)
}
Event: 0,808 GC heap before
{Heap before GC invocations=7 (full 0):
 PSYoungGen      total 14336K, used 12789K [0x00000000d8e00000, 0x00000000d9e00000, 0x0000000100000000)
  eden space 12288K, 99% used [0x00000000d8e00000,0x00000000d99fb548,0x00000000d9a00000)
  from space 2048K, 25% used [0x00000000d9c00000,0x00000000d9c82030,0x00000000d9e00000)
  to   space 2048K, 0% used [0x00000000d9a00000,0x00000000d9a00000,0x00000000d9c00000)
 ParOldGen       total 5632K, used 3225K [0x000000008aa00000, 0x000000008af80000, 0x00000000d8e00000)
  object space 5632K, 57% used [0x000000008aa00000,0x000000008ad266f0,0x000000008af80000)
 PSPermGen       total 21504K, used 5856K [0x0000000085800000, 0x0000000086d00000, 0x000000008aa00000)
  object space 21504K, 27% used [0x0000000085800000,0x0000000085db8318,0x0000000086d00000)
Event: 0,810 GC heap after
Heap after GC invocations=7 (full 0):
 PSYoungGen      total 14336K, used 179K [0x00000000d8e00000, 0x00000000daa00000, 0x0000000100000000)
  eden space 12288K, 0% used [0x00000000d8e00000,0x00000000d8e00000,0x00000000d9a00000)
  from space 2048K, 8% used [0x00000000d9a00000,0x00000000d9a2cf48,0x00000000d9c00000)
  to   space 2048K, 0% used [0x00000000da800000,0x00000000da800000,0x00000000daa00000)
 ParOldGen       total 5632K, used 3593K [0x000000008aa00000, 0x000000008af80000, 0x00000000d8e00000)
  object space 5632K, 63% used [0x000000008aa00000,0x000000008ad826a8,0x000000008af80000)
 PSPermGen       total 21504K, used 5856K [0x0000000085800000, 0x0000000086d00000, 0x000000008aa00000)
  object space 21504K, 27% used [0x0000000085800000,0x0000000085db8318,0x0000000086d00000)
}
Event: 1,101 GC heap before
{Heap before GC invocations=8 (full 0):
 PSYoungGen      total 14336K, used 12457K [0x00000000d8e00000, 0x00000000daa00000, 0x0000000100000000)
  eden space 12288K, 99% used [0x00000000d8e00000,0x00000000d99fd5b0,0x00000000d9a00000)
  from space 2048K, 8% used [0x00000000d9a00000,0x00000000d9a2cf48,0x00000000d9c00000)
  to   space 2048K, 0% used [0x00000000da800000,0x00000000da800000,0x00000000daa00000)
 ParOldGen       total 5632K, used 3593K [0x000000008aa00000, 0x000000008af80000, 0x00000000d8e00000)
  object space 5632K, 63% used [0x000000008aa00000,0x000000008ad826a8,0x000000008af80000)
 PSPermGen       total 21504K, used 5977K [0x0000000085800000, 0x0000000086d00000, 0x000000008aa00000)
  object space 21504K, 27% used [0x0000000085800000,0x0000000085dd6750,0x0000000086d00000)
Event: 1,104 GC heap after
Heap after GC invocations=8 (full 0):
 PSYoungGen      total 26112K, used 1678K [0x00000000d8e00000, 0x00000000dab00000, 0x0000000100000000)
  eden space 24064K, 0% used [0x00000000d8e00000,0x00000000d8e00000,0x00000000da580000)
  from space 2048K, 81% used [0x00000000da800000,0x00000000da9a3810,0x00000000daa00000)
  to   space 2560K, 0% used [0x00000000da580000,0x00000000da580000,0x00000000da800000)
 ParOldGen       total 5632K, used 3693K [0x000000008aa00000, 0x000000008af80000, 0x00000000d8e00000)
  object space 5632K, 65% used [0x000000008aa00000,0x000000008ad9b408,0x000000008af80000)
 PSPermGen       total 21504K, used 5977K [0x0000000085800000, 0x0000000086d00000, 0x000000008aa00000)
  object space 21504K, 27% used [0x0000000085800000,0x0000000085dd6750,0x0000000086d00000)
}
Event: 2,813 GC heap before
{Heap before GC invocations=9 (full 0):
 PSYoungGen      total 26112K, used 25742K [0x00000000d8e00000, 0x00000000dab00000, 0x0000000100000000)
  eden space 24064K, 100% used [0x00000000d8e00000,0x00000000da580000,0x00000000da580000)
  from space 2048K, 81% used [0x00000000da800000,0x00000000da9a3810,0x00000000daa00000)
  to   space 2560K, 0% used [0x00000000da580000,0x00000000da580000,0x00000000da800000)
 ParOldGen       total 5632K, used 3693K [0x000000008aa00000, 0x000000008af80000, 0x00000000d8e00000)
  object space 5632K, 65% used [0x000000008aa00000,0x000000008ad9b408,0x000000008af80000)
 PSPermGen       total 21504K, used 6346K [0x0000000085800000, 0x0000000086d00000, 0x000000008aa00000)
  object space 21504K, 29% used [0x0000000085800000,0x0000000085e32b00,0x0000000086d00000)

Deoptimization events (10 events):
Event: 2,641 Thread 0x00007f3e6c00a000 Uncommon trap: reason=array_check action=maybe_recompile pc=0x00007f3e690db7d0 method=java.util.ComparableTimSort.mergeHi(IIII)V @ 404
Event: 2,641 Thread 0x00007f3e6c00a000 Uncommon trap: reason=array_check action=maybe_recompile pc=0x00007f3e690db7d0 method=java.util.ComparableTimSort.mergeHi(IIII)V @ 404
Event: 2,682 Thread 0x00007f3e6c00a000 Uncommon trap: reason=array_check action=maybe_recompile pc=0x00007f3e690d6d58 method=java.util.ComparableTimSort.reverseRange([Ljava/lang/Object;II)V @ 27
Event: 2,682 Thread 0x00007f3e6c00a000 Uncommon trap: reason=array_check action=maybe_recompile pc=0x00007f3e690d6d58 method=java.util.ComparableTimSort.reverseRange([Ljava/lang/Object;II)V @ 27
Event: 2,708 Thread 0x00007f3e6c00a000 Uncommon trap: reason=array_check action=maybe_recompile pc=0x00007f3e690e1288 method=java.util.ComparableTimSort.mergeHi(IIII)V @ 509
Event: 2,708 Thread 0x00007f3e6c00a000 Uncommon trap: reason=array_check action=maybe_recompile pc=0x00007f3e690e1288 method=java.util.ComparableTimSort.mergeHi(IIII)V @ 509
Event: 2,786 Thread 0x00007f3e6c00a000 Uncommon trap: reason=array_check action=maybe_recompile pc=0x00007f3e690e4180 method=java.util.ComparableTimSort.mergeLo(IIII)V @ 129
Event: 2,789 Thread 0x00007f3e6c00a000 Uncommon trap: reason=array_check action=maybe_recompile pc=0x00007f3e690e4180 method=java.util.ComparableTimSort.mergeLo(IIII)V @ 129
Event: 2,794 Thread 0x00007f3e6c00a000 Uncommon trap: reason=array_check action=maybe_recompile pc=0x00007f3e690e9d60 method=java.util.ComparableTimSort.mergeHi(IIII)V @ 642
Event: 2,795 Thread 0x00007f3e6c00a000 Uncommon trap: reason=array_check action=maybe_recompile pc=0x00007f3e690e9d60 method=java.util.ComparableTimSort.mergeHi(IIII)V @ 642

Internal exceptions (10 events):
Event: 1,447 Thread 0x00007f3e6c00a000 Threw 0x00000000d8faa028 at /HUDSON/workspace/7u-2-build-linux-amd64@2/jdk7u51/527/hotspot/src/share/vm/prims/jvm.cpp:1244
Event: 1,449 Thread 0x00007f3e6c00a000 Threw 0x00000000d8fb6e50 at /HUDSON/workspace/7u-2-build-linux-amd64@2/jdk7u51/527/hotspot/src/share/vm/prims/jvm.cpp:1244
Event: 1,450 Thread 0x00007f3e6c00a000 Threw 0x00000000d8fbaf88 at /HUDSON/workspace/7u-2-build-linux-amd64@2/jdk7u51/527/hotspot/src/share/vm/prims/jvm.cpp:1244
Event: 1,590 Thread 0x00007f3e6c00a000 Implicit null exception at 0x00007f3e69094410 to 0x00007f3e69094e3d
Event: 1,794 Thread 0x00007f3e6c00a000 Threw 0x00000000d93fea90 at /HUDSON/workspace/7u-2-build-linux-amd64@2/jdk7u51/527/hotspot/src/share/vm/prims/jni.cpp:717
Event: 1,802 Thread 0x00007f3e6c00a000 Threw 0x00000000d93ff560 at /HUDSON/workspace/7u-2-build-linux-amd64@2/jdk7u51/527/hotspot/src/share/vm/prims/jvm.cpp:1244
Event: 1,933 Thread 0x00007f3e6c00a000 Threw 0x00000000d9456f08 at /HUDSON/workspace/7u-2-build-linux-amd64@2/jdk7u51/527/hotspot/src/share/vm/prims/jni.cpp:717
Event: 2,378 Thread 0x00007f3e6c00a000 Threw 0x00000000d9ce5f78 at /HUDSON/workspace/7u-2-build-linux-amd64@2/jdk7u51/527/hotspot/src/share/vm/prims/jni.cpp:717
Event: 2,378 Thread 0x00007f3e6c00a000 Threw 0x00000000d9ce6998 at /HUDSON/workspace/7u-2-build-linux-amd64@2/jdk7u51/527/hotspot/src/share/vm/prims/jni.cpp:717
Event: 2,378 Thread 0x00007f3e6c00a000 Threw 0x00000000d9ce7400 at /HUDSON/workspace/7u-2-build-linux-amd64@2/jdk7u51/527/hotspot/src/share/vm/prims/jni.cpp:717

Events (10 events):
Event: 2,789 Thread 0x00007f3e6c00a000 Uncommon trap: trap_request=0xffffffd6 fr.pc=0x00007f3e690e4180
Event: 2,789 Thread 0x00007f3e6c00a000 DEOPT PACKING pc=0x00007f3e690e4180 sp=0x00007f3e73dd8960
Event: 2,789 Thread 0x00007f3e6c00a000 DEOPT UNPACKING pc=0x00007f3e69039445 sp=0x00007f3e73dd8968 mode 2
Event: 2,794 Thread 0x00007f3e6c00a000 Uncommon trap: trap_request=0xffffffd6 fr.pc=0x00007f3e690e9d60
Event: 2,794 Thread 0x00007f3e6c00a000 DEOPT PACKING pc=0x00007f3e690e9d60 sp=0x00007f3e73dd8960
Event: 2,794 Thread 0x00007f3e6c00a000 DEOPT UNPACKING pc=0x00007f3e69039445 sp=0x00007f3e73dd8978 mode 2
Event: 2,795 Thread 0x00007f3e6c00a000 Uncommon trap: trap_request=0xffffffd6 fr.pc=0x00007f3e690e9d60
Event: 2,795 Thread 0x00007f3e6c00a000 DEOPT PACKING pc=0x00007f3e690e9d60 sp=0x00007f3e73dd8960
Event: 2,795 Thread 0x00007f3e6c00a000 DEOPT UNPACKING pc=0x00007f3e69039445 sp=0x00007f3e73dd8978 mode 2
Event: 2,809 Executing VM operation: ParallelGCFailedAllocation


Dynamic libraries:
00400000-00401000 r-xp 00000000 08:03 1585325                            /usr/local/java/jdk1.7.0_51/bin/javac
00600000-00601000 rw-p 00000000 08:03 1585325                            /usr/local/java/jdk1.7.0_51/bin/javac
00f7a000-00f9b000 rw-p 00000000 00:00 0                                  [heap]
85800000-86d00000 rw-p 00000000 00:00 0 
86d00000-8aa00000 rw-p 00000000 00:00 0 
8aa00000-8b880000 rw-p 00000000 00:00 0 
8b880000-d8e00000 rw-p 00000000 00:00 0 
d8e00000-dab00000 rw-p 00000000 00:00 0 
dc200000-100000000 rw-p 00000000 00:00 0 
7f3e2c000000-7f3e2c021000 rw-p 00000000 00:00 0 
7f3e2c021000-7f3e30000000 ---p 00000000 00:00 0 
7f3e34000000-7f3e346db000 rw-p 00000000 00:00 0 
7f3e346db000-7f3e38000000 ---p 00000000 00:00 0 
7f3e38000000-7f3e38021000 rw-p 00000000 00:00 0 
7f3e38021000-7f3e3c000000 ---p 00000000 00:00 0 
7f3e3c000000-7f3e3c021000 rw-p 00000000 00:00 0 
7f3e3c021000-7f3e40000000 ---p 00000000 00:00 0 
7f3e40000000-7f3e40565000 rw-p 00000000 00:00 0 
7f3e40565000-7f3e44000000 ---p 00000000 00:00 0 
7f3e44000000-7f3e44021000 rw-p 00000000 00:00 0 
7f3e44021000-7f3e48000000 ---p 00000000 00:00 0 
7f3e48000000-7f3e48021000 rw-p 00000000 00:00 0 
7f3e48021000-7f3e4c000000 ---p 00000000 00:00 0 
7f3e4c000000-7f3e4c24a000 rw-p 00000000 00:00 0 
7f3e4c24a000-7f3e50000000 ---p 00000000 00:00 0 
7f3e53288000-7f3e53289000 ---p 00000000 00:00 0 
7f3e53289000-7f3e53389000 rw-p 00000000 00:00 0                          [stack:18136]
7f3e53389000-7f3e5338c000 ---p 00000000 00:00 0 
7f3e5338c000-7f3e5348a000 rw-p 00000000 00:00 0                          [stack:18135]
7f3e5348a000-7f3e5348d000 ---p 00000000 00:00 0 
7f3e5348d000-7f3e5358b000 rw-p 00000000 00:00 0                          [stack:18134]
7f3e5358b000-7f3e5358e000 ---p 00000000 00:00 0 
7f3e5358e000-7f3e5368c000 rw-p 00000000 00:00 0                          [stack:18133]
7f3e5368c000-7f3e5368f000 ---p 00000000 00:00 0 
7f3e5368f000-7f3e5378d000 rw-p 00000000 00:00 0                          [stack:18132]
7f3e5378d000-7f3e53cfd000 r--p 00000000 08:03 1590696                    /usr/lib/locale/locale-archive
7f3e53cfd000-7f3e53d00000 ---p 00000000 00:00 0 
7f3e53d00000-7f3e53dfe000 rw-p 00000000 00:00 0                          [stack:18131]
7f3e53dfe000-7f3e53e01000 ---p 00000000 00:00 0 
7f3e53e01000-7f3e53eff000 rw-p 00000000 00:00 0                          [stack:18130]
7f3e53eff000-7f3e53f00000 ---p 00000000 00:00 0 
7f3e53f00000-7f3e54000000 rw-p 00000000 00:00 0                          [stack:18129]
7f3e54000000-7f3e54021000 rw-p 00000000 00:00 0 
7f3e54021000-7f3e58000000 ---p 00000000 00:00 0 
7f3e58000000-7f3e58021000 rw-p 00000000 00:00 0 
7f3e58021000-7f3e5c000000 ---p 00000000 00:00 0 
7f3e5c000000-7f3e5c021000 rw-p 00000000 00:00 0 
7f3e5c021000-7f3e60000000 ---p 00000000 00:00 0 
7f3e600be000-7f3e64000000 rw-p 00000000 00:00 0 
7f3e64000000-7f3e64021000 rw-p 00000000 00:00 0 
7f3e64021000-7f3e68000000 ---p 00000000 00:00 0 
7f3e68022000-7f3e68048000 r--p 00000000 08:03 2365509                    /usr/share/locale-langpack/fr/LC_MESSAGES/libc.mo
7f3e68048000-7f3e680b2000 r--s 00e1b000 08:03 1573757                    /usr/local/java/jdk1.7.0_51/lib/tools.jar
7f3e680b2000-7f3e68e43000 rw-p 00000000 00:00 0 
7f3e68e43000-7f3e69000000 r--s 039bf000 08:03 1585020                    /usr/local/java/jdk1.7.0_51/jre/lib/rt.jar
7f3e69000000-7f3e69270000 rwxp 00000000 00:00 0 
7f3e69270000-7f3e6c624000 rw-p 00000000 00:00 0 
7f3e6c624000-7f3e70000000 ---p 00000000 00:00 0 
7f3e7000b000-7f3e7056b000 rw-p 00000000 00:00 0 
7f3e7056b000-7f3e7056c000 ---p 00000000 00:00 0 
7f3e7056c000-7f3e7066c000 rw-p 00000000 00:00 0                          [stack:18128]
7f3e7066c000-7f3e7066d000 ---p 00000000 00:00 0 
7f3e7066d000-7f3e7076d000 rw-p 00000000 00:00 0                          [stack:18127]
7f3e7076d000-7f3e7076e000 ---p 00000000 00:00 0 
7f3e7076e000-7f3e7086e000 rw-p 00000000 00:00 0                          [stack:18126]
7f3e7086e000-7f3e7086f000 ---p 00000000 00:00 0 
7f3e7086f000-7f3e7097a000 rw-p 00000000 00:00 0                          [stack:18125]
7f3e7097a000-7f3e70998000 rw-p 00000000 00:00 0 
7f3e70998000-7f3e709a0000 rw-p 00000000 00:00 0 
7f3e709a0000-7f3e70c0a000 rw-p 00000000 00:00 0 
7f3e70c0a000-7f3e70c15000 rw-p 00000000 00:00 0 
7f3e70c15000-7f3e70c33000 rw-p 00000000 00:00 0 
7f3e70c33000-7f3e70c3b000 rw-p 00000000 00:00 0 
7f3e70c3b000-7f3e70ea5000 rw-p 00000000 00:00 0 
7f3e70ea5000-7f3e70eb4000 rw-p 00000000 00:00 0 
7f3e70eb4000-7f3e70fde000 rw-p 00000000 00:00 0 
7f3e70fde000-7f3e70fdf000 rw-p 00000000 00:00 0 
7f3e70fdf000-7f3e70ff9000 r-xp 00000000 08:03 1585045                    /usr/local/java/jdk1.7.0_51/jre/lib/amd64/libzip.so
7f3e70ff9000-7f3e711f9000 ---p 0001a000 08:03 1585045                    /usr/local/java/jdk1.7.0_51/jre/lib/amd64/libzip.so
7f3e711f9000-7f3e711fa000 rw-p 0001a000 08:03 1585045                    /usr/local/java/jdk1.7.0_51/jre/lib/amd64/libzip.so
7f3e711fa000-7f3e71205000 r-xp 00000000 08:03 4592658                    /lib/x86_64-linux-gnu/libnss_files-2.19.so
7f3e71205000-7f3e71404000 ---p 0000b000 08:03 4592658                    /lib/x86_64-linux-gnu/libnss_files-2.19.so
7f3e71404000-7f3e71405000 r--p 0000a000 08:03 4592658                    /lib/x86_64-linux-gnu/libnss_files-2.19.so
7f3e71405000-7f3e71406000 rw-p 0000b000 08:03 4592658                    /lib/x86_64-linux-gnu/libnss_files-2.19.so
7f3e71406000-7f3e71411000 r-xp 00000000 08:03 4592659                    /lib/x86_64-linux-gnu/libnss_nis-2.19.so
7f3e71411000-7f3e71610000 ---p 0000b000 08:03 4592659                    /lib/x86_64-linux-gnu/libnss_nis-2.19.so
7f3e71610000-7f3e71611000 r--p 0000a000 08:03 4592659                    /lib/x86_64-linux-gnu/libnss_nis-2.19.so
7f3e71611000-7f3e71612000 rw-p 0000b000 08:03 4592659                    /lib/x86_64-linux-gnu/libnss_nis-2.19.so
7f3e71612000-7f3e71629000 r-xp 00000000 08:03 4592319                    /lib/x86_64-linux-gnu/libnsl-2.19.so
7f3e71629000-7f3e71828000 ---p 00017000 08:03 4592319                    /lib/x86_64-linux-gnu/libnsl-2.19.so
7f3e71828000-7f3e71829000 r--p 00016000 08:03 4592319                    /lib/x86_64-linux-gnu/libnsl-2.19.so
7f3e71829000-7f3e7182a000 rw-p 00017000 08:03 4592319                    /lib/x86_64-linux-gnu/libnsl-2.19.so
7f3e7182a000-7f3e7182c000 rw-p 00000000 00:00 0 
7f3e7182c000-7f3e71835000 r-xp 00000000 08:03 4592316                    /lib/x86_64-linux-gnu/libnss_compat-2.19.so
7f3e71835000-7f3e71a34000 ---p 00009000 08:03 4592316                    /lib/x86_64-linux-gnu/libnss_compat-2.19.so
7f3e71a34000-7f3e71a35000 r--p 00008000 08:03 4592316                    /lib/x86_64-linux-gnu/libnss_compat-2.19.so
7f3e71a35000-7f3e71a36000 rw-p 00009000 08:03 4592316                    /lib/x86_64-linux-gnu/libnss_compat-2.19.so
7f3e71a36000-7f3e71a5f000 r-xp 00000000 08:03 1585027                    /usr/local/java/jdk1.7.0_51/jre/lib/amd64/libjava.so
7f3e71a5f000-7f3e71c5f000 ---p 00029000 08:03 1585027                    /usr/local/java/jdk1.7.0_51/jre/lib/amd64/libjava.so
7f3e71c5f000-7f3e71c61000 rw-p 00029000 08:03 1585027                    /usr/local/java/jdk1.7.0_51/jre/lib/amd64/libjava.so
7f3e71c61000-7f3e71c6e000 r-xp 00000000 08:03 1585064                    /usr/local/java/jdk1.7.0_51/jre/lib/amd64/libverify.so
7f3e71c6e000-7f3e71e6d000 ---p 0000d000 08:03 1585064                    /usr/local/java/jdk1.7.0_51/jre/lib/amd64/libverify.so
7f3e71e6d000-7f3e71e6f000 rw-p 0000c000 08:03 1585064                    /usr/local/java/jdk1.7.0_51/jre/lib/amd64/libverify.so
7f3e71e6f000-7f3e71e76000 r-xp 00000000 08:03 4592321                    /lib/x86_64-linux-gnu/librt-2.19.so
7f3e71e76000-7f3e72075000 ---p 00007000 08:03 4592321                    /lib/x86_64-linux-gnu/librt-2.19.so
7f3e72075000-7f3e72076000 r--p 00006000 08:03 4592321                    /lib/x86_64-linux-gnu/librt-2.19.so
7f3e72076000-7f3e72077000 rw-p 00007000 08:03 4592321                    /lib/x86_64-linux-gnu/librt-2.19.so
7f3e72077000-7f3e7217c000 r-xp 00000000 08:03 4592328                    /lib/x86_64-linux-gnu/libm-2.19.so
7f3e7217c000-7f3e7237b000 ---p 00105000 08:03 4592328                    /lib/x86_64-linux-gnu/libm-2.19.so
7f3e7237b000-7f3e7237c000 r--p 00104000 08:03 4592328                    /lib/x86_64-linux-gnu/libm-2.19.so
7f3e7237c000-7f3e7237d000 rw-p 00105000 08:03 4592328                    /lib/x86_64-linux-gnu/libm-2.19.so
7f3e7237d000-7f3e72edf000 r-xp 00000000 08:03 1585038                    /usr/local/java/jdk1.7.0_51/jre/lib/amd64/server/libjvm.so
7f3e72edf000-7f3e730df000 ---p 00b62000 08:03 1585038                    /usr/local/java/jdk1.7.0_51/jre/lib/amd64/server/libjvm.so
7f3e730df000-7f3e731a2000 rw-p 00b62000 08:03 1585038                    /usr/local/java/jdk1.7.0_51/jre/lib/amd64/server/libjvm.so
7f3e731a2000-7f3e731e3000 rw-p 00000000 00:00 0 
7f3e731e3000-7f3e7339e000 r-xp 00000000 08:03 4592325                    /lib/x86_64-linux-gnu/libc-2.19.so
7f3e7339e000-7f3e7359e000 ---p 001bb000 08:03 4592325                    /lib/x86_64-linux-gnu/libc-2.19.so
7f3e7359e000-7f3e735a2000 r--p 001bb000 08:03 4592325                    /lib/x86_64-linux-gnu/libc-2.19.so
7f3e735a2000-7f3e735a4000 rw-p 001bf000 08:03 4592325                    /lib/x86_64-linux-gnu/libc-2.19.so
7f3e735a4000-7f3e735a9000 rw-p 00000000 00:00 0 
7f3e735a9000-7f3e735ac000 r-xp 00000000 08:03 4592663                    /lib/x86_64-linux-gnu/libdl-2.19.so
7f3e735ac000-7f3e737ab000 ---p 00003000 08:03 4592663                    /lib/x86_64-linux-gnu/libdl-2.19.so
7f3e737ab000-7f3e737ac000 r--p 00002000 08:03 4592663                    /lib/x86_64-linux-gnu/libdl-2.19.so
7f3e737ac000-7f3e737ad000 rw-p 00003000 08:03 4592663                    /lib/x86_64-linux-gnu/libdl-2.19.so
7f3e737ad000-7f3e737c3000 r-xp 00000000 08:03 1583823                    /usr/local/java/jdk1.7.0_51/lib/amd64/jli/libjli.so
7f3e737c3000-7f3e739c3000 ---p 00016000 08:03 1583823                    /usr/local/java/jdk1.7.0_51/lib/amd64/jli/libjli.so
7f3e739c3000-7f3e739c4000 rw-p 00016000 08:03 1583823                    /usr/local/java/jdk1.7.0_51/lib/amd64/jli/libjli.so
7f3e739c4000-7f3e739dd000 r-xp 00000000 08:03 4592664                    /lib/x86_64-linux-gnu/libpthread-2.19.so
7f3e739dd000-7f3e73bdc000 ---p 00019000 08:03 4592664                    /lib/x86_64-linux-gnu/libpthread-2.19.so
7f3e73bdc000-7f3e73bdd000 r--p 00018000 08:03 4592664                    /lib/x86_64-linux-gnu/libpthread-2.19.so
7f3e73bdd000-7f3e73bde000 rw-p 00019000 08:03 4592664                    /lib/x86_64-linux-gnu/libpthread-2.19.so
7f3e73bde000-7f3e73be2000 rw-p 00000000 00:00 0 
7f3e73be2000-7f3e73c05000 r-xp 00000000 08:03 4592326                    /lib/x86_64-linux-gnu/ld-2.19.so
7f3e73c1a000-7f3e73c24000 rw-p 00000000 00:00 0 
7f3e73c24000-7f3e73cda000 rw-p 00000000 00:00 0 
7f3e73cda000-7f3e73cdd000 ---p 00000000 00:00 0 
7f3e73cdd000-7f3e73ddf000 rw-p 00000000 00:00 0                          [stack:18124]
7f3e73df0000-7f3e73df1000 rw-p 00000000 00:00 0 
7f3e73df1000-7f3e73df8000 r--s 00000000 08:03 1847317                    /usr/lib/x86_64-linux-gnu/gconv/gconv-modules.cache
7f3e73df8000-7f3e73e00000 rw-s 00000000 08:03 1838457                    /tmp/hsperfdata_florian/18119
7f3e73e00000-7f3e73e01000 rw-p 00000000 00:00 0 
7f3e73e01000-7f3e73e02000 ---p 00000000 00:00 0 
7f3e73e02000-7f3e73e04000 rw-p 00000000 00:00 0 
7f3e73e04000-7f3e73e05000 r--p 00022000 08:03 4592326                    /lib/x86_64-linux-gnu/ld-2.19.so
7f3e73e05000-7f3e73e06000 rw-p 00023000 08:03 4592326                    /lib/x86_64-linux-gnu/ld-2.19.so
7f3e73e06000-7f3e73e07000 rw-p 00000000 00:00 0 
7fffa28bb000-7fffa28dd000 rw-p 00000000 00:00 0                          [stack]
7fffa291a000-7fffa291c000 r-xp 00000000 00:00 0                          [vdso]
ffffffffff600000-ffffffffff601000 r-xp 00000000 00:00 0                  [vsyscall]

VM Arguments:
jvm_args: -Dapplication.home=/usr/local/java/jdk1.7.0_51 -Xms8m 
java_command: com.sun.tools.javac.Main @/tmp/sbt_d7a6f8f1/argfile
Launcher Type: SUN_STANDARD

Environment Variables:
JAVA_HOME=/usr/local/java/jdk1.7.0_51
PATH=/home/florian/.rvm/gems/ruby-2.1.2/bin:/home/florian/.rvm/gems/ruby-2.1.2@global/bin:/home/florian/.rvm/rubies/ruby-2.1.2/bin:/usr/local/heroku/bin:/usr/local/sbin:/usr/local/bin:/usr/sbin:/usr/bin:/sbin:/bin:/usr/games:/usr/local/games:/home/florian/bin:/usr/local/java/jdk1.7.0_51/bin:/home/florian/maven3/bin:/home/florian/.rvm/bin:/home/florian/maven3/bin:/home/jcarton/activator-1.2.2/activator:/home/florian/.rvm/bin
SHELL=/bin/bash
DISPLAY=:0

Signal Handlers:
SIGSEGV: [libjvm.so+0x993870], sa_mask[0]=0x7ffbfeff, sa_flags=0x10000004
SIGBUS: [libjvm.so+0x993870], sa_mask[0]=0x7ffbfeff, sa_flags=0x10000004
SIGFPE: [libjvm.so+0x8105b0], sa_mask[0]=0x7ffbfeff, sa_flags=0x10000004
SIGPIPE: [libjvm.so+0x8105b0], sa_mask[0]=0x7ffbfeff, sa_flags=0x10000004
SIGXFSZ: [libjvm.so+0x8105b0], sa_mask[0]=0x7ffbfeff, sa_flags=0x10000004
SIGILL: [libjvm.so+0x8105b0], sa_mask[0]=0x7ffbfeff, sa_flags=0x10000004
SIGUSR1: SIG_DFL, sa_mask[0]=0x00000000, sa_flags=0x00000000
SIGUSR2: [libjvm.so+0x811aa0], sa_mask[0]=0x00000004, sa_flags=0x10000004
SIGHUP: [libjvm.so+0x812a10], sa_mask[0]=0x7ffbfeff, sa_flags=0x10000004
SIGINT: [libjvm.so+0x812a10], sa_mask[0]=0x7ffbfeff, sa_flags=0x10000004
SIGTERM: [libjvm.so+0x812a10], sa_mask[0]=0x7ffbfeff, sa_flags=0x10000004
SIGQUIT: [libjvm.so+0x812a10], sa_mask[0]=0x7ffbfeff, sa_flags=0x10000004


---------------  S Y S T E M  ---------------

OS:jessie/sid

uname:Linux 3.13.0-39-generic #66-Ubuntu SMP Tue Oct 28 13:30:27 UTC 2014 x86_64
libc:glibc 2.19 NPTL 2.19 
rlimit: STACK 8192k, CORE 0k, NPROC 59838, NOFILE 4096, AS infinity
load average:5,81 2,11 1,19

/proc/meminfo:
MemTotal:        7689432 kB
MemFree:          101392 kB
Buffers:             152 kB
Cached:           955104 kB
SwapCached:            0 kB
Active:          6823712 kB
Inactive:         466364 kB
Active(anon):    6821348 kB
Inactive(anon):   461408 kB
Active(file):       2364 kB
Inactive(file):     4956 kB
Unevictable:          48 kB
Mlocked:              48 kB
SwapTotal:             0 kB
SwapFree:              0 kB
Dirty:                36 kB
Writeback:             0 kB
AnonPages:       6335064 kB
Mapped:           263408 kB
Shmem:            947740 kB
Slab:             105780 kB
SReclaimable:      41196 kB
SUnreclaim:        64584 kB
KernelStack:        7360 kB
PageTables:        72008 kB
NFS_Unstable:          0 kB
Bounce:                0 kB
WritebackTmp:          0 kB
CommitLimit:     3844716 kB
Committed_AS:   14218440 kB
VmallocTotal:   34359738367 kB
VmallocUsed:      359680 kB
VmallocChunk:   34359374432 kB
HardwareCorrupted:     0 kB
AnonHugePages:   2928640 kB
HugePages_Total:       0
HugePages_Free:        0
HugePages_Rsvd:        0
HugePages_Surp:        0
Hugepagesize:       2048 kB
DirectMap4k:       82408 kB
DirectMap2M:     2570240 kB
DirectMap1G:     5242880 kB


CPU:total 4 (2 cores per cpu, 2 threads per core) family 6 model 69 stepping 1, cmov, cx8, fxsr, mmx, sse, sse2, sse3, ssse3, sse4.1, sse4.2, popcnt, avx, avx2, aes, erms, ht, tsc, tscinvbit

/proc/cpuinfo:
processor	: 0
vendor_id	: GenuineIntel
cpu family	: 6
model		: 69
model name	: Intel(R) Core(TM) i7-4500U CPU @ 1.80GHz
stepping	: 1
microcode	: 0x16
cpu MHz		: 1800.000
cache size	: 4096 KB
physical id	: 0
siblings	: 4
core id		: 0
cpu cores	: 2
apicid		: 0
initial apicid	: 0
fpu		: yes
fpu_exception	: yes
cpuid level	: 13
wp		: yes
flags		: fpu vme de pse tsc msr pae mce cx8 apic sep mtrr pge mca cmov pat pse36 clflush dts acpi mmx fxsr sse sse2 ss ht tm pbe syscall nx pdpe1gb rdtscp lm constant_tsc arch_perfmon pebs bts rep_good nopl xtopology nonstop_tsc aperfmperf eagerfpu pni pclmulqdq dtes64 monitor ds_cpl vmx est tm2 ssse3 fma cx16 xtpr pdcm pcid sse4_1 sse4_2 movbe popcnt tsc_deadline_timer aes xsave avx f16c rdrand lahf_lm abm ida arat epb xsaveopt pln pts dtherm tpr_shadow vnmi flexpriority ept vpid fsgsbase tsc_adjust bmi1 avx2 smep bmi2 erms invpcid
bogomips	: 4788.50
clflush size	: 64
cache_alignment	: 64
address sizes	: 39 bits physical, 48 bits virtual
power management:

processor	: 1
vendor_id	: GenuineIntel
cpu family	: 6
model		: 69
model name	: Intel(R) Core(TM) i7-4500U CPU @ 1.80GHz
stepping	: 1
microcode	: 0x16
cpu MHz		: 1800.000
cache size	: 4096 KB
physical id	: 0
siblings	: 4
core id		: 0
cpu cores	: 2
apicid		: 1
initial apicid	: 1
fpu		: yes
fpu_exception	: yes
cpuid level	: 13
wp		: yes
flags		: fpu vme de pse tsc msr pae mce cx8 apic sep mtrr pge mca cmov pat pse36 clflush dts acpi mmx fxsr sse sse2 ss ht tm pbe syscall nx pdpe1gb rdtscp lm constant_tsc arch_perfmon pebs bts rep_good nopl xtopology nonstop_tsc aperfmperf eagerfpu pni pclmulqdq dtes64 monitor ds_cpl vmx est tm2 ssse3 fma cx16 xtpr pdcm pcid sse4_1 sse4_2 movbe popcnt tsc_deadline_timer aes xsave avx f16c rdrand lahf_lm abm ida arat epb xsaveopt pln pts dtherm tpr_shadow vnmi flexpriority ept vpid fsgsbase tsc_adjust bmi1 avx2 smep bmi2 erms invpcid
bogomips	: 4788.50
clflush size	: 64
cache_alignment	: 64
address sizes	: 39 bits physical, 48 bits virtual
power management:

processor	: 2
vendor_id	: GenuineIntel
cpu family	: 6
model		: 69
model name	: Intel(R) Core(TM) i7-4500U CPU @ 1.80GHz
stepping	: 1
microcode	: 0x16
cpu MHz		: 1800.000
cache size	: 4096 KB
physical id	: 0
siblings	: 4
core id		: 1
cpu cores	: 2
apicid		: 2
initial apicid	: 2
fpu		: yes
fpu_exception	: yes
cpuid level	: 13
wp		: yes
flags		: fpu vme de pse tsc msr pae mce cx8 apic sep mtrr pge mca cmov pat pse36 clflush dts acpi mmx fxsr sse sse2 ss ht tm pbe syscall nx pdpe1gb rdtscp lm constant_tsc arch_perfmon pebs bts rep_good nopl xtopology nonstop_tsc aperfmperf eagerfpu pni pclmulqdq dtes64 monitor ds_cpl vmx est tm2 ssse3 fma cx16 xtpr pdcm pcid sse4_1 sse4_2 movbe popcnt tsc_deadline_timer aes xsave avx f16c rdrand lahf_lm abm ida arat epb xsaveopt pln pts dtherm tpr_shadow vnmi flexpriority ept vpid fsgsbase tsc_adjust bmi1 avx2 smep bmi2 erms invpcid
bogomips	: 4788.50
clflush size	: 64
cache_alignment	: 64
address sizes	: 39 bits physical, 48 bits virtual
power management:

processor	: 3
vendor_id	: GenuineIntel
cpu family	: 6
model		: 69
model name	: Intel(R) Core(TM) i7-4500U CPU @ 1.80GHz
stepping	: 1
microcode	: 0x16
cpu MHz		: 1800.000
cache size	: 4096 KB
physical id	: 0
siblings	: 4
core id		: 1
cpu cores	: 2
apicid		: 3
initial apicid	: 3
fpu		: yes
fpu_exception	: yes
cpuid level	: 13
wp		: yes
flags		: fpu vme de pse tsc msr pae mce cx8 apic sep mtrr pge mca cmov pat pse36 clflush dts acpi mmx fxsr sse sse2 ss ht tm pbe syscall nx pdpe1gb rdtscp lm constant_tsc arch_perfmon pebs bts rep_good nopl xtopology nonstop_tsc aperfmperf eagerfpu pni pclmulqdq dtes64 monitor ds_cpl vmx est tm2 ssse3 fma cx16 xtpr pdcm pcid sse4_1 sse4_2 movbe popcnt tsc_deadline_timer aes xsave avx f16c rdrand lahf_lm abm ida arat epb xsaveopt pln pts dtherm tpr_shadow vnmi flexpriority ept vpid fsgsbase tsc_adjust bmi1 avx2 smep bmi2 erms invpcid
bogomips	: 4788.50
clflush size	: 64
cache_alignment	: 64
address sizes	: 39 bits physical, 48 bits virtual
power management:



Memory: 4k page, physical 7689432k(102444k free), swap 0k(0k free)

vm_info: Java HotSpot(TM) 64-Bit Server VM (24.51-b03) for linux-amd64 JRE (1.7.0_51-b13), built on Dec 18 2013 18:48:01 by "java_re" with gcc 4.3.0 20080428 (Red Hat 4.3.0-8)

time: Tue Nov  4 15:29:16 2014
elapsed time: 13 seconds

