#
# There is insufficient memory for the Java Runtime Environment to continue.
# Native memory allocation (malloc) failed to allocate 64225280 bytes for committing reserved memory.
# Possible reasons:
#   The system is out of physical RAM or swap space
#   In 32 bit mode, the process size limit was hit
# Possible solutions:
#   Reduce memory load on the system
#   Increase physical memory or swap space
#   Check if swap backing store is full
#   Use 64 bit Java on a 64 bit OS
#   Decrease Java heap size (-Xmx/-Xms)
#   Decrease number of Java threads
#   Decrease Java thread stack sizes (-Xss)
#   Set larger code cache with -XX:ReservedCodeCacheSize=
# This output file may be truncated or incomplete.
#
#  Out of Memory Error (os_linux.cpp:2726), pid=12392, tid=139649933780736
#
# JRE version:  (7.0_51-b13) (build )
# Java VM: Java HotSpot(TM) 64-Bit Server VM (24.51-b03 mixed mode linux-amd64 compressed oops)
# Failed to write core dump. Core dumps have been disabled. To enable core dumping, try "ulimit -c unlimited" before starting Java again
#

---------------  T H R E A D  ---------------

Current thread (0x00007f02c0009800):  JavaThread "Unknown thread" [_thread_in_vm, id=12396, stack(0x00007f02c8a22000,0x00007f02c8b23000)]

Stack: [0x00007f02c8a22000,0x00007f02c8b23000],  sp=0x00007f02c8b21170,  free space=1020k
Native frames: (J=compiled Java code, j=interpreted, Vv=VM code, C=native code)
V  [libjvm.so+0x992f4a]  VMError::report_and_die()+0x2ea
V  [libjvm.so+0x4931ab]  report_vm_out_of_memory(char const*, int, unsigned long, char const*)+0x9b
V  [libjvm.so+0x81338e]  os::Linux::commit_memory_impl(char*, unsigned long, bool)+0xfe
V  [libjvm.so+0x81383f]  os::Linux::commit_memory_impl(char*, unsigned long, unsigned long, bool)+0x4f
V  [libjvm.so+0x813a2c]  os::pd_commit_memory(char*, unsigned long, unsigned long, bool)+0xc
V  [libjvm.so+0x80daea]  os::commit_memory(char*, unsigned long, unsigned long, bool)+0x2a
V  [libjvm.so+0x87fcd3]  PSVirtualSpace::expand_by(unsigned long)+0x53
V  [libjvm.so+0x82ad26]  ParMarkBitMap::initialize(MemRegion)+0x176
V  [libjvm.so+0x873fe7]  PSParallelCompact::initialize()+0x177
V  [libjvm.so+0x83448d]  ParallelScavengeHeap::initialize()+0x7fd
V  [libjvm.so+0x9664ca]  Universe::initialize_heap()+0xca
V  [libjvm.so+0x967699]  universe_init()+0x79
V  [libjvm.so+0x5a9625]  init_globals()+0x65
V  [libjvm.so+0x94ef8d]  Threads::create_vm(JavaVMInitArgs*, bool*)+0x1ed
V  [libjvm.so+0x6307e4]  JNI_CreateJavaVM+0x74
C  [libjli.so+0x2f8e]  JavaMain+0x9e


---------------  P R O C E S S  ---------------

Java Threads: ( => current thread )

Other Threads:

=>0x00007f02c0009800 (exited) JavaThread "Unknown thread" [_thread_in_vm, id=12396, stack(0x00007f02c8a22000,0x00007f02c8b23000)]

VM state:not at safepoint (not fully initialized)

VM Mutex/Monitor currently owned by a thread: None

GC Heap History (0 events):
No events

Deoptimization events (0 events):
No events

Internal exceptions (0 events):
No events

Events (0 events):
No events


Dynamic libraries:
00400000-00401000 r-xp 00000000 08:03 1585325                            /usr/local/java/jdk1.7.0_51/bin/javac
00600000-00601000 rw-p 00000000 08:03 1585325                            /usr/local/java/jdk1.7.0_51/bin/javac
01027000-01048000 rw-p 00000000 00:00 0                                  [heap]
85800000-86d00000 rw-p 00000000 00:00 0 
86d00000-8aa00000 rw-p 00000000 00:00 0 
8aa00000-8af80000 rw-p 00000000 00:00 0 
8af80000-d8e00000 rw-p 00000000 00:00 0 
d8e00000-d9200000 rw-p 00000000 00:00 0 
d9200000-100000000 rw-p 00000000 00:00 0 
7f02a0000000-7f02a0021000 rw-p 00000000 00:00 0 
7f02a0021000-7f02a4000000 ---p 00000000 00:00 0 
7f02a8000000-7f02a8021000 rw-p 00000000 00:00 0 
7f02a8021000-7f02ac000000 ---p 00000000 00:00 0 
7f02b0000000-7f02b0021000 rw-p 00000000 00:00 0 
7f02b0021000-7f02b4000000 ---p 00000000 00:00 0 
7f02b8000000-7f02b8021000 rw-p 00000000 00:00 0 
7f02b8021000-7f02bc000000 ---p 00000000 00:00 0 
7f02bd000000-7f02bd270000 rwxp 00000000 00:00 0 
7f02bd270000-7f02c0030000 rw-p 00000000 00:00 0 
7f02c0030000-7f02c4000000 ---p 00000000 00:00 0 
7f02c5078000-7f02c52bd000 rw-p 00000000 00:00 0 
7f02c52bd000-7f02c52be000 ---p 00000000 00:00 0 
7f02c52be000-7f02c53be000 rw-p 00000000 00:00 0                          [stack:12400]
7f02c53be000-7f02c53bf000 ---p 00000000 00:00 0 
7f02c53bf000-7f02c54bf000 rw-p 00000000 00:00 0                          [stack:12399]
7f02c54bf000-7f02c54c0000 ---p 00000000 00:00 0 
7f02c54c0000-7f02c55c0000 rw-p 00000000 00:00 0                          [stack:12398]
7f02c55c0000-7f02c55c1000 ---p 00000000 00:00 0 
7f02c55c1000-7f02c56cc000 rw-p 00000000 00:00 0                          [stack:12397]
7f02c56cc000-7f02c56ea000 rw-p 00000000 00:00 0 
7f02c56ea000-7f02c56ed000 rw-p 00000000 00:00 0 
7f02c56ed000-7f02c595c000 rw-p 00000000 00:00 0 
7f02c595c000-7f02c5967000 rw-p 00000000 00:00 0 
7f02c5967000-7f02c5985000 rw-p 00000000 00:00 0 
7f02c5985000-7f02c5988000 rw-p 00000000 00:00 0 
7f02c5988000-7f02c5bf7000 rw-p 00000000 00:00 0 
7f02c5bf7000-7f02c5bf9000 rw-p 00000000 00:00 0 
7f02c5bf9000-7f02c5d30000 rw-p 00000000 00:00 0 
7f02c5d30000-7f02c5d31000 rw-p 00000000 00:00 0 
7f02c5d31000-7f02c5d4b000 r-xp 00000000 08:03 1585045                    /usr/local/java/jdk1.7.0_51/jre/lib/amd64/libzip.so
7f02c5d4b000-7f02c5f4b000 ---p 0001a000 08:03 1585045                    /usr/local/java/jdk1.7.0_51/jre/lib/amd64/libzip.so
7f02c5f4b000-7f02c5f4c000 rw-p 0001a000 08:03 1585045                    /usr/local/java/jdk1.7.0_51/jre/lib/amd64/libzip.so
7f02c5f4c000-7f02c5f58000 r-xp 00000000 08:03 4587864                    /lib/x86_64-linux-gnu/libnss_files-2.15.so
7f02c5f58000-7f02c6157000 ---p 0000c000 08:03 4587864                    /lib/x86_64-linux-gnu/libnss_files-2.15.so
7f02c6157000-7f02c6158000 r--p 0000b000 08:03 4587864                    /lib/x86_64-linux-gnu/libnss_files-2.15.so
7f02c6158000-7f02c6159000 rw-p 0000c000 08:03 4587864                    /lib/x86_64-linux-gnu/libnss_files-2.15.so
7f02c6159000-7f02c6163000 r-xp 00000000 08:03 4587868                    /lib/x86_64-linux-gnu/libnss_nis-2.15.so
7f02c6163000-7f02c6363000 ---p 0000a000 08:03 4587868                    /lib/x86_64-linux-gnu/libnss_nis-2.15.so
7f02c6363000-7f02c6364000 r--p 0000a000 08:03 4587868                    /lib/x86_64-linux-gnu/libnss_nis-2.15.so
7f02c6364000-7f02c6365000 rw-p 0000b000 08:03 4587868                    /lib/x86_64-linux-gnu/libnss_nis-2.15.so
7f02c6365000-7f02c637c000 r-xp 00000000 08:03 4587880                    /lib/x86_64-linux-gnu/libnsl-2.15.so
7f02c637c000-7f02c657b000 ---p 00017000 08:03 4587880                    /lib/x86_64-linux-gnu/libnsl-2.15.so
7f02c657b000-7f02c657c000 r--p 00016000 08:03 4587880                    /lib/x86_64-linux-gnu/libnsl-2.15.so
7f02c657c000-7f02c657d000 rw-p 00017000 08:03 4587880                    /lib/x86_64-linux-gnu/libnsl-2.15.so
7f02c657d000-7f02c657f000 rw-p 00000000 00:00 0 
7f02c657f000-7f02c6587000 r-xp 00000000 08:03 4587862                    /lib/x86_64-linux-gnu/libnss_compat-2.15.so
7f02c6587000-7f02c6786000 ---p 00008000 08:03 4587862                    /lib/x86_64-linux-gnu/libnss_compat-2.15.so
7f02c6786000-7f02c6787000 r--p 00007000 08:03 4587862                    /lib/x86_64-linux-gnu/libnss_compat-2.15.so
7f02c6787000-7f02c6788000 rw-p 00008000 08:03 4587862                    /lib/x86_64-linux-gnu/libnss_compat-2.15.so
7f02c6788000-7f02c67b1000 r-xp 00000000 08:03 1585027                    /usr/local/java/jdk1.7.0_51/jre/lib/amd64/libjava.so
7f02c67b1000-7f02c69b1000 ---p 00029000 08:03 1585027                    /usr/local/java/jdk1.7.0_51/jre/lib/amd64/libjava.so
7f02c69b1000-7f02c69b3000 rw-p 00029000 08:03 1585027                    /usr/local/java/jdk1.7.0_51/jre/lib/amd64/libjava.so
7f02c69b3000-7f02c69c0000 r-xp 00000000 08:03 1585064                    /usr/local/java/jdk1.7.0_51/jre/lib/amd64/libverify.so
7f02c69c0000-7f02c6bbf000 ---p 0000d000 08:03 1585064                    /usr/local/java/jdk1.7.0_51/jre/lib/amd64/libverify.so
7f02c6bbf000-7f02c6bc1000 rw-p 0000c000 08:03 1585064                    /usr/local/java/jdk1.7.0_51/jre/lib/amd64/libverify.so
7f02c6bc1000-7f02c6bc8000 r-xp 00000000 08:03 4587867                    /lib/x86_64-linux-gnu/librt-2.15.so
7f02c6bc8000-7f02c6dc7000 ---p 00007000 08:03 4587867                    /lib/x86_64-linux-gnu/librt-2.15.so
7f02c6dc7000-7f02c6dc8000 r--p 00006000 08:03 4587867                    /lib/x86_64-linux-gnu/librt-2.15.so
7f02c6dc8000-7f02c6dc9000 rw-p 00007000 08:03 4587867                    /lib/x86_64-linux-gnu/librt-2.15.so
7f02c6dc9000-7f02c6ec4000 r-xp 00000000 08:03 4587871                    /lib/x86_64-linux-gnu/libm-2.15.so
7f02c6ec4000-7f02c70c3000 ---p 000fb000 08:03 4587871                    /lib/x86_64-linux-gnu/libm-2.15.so
7f02c70c3000-7f02c70c4000 r--p 000fa000 08:03 4587871                    /lib/x86_64-linux-gnu/libm-2.15.so
7f02c70c4000-7f02c70c5000 rw-p 000fb000 08:03 4587871                    /lib/x86_64-linux-gnu/libm-2.15.so
7f02c70c5000-7f02c7c27000 r-xp 00000000 08:03 1585038                    /usr/local/java/jdk1.7.0_51/jre/lib/amd64/server/libjvm.so
7f02c7c27000-7f02c7e27000 ---p 00b62000 08:03 1585038                    /usr/local/java/jdk1.7.0_51/jre/lib/amd64/server/libjvm.so
7f02c7e27000-7f02c7eea000 rw-p 00b62000 08:03 1585038                    /usr/local/java/jdk1.7.0_51/jre/lib/amd64/server/libjvm.so
7f02c7eea000-7f02c7f2b000 rw-p 00000000 00:00 0 
7f02c7f2b000-7f02c80e0000 r-xp 00000000 08:03 4587543                    /lib/x86_64-linux-gnu/libc-2.15.so
7f02c80e0000-7f02c82e0000 ---p 001b5000 08:03 4587543                    /lib/x86_64-linux-gnu/libc-2.15.so
7f02c82e0000-7f02c82e4000 r--p 001b5000 08:03 4587543                    /lib/x86_64-linux-gnu/libc-2.15.so
7f02c82e4000-7f02c82e6000 rw-p 001b9000 08:03 4587543                    /lib/x86_64-linux-gnu/libc-2.15.so
7f02c82e6000-7f02c82eb000 rw-p 00000000 00:00 0 
7f02c82eb000-7f02c82ed000 r-xp 00000000 08:03 4587875                    /lib/x86_64-linux-gnu/libdl-2.15.so
7f02c82ed000-7f02c84ed000 ---p 00002000 08:03 4587875                    /lib/x86_64-linux-gnu/libdl-2.15.so
7f02c84ed000-7f02c84ee000 r--p 00002000 08:03 4587875                    /lib/x86_64-linux-gnu/libdl-2.15.so
7f02c84ee000-7f02c84ef000 rw-p 00003000 08:03 4587875                    /lib/x86_64-linux-gnu/libdl-2.15.so
7f02c84ef000-7f02c8505000 r-xp 00000000 08:03 1583823                    /usr/local/java/jdk1.7.0_51/lib/amd64/jli/libjli.so
7f02c8505000-7f02c8705000 ---p 00016000 08:03 1583823                    /usr/local/java/jdk1.7.0_51/lib/amd64/jli/libjli.so
7f02c8705000-7f02c8706000 rw-p 00016000 08:03 1583823                    /usr/local/java/jdk1.7.0_51/lib/amd64/jli/libjli.so
7f02c8706000-7f02c871e000 r-xp 00000000 08:03 4587869                    /lib/x86_64-linux-gnu/libpthread-2.15.so
7f02c871e000-7f02c891d000 ---p 00018000 08:03 4587869                    /lib/x86_64-linux-gnu/libpthread-2.15.so
7f02c891d000-7f02c891e000 r--p 00017000 08:03 4587869                    /lib/x86_64-linux-gnu/libpthread-2.15.so
7f02c891e000-7f02c891f000 rw-p 00018000 08:03 4587869                    /lib/x86_64-linux-gnu/libpthread-2.15.so
7f02c891f000-7f02c8923000 rw-p 00000000 00:00 0 
7f02c8923000-7f02c8945000 r-xp 00000000 08:03 4587872                    /lib/x86_64-linux-gnu/ld-2.15.so
7f02c8962000-7f02c896c000 rw-p 00000000 00:00 0 
7f02c896c000-7f02c8a22000 rw-p 00000000 00:00 0 
7f02c8a22000-7f02c8a25000 ---p 00000000 00:00 0 
7f02c8a25000-7f02c8b27000 rw-p 00000000 00:00 0                          [stack:12396]
7f02c8b37000-7f02c8b39000 rw-p 00000000 00:00 0 
7f02c8b39000-7f02c8b41000 rw-s 00000000 08:03 1847188                    /tmp/hsperfdata_florian/12392
7f02c8b41000-7f02c8b42000 rw-p 00000000 00:00 0 
7f02c8b42000-7f02c8b43000 r--p 00000000 00:00 0 
7f02c8b43000-7f02c8b45000 rw-p 00000000 00:00 0 
7f02c8b45000-7f02c8b46000 r--p 00022000 08:03 4587872                    /lib/x86_64-linux-gnu/ld-2.15.so
7f02c8b46000-7f02c8b48000 rw-p 00023000 08:03 4587872                    /lib/x86_64-linux-gnu/ld-2.15.so
7fffb988b000-7fffb98ac000 rw-p 00000000 00:00 0                          [stack]
7fffb99ff000-7fffb9a00000 r-xp 00000000 00:00 0                          [vdso]
ffffffffff600000-ffffffffff601000 r-xp 00000000 00:00 0                  [vsyscall]

VM Arguments:
jvm_args: -Dapplication.home=/usr/local/java/jdk1.7.0_51 -Xms8m 
java_command: com.sun.tools.javac.Main @/tmp/sbt_5beb4e41/argfile
Launcher Type: SUN_STANDARD

Environment Variables:
JAVA_HOME=/usr/local/java/jdk1.7.0_51
PATH=/home/florian/.rvm/gems/ruby-2.1.2/bin:/home/florian/.rvm/gems/ruby-2.1.2@global/bin:/home/florian/.rvm/rubies/ruby-2.1.2/bin:/usr/local/heroku/bin:/usr/lib/lightdm/lightdm:/usr/local/sbin:/usr/local/bin:/usr/sbin:/usr/bin:/sbin:/bin:/usr/games:/home/florian/bin:/usr/local/java/jdk1.7.0_51/bin:/home/florian/maven3/bin:/home/florian/.rvm/bin:/home/florian/maven3/bin:/home/florian/maven3/bin:/home/jcarton/activator-1.2.2/activator:/home/florian/.rvm/bin
SHELL=/bin/bash
DISPLAY=:0.0

Signal Handlers:
SIGSEGV: [libjvm.so+0x993870], sa_mask[0]=0x7ffbfeff, sa_flags=0x10000004
SIGBUS: [libjvm.so+0x993870], sa_mask[0]=0x7ffbfeff, sa_flags=0x10000004
SIGFPE: [libjvm.so+0x8105b0], sa_mask[0]=0x7ffbfeff, sa_flags=0x10000004
SIGPIPE: [libjvm.so+0x8105b0], sa_mask[0]=0x7ffbfeff, sa_flags=0x10000004
SIGXFSZ: [libjvm.so+0x8105b0], sa_mask[0]=0x7ffbfeff, sa_flags=0x10000004
SIGILL: [libjvm.so+0x8105b0], sa_mask[0]=0x7ffbfeff, sa_flags=0x10000004
SIGUSR1: SIG_DFL, sa_mask[0]=0x00000000, sa_flags=0x00000000
SIGUSR2: [libjvm.so+0x811aa0], sa_mask[0]=0x00000004, sa_flags=0x10000004
SIGHUP: SIG_DFL, sa_mask[0]=0x00000000, sa_flags=0x00000000
SIGINT: SIG_DFL, sa_mask[0]=0x00000000, sa_flags=0x00000000
SIGTERM: SIG_DFL, sa_mask[0]=0x00000000, sa_flags=0x00000000
SIGQUIT: SIG_DFL, sa_mask[0]=0x00000000, sa_flags=0x00000000


---------------  S Y S T E M  ---------------

OS:wheezy/sid

uname:Linux 3.5.0-45-generic #68~precise1-Ubuntu SMP Wed Dec 4 16:18:46 UTC 2013 x86_64
libc:glibc 2.15 NPTL 2.15 
rlimit: STACK 8192k, CORE 0k, NPROC 59883, NOFILE 4096, AS infinity
load average:13.88 8.84 4.33

/proc/meminfo:
MemTotal:        7690676 kB
MemFree:          103664 kB
Buffers:             740 kB
Cached:           533120 kB
SwapCached:            0 kB
Active:          7028944 kB
Inactive:         301624 kB
Active(anon):    7017736 kB
Inactive(anon):   291224 kB
Active(file):      11208 kB
Inactive(file):    10400 kB
Unevictable:           0 kB
Mlocked:               0 kB
SwapTotal:             0 kB
SwapFree:              0 kB
Dirty:                 0 kB
Writeback:           256 kB
AnonPages:       6796464 kB
Mapped:            57660 kB
Shmem:            512444 kB
Slab:              96152 kB
SReclaimable:      37480 kB
SUnreclaim:        58672 kB
KernelStack:        7336 kB
PageTables:        65120 kB
NFS_Unstable:          0 kB
Bounce:                0 kB
WritebackTmp:          0 kB
CommitLimit:     3845336 kB
Committed_AS:   12375260 kB
VmallocTotal:   34359738367 kB
VmallocUsed:      368228 kB
VmallocChunk:   34359359576 kB
HardwareCorrupted:     0 kB
AnonHugePages:         0 kB
HugePages_Total:       0
HugePages_Free:        0
HugePages_Rsvd:        0
HugePages_Surp:        0
Hugepagesize:       2048 kB
DirectMap4k:       78312 kB
DirectMap2M:     2574336 kB
DirectMap1G:     5242880 kB


CPU:total 4 (2 cores per cpu, 2 threads per core) family 6 model 69 stepping 1, cmov, cx8, fxsr, mmx, sse, sse2, sse3, ssse3, sse4.1, sse4.2, popcnt, avx, avx2, aes, erms, ht, tsc, tscinvbit

/proc/cpuinfo:
processor	: 0
vendor_id	: GenuineIntel
cpu family	: 6
model		: 69
model name	: Intel(R) Core(TM) i7-4500U CPU @ 1.80GHz
stepping	: 1
microcode	: 0x16
cpu MHz		: 1800.000
cache size	: 4096 KB
physical id	: 0
siblings	: 4
core id		: 0
cpu cores	: 2
apicid		: 0
initial apicid	: 0
fpu		: yes
fpu_exception	: yes
cpuid level	: 13
wp		: yes
flags		: fpu vme de pse tsc msr pae mce cx8 apic sep mtrr pge mca cmov pat pse36 clflush dts acpi mmx fxsr sse sse2 ss ht tm pbe syscall nx pdpe1gb rdtscp lm constant_tsc arch_perfmon pebs bts rep_good nopl xtopology nonstop_tsc aperfmperf pni pclmulqdq dtes64 monitor ds_cpl vmx est tm2 ssse3 fma cx16 xtpr pdcm pcid sse4_1 sse4_2 movbe popcnt tsc_deadline_timer aes xsave avx f16c rdrand lahf_lm abm arat epb xsaveopt pln pts dtherm tpr_shadow vnmi flexpriority ept vpid fsgsbase bmi1 avx2 smep bmi2 erms invpcid
bogomips	: 4788.39
clflush size	: 64
cache_alignment	: 64
address sizes	: 39 bits physical, 48 bits virtual
power management:

processor	: 1
vendor_id	: GenuineIntel
cpu family	: 6
model		: 69
model name	: Intel(R) Core(TM) i7-4500U CPU @ 1.80GHz
stepping	: 1
microcode	: 0x16
cpu MHz		: 1800.000
cache size	: 4096 KB
physical id	: 0
siblings	: 4
core id		: 0
cpu cores	: 2
apicid		: 1
initial apicid	: 1
fpu		: yes
fpu_exception	: yes
cpuid level	: 13
wp		: yes
flags		: fpu vme de pse tsc msr pae mce cx8 apic sep mtrr pge mca cmov pat pse36 clflush dts acpi mmx fxsr sse sse2 ss ht tm pbe syscall nx pdpe1gb rdtscp lm constant_tsc arch_perfmon pebs bts rep_good nopl xtopology nonstop_tsc aperfmperf pni pclmulqdq dtes64 monitor ds_cpl vmx est tm2 ssse3 fma cx16 xtpr pdcm pcid sse4_1 sse4_2 movbe popcnt tsc_deadline_timer aes xsave avx f16c rdrand lahf_lm abm arat epb xsaveopt pln pts dtherm tpr_shadow vnmi flexpriority ept vpid fsgsbase bmi1 avx2 smep bmi2 erms invpcid
bogomips	: 4788.39
clflush size	: 64
cache_alignment	: 64
address sizes	: 39 bits physical, 48 bits virtual
power management:

processor	: 2
vendor_id	: GenuineIntel
cpu family	: 6
model		: 69
model name	: Intel(R) Core(TM) i7-4500U CPU @ 1.80GHz
stepping	: 1
microcode	: 0x16
cpu MHz		: 1800.000
cache size	: 4096 KB
physical id	: 0
siblings	: 4
core id		: 1
cpu cores	: 2
apicid		: 2
initial apicid	: 2
fpu		: yes
fpu_exception	: yes
cpuid level	: 13
wp		: yes
flags		: fpu vme de pse tsc msr pae mce cx8 apic sep mtrr pge mca cmov pat pse36 clflush dts acpi mmx fxsr sse sse2 ss ht tm pbe syscall nx pdpe1gb rdtscp lm constant_tsc arch_perfmon pebs bts rep_good nopl xtopology nonstop_tsc aperfmperf pni pclmulqdq dtes64 monitor ds_cpl vmx est tm2 ssse3 fma cx16 xtpr pdcm pcid sse4_1 sse4_2 movbe popcnt tsc_deadline_timer aes xsave avx f16c rdrand lahf_lm abm arat epb xsaveopt pln pts dtherm tpr_shadow vnmi flexpriority ept vpid fsgsbase bmi1 avx2 smep bmi2 erms invpcid
bogomips	: 4788.39
clflush size	: 64
cache_alignment	: 64
address sizes	: 39 bits physical, 48 bits virtual
power management:

processor	: 3
vendor_id	: GenuineIntel
cpu family	: 6
model		: 69
model name	: Intel(R) Core(TM) i7-4500U CPU @ 1.80GHz
stepping	: 1
microcode	: 0x16
cpu MHz		: 1800.000
cache size	: 4096 KB
physical id	: 0
siblings	: 4
core id		: 1
cpu cores	: 2
apicid		: 3
initial apicid	: 3
fpu		: yes
fpu_exception	: yes
cpuid level	: 13
wp		: yes
flags		: fpu vme de pse tsc msr pae mce cx8 apic sep mtrr pge mca cmov pat pse36 clflush dts acpi mmx fxsr sse sse2 ss ht tm pbe syscall nx pdpe1gb rdtscp lm constant_tsc arch_perfmon pebs bts rep_good nopl xtopology nonstop_tsc aperfmperf pni pclmulqdq dtes64 monitor ds_cpl vmx est tm2 ssse3 fma cx16 xtpr pdcm pcid sse4_1 sse4_2 movbe popcnt tsc_deadline_timer aes xsave avx f16c rdrand lahf_lm abm arat epb xsaveopt pln pts dtherm tpr_shadow vnmi flexpriority ept vpid fsgsbase bmi1 avx2 smep bmi2 erms invpcid
bogomips	: 4788.39
clflush size	: 64
cache_alignment	: 64
address sizes	: 39 bits physical, 48 bits virtual
power management:



Memory: 4k page, physical 7690676k(107832k free), swap 0k(0k free)

vm_info: Java HotSpot(TM) 64-Bit Server VM (24.51-b03) for linux-amd64 JRE (1.7.0_51-b13), built on Dec 18 2013 18:48:01 by "java_re" with gcc 4.3.0 20080428 (Red Hat 4.3.0-8)

time: Wed Aug 27 12:28:16 2014
elapsed time: 0 seconds

