#
# There is insufficient memory for the Java Runtime Environment to continue.
# Native memory allocation (malloc) failed to allocate 64225280 bytes for committing reserved memory.
# Possible reasons:
#   The system is out of physical RAM or swap space
#   In 32 bit mode, the process size limit was hit
# Possible solutions:
#   Reduce memory load on the system
#   Increase physical memory or swap space
#   Check if swap backing store is full
#   Use 64 bit Java on a 64 bit OS
#   Decrease Java heap size (-Xmx/-Xms)
#   Decrease number of Java threads
#   Decrease Java thread stack sizes (-Xss)
#   Set larger code cache with -XX:ReservedCodeCacheSize=
# This output file may be truncated or incomplete.
#
#  Out of Memory Error (os_linux.cpp:2726), pid=15845, tid=140643829368576
#
# JRE version:  (7.0_51-b13) (build )
# Java VM: Java HotSpot(TM) 64-Bit Server VM (24.51-b03 mixed mode linux-amd64 compressed oops)
# Failed to write core dump. Core dumps have been disabled. To enable core dumping, try "ulimit -c unlimited" before starting Java again
#

---------------  T H R E A D  ---------------

Current thread (0x00007fea2800a000):  JavaThread "Unknown thread" [_thread_in_vm, id=15852, stack(0x00007fea316d4000,0x00007fea317d5000)]

Stack: [0x00007fea316d4000,0x00007fea317d5000],  sp=0x00007fea317d31a0,  free space=1020k
Native frames: (J=compiled Java code, j=interpreted, Vv=VM code, C=native code)
V  [libjvm.so+0x992f4a]  VMError::report_and_die()+0x2ea
V  [libjvm.so+0x4931ab]  report_vm_out_of_memory(char const*, int, unsigned long, char const*)+0x9b
V  [libjvm.so+0x81338e]  os::Linux::commit_memory_impl(char*, unsigned long, bool)+0xfe
V  [libjvm.so+0x81383f]  os::Linux::commit_memory_impl(char*, unsigned long, unsigned long, bool)+0x4f
V  [libjvm.so+0x813a2c]  os::pd_commit_memory(char*, unsigned long, unsigned long, bool)+0xc
V  [libjvm.so+0x80daea]  os::commit_memory(char*, unsigned long, unsigned long, bool)+0x2a
V  [libjvm.so+0x87fcd3]  PSVirtualSpace::expand_by(unsigned long)+0x53
V  [libjvm.so+0x82ad26]  ParMarkBitMap::initialize(MemRegion)+0x176
V  [libjvm.so+0x873fe7]  PSParallelCompact::initialize()+0x177
V  [libjvm.so+0x83448d]  ParallelScavengeHeap::initialize()+0x7fd
V  [libjvm.so+0x9664ca]  Universe::initialize_heap()+0xca
V  [libjvm.so+0x967699]  universe_init()+0x79
V  [libjvm.so+0x5a9625]  init_globals()+0x65
V  [libjvm.so+0x94ef8d]  Threads::create_vm(JavaVMInitArgs*, bool*)+0x1ed
V  [libjvm.so+0x6307e4]  JNI_CreateJavaVM+0x74
C  [libjli.so+0x2f8e]  JavaMain+0x9e


---------------  P R O C E S S  ---------------

Java Threads: ( => current thread )

Other Threads:

=>0x00007fea2800a000 (exited) JavaThread "Unknown thread" [_thread_in_vm, id=15852, stack(0x00007fea316d4000,0x00007fea317d5000)]

VM state:not at safepoint (not fully initialized)

VM Mutex/Monitor currently owned by a thread: None

GC Heap History (0 events):
No events

Deoptimization events (0 events):
No events

Internal exceptions (0 events):
No events

Events (0 events):
No events


Dynamic libraries:
00400000-00401000 r-xp 00000000 08:03 1585325                            /usr/local/java/jdk1.7.0_51/bin/javac
00600000-00601000 rw-p 00000000 08:03 1585325                            /usr/local/java/jdk1.7.0_51/bin/javac
00fd7000-00ff8000 rw-p 00000000 00:00 0                                  [heap]
85800000-86d00000 rw-p 00000000 00:00 0 
86d00000-8aa00000 rw-p 00000000 00:00 0 
8aa00000-8af80000 rw-p 00000000 00:00 0 
8af80000-d8e00000 rw-p 00000000 00:00 0 
d8e00000-d9200000 rw-p 00000000 00:00 0 
d9200000-100000000 rw-p 00000000 00:00 0 
7fea10000000-7fea10021000 rw-p 00000000 00:00 0 
7fea10021000-7fea14000000 ---p 00000000 00:00 0 
7fea14000000-7fea14021000 rw-p 00000000 00:00 0 
7fea14021000-7fea18000000 ---p 00000000 00:00 0 
7fea18000000-7fea18021000 rw-p 00000000 00:00 0 
7fea18021000-7fea1c000000 ---p 00000000 00:00 0 
7fea20000000-7fea20021000 rw-p 00000000 00:00 0 
7fea20021000-7fea24000000 ---p 00000000 00:00 0 
7fea25000000-7fea25270000 rwxp 00000000 00:00 0 
7fea25270000-7fea28030000 rw-p 00000000 00:00 0 
7fea28030000-7fea2c000000 ---p 00000000 00:00 0 
7fea2dd20000-7fea2df65000 rw-p 00000000 00:00 0 
7fea2df65000-7fea2df66000 ---p 00000000 00:00 0 
7fea2df66000-7fea2e066000 rw-p 00000000 00:00 0                          [stack:15856]
7fea2e066000-7fea2e067000 ---p 00000000 00:00 0 
7fea2e067000-7fea2e167000 rw-p 00000000 00:00 0                          [stack:15855]
7fea2e167000-7fea2e168000 ---p 00000000 00:00 0 
7fea2e168000-7fea2e268000 rw-p 00000000 00:00 0                          [stack:15854]
7fea2e268000-7fea2e269000 ---p 00000000 00:00 0 
7fea2e269000-7fea2e374000 rw-p 00000000 00:00 0                          [stack:15853]
7fea2e374000-7fea2e392000 rw-p 00000000 00:00 0 
7fea2e392000-7fea2e395000 rw-p 00000000 00:00 0 
7fea2e395000-7fea2e604000 rw-p 00000000 00:00 0 
7fea2e604000-7fea2e60f000 rw-p 00000000 00:00 0 
7fea2e60f000-7fea2e62d000 rw-p 00000000 00:00 0 
7fea2e62d000-7fea2e630000 rw-p 00000000 00:00 0 
7fea2e630000-7fea2e89f000 rw-p 00000000 00:00 0 
7fea2e89f000-7fea2e8a1000 rw-p 00000000 00:00 0 
7fea2e8a1000-7fea2e9d8000 rw-p 00000000 00:00 0 
7fea2e9d8000-7fea2e9d9000 rw-p 00000000 00:00 0 
7fea2e9d9000-7fea2e9f3000 r-xp 00000000 08:03 1585045                    /usr/local/java/jdk1.7.0_51/jre/lib/amd64/libzip.so
7fea2e9f3000-7fea2ebf3000 ---p 0001a000 08:03 1585045                    /usr/local/java/jdk1.7.0_51/jre/lib/amd64/libzip.so
7fea2ebf3000-7fea2ebf4000 rw-p 0001a000 08:03 1585045                    /usr/local/java/jdk1.7.0_51/jre/lib/amd64/libzip.so
7fea2ebf4000-7fea2ebff000 r-xp 00000000 08:03 4592658                    /lib/x86_64-linux-gnu/libnss_files-2.19.so
7fea2ebff000-7fea2edfe000 ---p 0000b000 08:03 4592658                    /lib/x86_64-linux-gnu/libnss_files-2.19.so
7fea2edfe000-7fea2edff000 r--p 0000a000 08:03 4592658                    /lib/x86_64-linux-gnu/libnss_files-2.19.so
7fea2edff000-7fea2ee00000 rw-p 0000b000 08:03 4592658                    /lib/x86_64-linux-gnu/libnss_files-2.19.so
7fea2ee00000-7fea2ee0b000 r-xp 00000000 08:03 4592659                    /lib/x86_64-linux-gnu/libnss_nis-2.19.so
7fea2ee0b000-7fea2f00a000 ---p 0000b000 08:03 4592659                    /lib/x86_64-linux-gnu/libnss_nis-2.19.so
7fea2f00a000-7fea2f00b000 r--p 0000a000 08:03 4592659                    /lib/x86_64-linux-gnu/libnss_nis-2.19.so
7fea2f00b000-7fea2f00c000 rw-p 0000b000 08:03 4592659                    /lib/x86_64-linux-gnu/libnss_nis-2.19.so
7fea2f00c000-7fea2f023000 r-xp 00000000 08:03 4592319                    /lib/x86_64-linux-gnu/libnsl-2.19.so
7fea2f023000-7fea2f222000 ---p 00017000 08:03 4592319                    /lib/x86_64-linux-gnu/libnsl-2.19.so
7fea2f222000-7fea2f223000 r--p 00016000 08:03 4592319                    /lib/x86_64-linux-gnu/libnsl-2.19.so
7fea2f223000-7fea2f224000 rw-p 00017000 08:03 4592319                    /lib/x86_64-linux-gnu/libnsl-2.19.so
7fea2f224000-7fea2f226000 rw-p 00000000 00:00 0 
7fea2f226000-7fea2f22f000 r-xp 00000000 08:03 4592316                    /lib/x86_64-linux-gnu/libnss_compat-2.19.so
7fea2f22f000-7fea2f42e000 ---p 00009000 08:03 4592316                    /lib/x86_64-linux-gnu/libnss_compat-2.19.so
7fea2f42e000-7fea2f42f000 r--p 00008000 08:03 4592316                    /lib/x86_64-linux-gnu/libnss_compat-2.19.so
7fea2f42f000-7fea2f430000 rw-p 00009000 08:03 4592316                    /lib/x86_64-linux-gnu/libnss_compat-2.19.so
7fea2f430000-7fea2f459000 r-xp 00000000 08:03 1585027                    /usr/local/java/jdk1.7.0_51/jre/lib/amd64/libjava.so
7fea2f459000-7fea2f659000 ---p 00029000 08:03 1585027                    /usr/local/java/jdk1.7.0_51/jre/lib/amd64/libjava.so
7fea2f659000-7fea2f65b000 rw-p 00029000 08:03 1585027                    /usr/local/java/jdk1.7.0_51/jre/lib/amd64/libjava.so
7fea2f65b000-7fea2f668000 r-xp 00000000 08:03 1585064                    /usr/local/java/jdk1.7.0_51/jre/lib/amd64/libverify.so
7fea2f668000-7fea2f867000 ---p 0000d000 08:03 1585064                    /usr/local/java/jdk1.7.0_51/jre/lib/amd64/libverify.so
7fea2f867000-7fea2f869000 rw-p 0000c000 08:03 1585064                    /usr/local/java/jdk1.7.0_51/jre/lib/amd64/libverify.so
7fea2f869000-7fea2f870000 r-xp 00000000 08:03 4592321                    /lib/x86_64-linux-gnu/librt-2.19.so
7fea2f870000-7fea2fa6f000 ---p 00007000 08:03 4592321                    /lib/x86_64-linux-gnu/librt-2.19.so
7fea2fa6f000-7fea2fa70000 r--p 00006000 08:03 4592321                    /lib/x86_64-linux-gnu/librt-2.19.so
7fea2fa70000-7fea2fa71000 rw-p 00007000 08:03 4592321                    /lib/x86_64-linux-gnu/librt-2.19.so
7fea2fa71000-7fea2fb76000 r-xp 00000000 08:03 4592328                    /lib/x86_64-linux-gnu/libm-2.19.so
7fea2fb76000-7fea2fd75000 ---p 00105000 08:03 4592328                    /lib/x86_64-linux-gnu/libm-2.19.so
7fea2fd75000-7fea2fd76000 r--p 00104000 08:03 4592328                    /lib/x86_64-linux-gnu/libm-2.19.so
7fea2fd76000-7fea2fd77000 rw-p 00105000 08:03 4592328                    /lib/x86_64-linux-gnu/libm-2.19.so
7fea2fd77000-7fea308d9000 r-xp 00000000 08:03 1585038                    /usr/local/java/jdk1.7.0_51/jre/lib/amd64/server/libjvm.so
7fea308d9000-7fea30ad9000 ---p 00b62000 08:03 1585038                    /usr/local/java/jdk1.7.0_51/jre/lib/amd64/server/libjvm.so
7fea30ad9000-7fea30b9c000 rw-p 00b62000 08:03 1585038                    /usr/local/java/jdk1.7.0_51/jre/lib/amd64/server/libjvm.so
7fea30b9c000-7fea30bdd000 rw-p 00000000 00:00 0 
7fea30bdd000-7fea30d98000 r-xp 00000000 08:03 4592325                    /lib/x86_64-linux-gnu/libc-2.19.so
7fea30d98000-7fea30f98000 ---p 001bb000 08:03 4592325                    /lib/x86_64-linux-gnu/libc-2.19.so
7fea30f98000-7fea30f9c000 r--p 001bb000 08:03 4592325                    /lib/x86_64-linux-gnu/libc-2.19.so
7fea30f9c000-7fea30f9e000 rw-p 001bf000 08:03 4592325                    /lib/x86_64-linux-gnu/libc-2.19.so
7fea30f9e000-7fea30fa3000 rw-p 00000000 00:00 0 
7fea30fa3000-7fea30fa6000 r-xp 00000000 08:03 4592663                    /lib/x86_64-linux-gnu/libdl-2.19.so
7fea30fa6000-7fea311a5000 ---p 00003000 08:03 4592663                    /lib/x86_64-linux-gnu/libdl-2.19.so
7fea311a5000-7fea311a6000 r--p 00002000 08:03 4592663                    /lib/x86_64-linux-gnu/libdl-2.19.so
7fea311a6000-7fea311a7000 rw-p 00003000 08:03 4592663                    /lib/x86_64-linux-gnu/libdl-2.19.so
7fea311a7000-7fea311bd000 r-xp 00000000 08:03 1583823                    /usr/local/java/jdk1.7.0_51/lib/amd64/jli/libjli.so
7fea311bd000-7fea313bd000 ---p 00016000 08:03 1583823                    /usr/local/java/jdk1.7.0_51/lib/amd64/jli/libjli.so
7fea313bd000-7fea313be000 rw-p 00016000 08:03 1583823                    /usr/local/java/jdk1.7.0_51/lib/amd64/jli/libjli.so
7fea313be000-7fea313d7000 r-xp 00000000 08:03 4592664                    /lib/x86_64-linux-gnu/libpthread-2.19.so
7fea313d7000-7fea315d6000 ---p 00019000 08:03 4592664                    /lib/x86_64-linux-gnu/libpthread-2.19.so
7fea315d6000-7fea315d7000 r--p 00018000 08:03 4592664                    /lib/x86_64-linux-gnu/libpthread-2.19.so
7fea315d7000-7fea315d8000 rw-p 00019000 08:03 4592664                    /lib/x86_64-linux-gnu/libpthread-2.19.so
7fea315d8000-7fea315dc000 rw-p 00000000 00:00 0 
7fea315dc000-7fea315ff000 r-xp 00000000 08:03 4592326                    /lib/x86_64-linux-gnu/ld-2.19.so
7fea31614000-7fea3161e000 rw-p 00000000 00:00 0 
7fea3161e000-7fea316d4000 rw-p 00000000 00:00 0 
7fea316d4000-7fea316d7000 ---p 00000000 00:00 0 
7fea316d7000-7fea317d9000 rw-p 00000000 00:00 0                          [stack:15852]
7fea317f0000-7fea317f2000 rw-p 00000000 00:00 0 
7fea317f2000-7fea317fa000 rw-s 00000000 08:03 1838400                    /tmp/hsperfdata_florian/15845
7fea317fa000-7fea317fb000 rw-p 00000000 00:00 0 
7fea317fb000-7fea317fc000 r--p 00000000 00:00 0 
7fea317fc000-7fea317fe000 rw-p 00000000 00:00 0 
7fea317fe000-7fea317ff000 r--p 00022000 08:03 4592326                    /lib/x86_64-linux-gnu/ld-2.19.so
7fea317ff000-7fea31800000 rw-p 00023000 08:03 4592326                    /lib/x86_64-linux-gnu/ld-2.19.so
7fea31800000-7fea31801000 rw-p 00000000 00:00 0 
7fff3233d000-7fff3235f000 rw-p 00000000 00:00 0                          [stack]
7fff323dd000-7fff323df000 r-xp 00000000 00:00 0                          [vdso]
ffffffffff600000-ffffffffff601000 r-xp 00000000 00:00 0                  [vsyscall]

VM Arguments:
jvm_args: -Dapplication.home=/usr/local/java/jdk1.7.0_51 -Xms8m 
java_command: com.sun.tools.javac.Main @/tmp/sbt_779180b9/argfile
Launcher Type: SUN_STANDARD

Environment Variables:
JAVA_HOME=/usr/local/java/jdk1.7.0_51
PATH=/home/florian/.rvm/gems/ruby-2.1.2/bin:/home/florian/.rvm/gems/ruby-2.1.2@global/bin:/home/florian/.rvm/rubies/ruby-2.1.2/bin:/usr/local/heroku/bin:/usr/local/sbin:/usr/local/bin:/usr/sbin:/usr/bin:/sbin:/bin:/usr/games:/usr/local/games:/home/florian/bin:/usr/local/java/jdk1.7.0_51/bin:/home/florian/maven3/bin:/home/florian/.rvm/bin:/home/florian/maven3/bin:/home/jcarton/activator-1.2.2/activator:/home/florian/.rvm/bin
SHELL=/bin/bash
DISPLAY=:0

Signal Handlers:
SIGSEGV: [libjvm.so+0x993870], sa_mask[0]=0x7ffbfeff, sa_flags=0x10000004
SIGBUS: [libjvm.so+0x993870], sa_mask[0]=0x7ffbfeff, sa_flags=0x10000004
SIGFPE: [libjvm.so+0x8105b0], sa_mask[0]=0x7ffbfeff, sa_flags=0x10000004
SIGPIPE: [libjvm.so+0x8105b0], sa_mask[0]=0x7ffbfeff, sa_flags=0x10000004
SIGXFSZ: [libjvm.so+0x8105b0], sa_mask[0]=0x7ffbfeff, sa_flags=0x10000004
SIGILL: [libjvm.so+0x8105b0], sa_mask[0]=0x7ffbfeff, sa_flags=0x10000004
SIGUSR1: SIG_DFL, sa_mask[0]=0x00000000, sa_flags=0x00000000
SIGUSR2: [libjvm.so+0x811aa0], sa_mask[0]=0x00000004, sa_flags=0x10000004
SIGHUP: SIG_DFL, sa_mask[0]=0x00000000, sa_flags=0x00000000
SIGINT: SIG_DFL, sa_mask[0]=0x00000000, sa_flags=0x00000000
SIGTERM: SIG_DFL, sa_mask[0]=0x00000000, sa_flags=0x00000000
SIGQUIT: SIG_DFL, sa_mask[0]=0x00000000, sa_flags=0x00000000


---------------  S Y S T E M  ---------------

OS:jessie/sid

uname:Linux 3.13.0-39-generic #66-Ubuntu SMP Tue Oct 28 13:30:27 UTC 2014 x86_64
libc:glibc 2.19 NPTL 2.19 
rlimit: STACK 8192k, CORE 0k, NPROC 59838, NOFILE 4096, AS infinity
load average:6.31 2.50 1.72

/proc/meminfo:
MemTotal:        7689432 kB
MemFree:          107600 kB
Buffers:             344 kB
Cached:           946196 kB
SwapCached:            0 kB
Active:          6768372 kB
Inactive:         507792 kB
Active(anon):    6757584 kB
Inactive(anon):   498512 kB
Active(file):      10788 kB
Inactive(file):     9280 kB
Unevictable:          48 kB
Mlocked:              48 kB
SwapTotal:             0 kB
SwapFree:              0 kB
Dirty:                24 kB
Writeback:             0 kB
AnonPages:       6330488 kB
Mapped:           341904 kB
Shmem:            925400 kB
Slab:             108852 kB
SReclaimable:      39964 kB
SUnreclaim:        68888 kB
KernelStack:        7720 kB
PageTables:        83732 kB
NFS_Unstable:          0 kB
Bounce:                0 kB
WritebackTmp:          0 kB
CommitLimit:     3844716 kB
Committed_AS:   14373912 kB
VmallocTotal:   34359738367 kB
VmallocUsed:      359592 kB
VmallocChunk:   34359373104 kB
HardwareCorrupted:     0 kB
AnonHugePages:   2674688 kB
HugePages_Total:       0
HugePages_Free:        0
HugePages_Rsvd:        0
HugePages_Surp:        0
Hugepagesize:       2048 kB
DirectMap4k:       86504 kB
DirectMap2M:     2566144 kB
DirectMap1G:     5242880 kB


CPU:total 4 (2 cores per cpu, 2 threads per core) family 6 model 69 stepping 1, cmov, cx8, fxsr, mmx, sse, sse2, sse3, ssse3, sse4.1, sse4.2, popcnt, avx, avx2, aes, erms, ht, tsc, tscinvbit

/proc/cpuinfo:
processor	: 0
vendor_id	: GenuineIntel
cpu family	: 6
model		: 69
model name	: Intel(R) Core(TM) i7-4500U CPU @ 1.80GHz
stepping	: 1
microcode	: 0x16
cpu MHz		: 1800.000
cache size	: 4096 KB
physical id	: 0
siblings	: 4
core id		: 0
cpu cores	: 2
apicid		: 0
initial apicid	: 0
fpu		: yes
fpu_exception	: yes
cpuid level	: 13
wp		: yes
flags		: fpu vme de pse tsc msr pae mce cx8 apic sep mtrr pge mca cmov pat pse36 clflush dts acpi mmx fxsr sse sse2 ss ht tm pbe syscall nx pdpe1gb rdtscp lm constant_tsc arch_perfmon pebs bts rep_good nopl xtopology nonstop_tsc aperfmperf eagerfpu pni pclmulqdq dtes64 monitor ds_cpl vmx est tm2 ssse3 fma cx16 xtpr pdcm pcid sse4_1 sse4_2 movbe popcnt tsc_deadline_timer aes xsave avx f16c rdrand lahf_lm abm ida arat epb xsaveopt pln pts dtherm tpr_shadow vnmi flexpriority ept vpid fsgsbase tsc_adjust bmi1 avx2 smep bmi2 erms invpcid
bogomips	: 4788.62
clflush size	: 64
cache_alignment	: 64
address sizes	: 39 bits physical, 48 bits virtual
power management:

processor	: 1
vendor_id	: GenuineIntel
cpu family	: 6
model		: 69
model name	: Intel(R) Core(TM) i7-4500U CPU @ 1.80GHz
stepping	: 1
microcode	: 0x16
cpu MHz		: 1800.000
cache size	: 4096 KB
physical id	: 0
siblings	: 4
core id		: 0
cpu cores	: 2
apicid		: 1
initial apicid	: 1
fpu		: yes
fpu_exception	: yes
cpuid level	: 13
wp		: yes
flags		: fpu vme de pse tsc msr pae mce cx8 apic sep mtrr pge mca cmov pat pse36 clflush dts acpi mmx fxsr sse sse2 ss ht tm pbe syscall nx pdpe1gb rdtscp lm constant_tsc arch_perfmon pebs bts rep_good nopl xtopology nonstop_tsc aperfmperf eagerfpu pni pclmulqdq dtes64 monitor ds_cpl vmx est tm2 ssse3 fma cx16 xtpr pdcm pcid sse4_1 sse4_2 movbe popcnt tsc_deadline_timer aes xsave avx f16c rdrand lahf_lm abm ida arat epb xsaveopt pln pts dtherm tpr_shadow vnmi flexpriority ept vpid fsgsbase tsc_adjust bmi1 avx2 smep bmi2 erms invpcid
bogomips	: 4788.62
clflush size	: 64
cache_alignment	: 64
address sizes	: 39 bits physical, 48 bits virtual
power management:

processor	: 2
vendor_id	: GenuineIntel
cpu family	: 6
model		: 69
model name	: Intel(R) Core(TM) i7-4500U CPU @ 1.80GHz
stepping	: 1
microcode	: 0x16
cpu MHz		: 1800.000
cache size	: 4096 KB
physical id	: 0
siblings	: 4
core id		: 1
cpu cores	: 2
apicid		: 2
initial apicid	: 2
fpu		: yes
fpu_exception	: yes
cpuid level	: 13
wp		: yes
flags		: fpu vme de pse tsc msr pae mce cx8 apic sep mtrr pge mca cmov pat pse36 clflush dts acpi mmx fxsr sse sse2 ss ht tm pbe syscall nx pdpe1gb rdtscp lm constant_tsc arch_perfmon pebs bts rep_good nopl xtopology nonstop_tsc aperfmperf eagerfpu pni pclmulqdq dtes64 monitor ds_cpl vmx est tm2 ssse3 fma cx16 xtpr pdcm pcid sse4_1 sse4_2 movbe popcnt tsc_deadline_timer aes xsave avx f16c rdrand lahf_lm abm ida arat epb xsaveopt pln pts dtherm tpr_shadow vnmi flexpriority ept vpid fsgsbase tsc_adjust bmi1 avx2 smep bmi2 erms invpcid
bogomips	: 4788.62
clflush size	: 64
cache_alignment	: 64
address sizes	: 39 bits physical, 48 bits virtual
power management:

processor	: 3
vendor_id	: GenuineIntel
cpu family	: 6
model		: 69
model name	: Intel(R) Core(TM) i7-4500U CPU @ 1.80GHz
stepping	: 1
microcode	: 0x16
cpu MHz		: 1800.000
cache size	: 4096 KB
physical id	: 0
siblings	: 4
core id		: 1
cpu cores	: 2
apicid		: 3
initial apicid	: 3
fpu		: yes
fpu_exception	: yes
cpuid level	: 13
wp		: yes
flags		: fpu vme de pse tsc msr pae mce cx8 apic sep mtrr pge mca cmov pat pse36 clflush dts acpi mmx fxsr sse sse2 ss ht tm pbe syscall nx pdpe1gb rdtscp lm constant_tsc arch_perfmon pebs bts rep_good nopl xtopology nonstop_tsc aperfmperf eagerfpu pni pclmulqdq dtes64 monitor ds_cpl vmx est tm2 ssse3 fma cx16 xtpr pdcm pcid sse4_1 sse4_2 movbe popcnt tsc_deadline_timer aes xsave avx f16c rdrand lahf_lm abm ida arat epb xsaveopt pln pts dtherm tpr_shadow vnmi flexpriority ept vpid fsgsbase tsc_adjust bmi1 avx2 smep bmi2 erms invpcid
bogomips	: 4788.62
clflush size	: 64
cache_alignment	: 64
address sizes	: 39 bits physical, 48 bits virtual
power management:



Memory: 4k page, physical 7689432k(109532k free), swap 0k(0k free)

vm_info: Java HotSpot(TM) 64-Bit Server VM (24.51-b03) for linux-amd64 JRE (1.7.0_51-b13), built on Dec 18 2013 18:48:01 by "java_re" with gcc 4.3.0 20080428 (Red Hat 4.3.0-8)

time: Fri Nov  7 13:32:53 2014
elapsed time: 0 seconds

