#
# A fatal error has been detected by the Java Runtime Environment:
#
#  SIGSEGV (0xb) at pc=0x0000000106f23624, pid=25110, tid=66151
#
# JRE version: Java(TM) SE Runtime Environment (7.0_60-b19) (build 1.7.0_60-b19)
# Java VM: Java HotSpot(TM) 64-Bit Server VM (24.60-b09 mixed mode bsd-amd64 compressed oops)
# Problematic frame:
# V  [libjvm.dylib+0x323624]  JNIHandleBlock::allocate_handle(oopDesc*)+0x150
#
# Failed to write core dump. Core dumps have been disabled. To enable core dumping, try "ulimit -c unlimited" before starting Java again
#
# If you would like to submit a bug report, please visit:
#   http://bugreport.sun.com/bugreport/crash.jsp
#

---------------  T H R E A D  ---------------

Current thread (0x00007fc8cc715000):  JavaThread "pool-38-thread-1" [_thread_in_vm, id=66151, stack(0x00000001164f7000,0x00000001165f7000)]

siginfo:si_signo=SIGSEGV: si_errno=0, si_code=1 (SEGV_MAPERR), si_addr=0x0000000000000001

Registers:
RAX=0x0000000000000001, RBX=0x00007fc8cbc1b5b0, RCX=0x00007fc8d2486910, RDX=0x0000000000000001
RSP=0x00000001165f4980, RBP=0x00000001165f49b0, RSI=0x00000007e7131648, RDI=0x00007fc8cbc1b5b0
R8 =0x0000000000000051, R9 =0x0000000000000055, R10=0x00000001076717cc, R11=0x0000000107075b7b
R12=0x0000000000000000, R13=0x00000007025585f8, R14=0x00000001073734a0, R15=0x00000007e7131648
RIP=0x0000000106f23624, EFLAGS=0x0000000000010202, ERR=0x0000000000000004
  TRAPNO=0x000000000000000e

Top of Stack: (sp=0x00000001165f4980)
0x00000001165f4980:   00000001165f49b0 00007fc8cd4d5070
0x00000001165f4990:   0000000000000000 00000007025585f8
0x00000001165f49a0:   00007fc8cbc10e70 00007fc8cc715000
0x00000001165f49b0:   00000001165f49d0 0000000106f236b6
0x00000001165f49c0:   00000007e7131648 00007fc8cc7151e8
0x00000001165f49d0:   00000001165f4a30 0000000106effdad
0x00000001165f49e0:   00000007e6ce4e10 00007fc8cc715000
0x00000001165f49f0:   0000000000000000 0000000000000000
0x00000001165f4a00:   00000001165f49f0 00007fc8cc715000
0x00000001165f4a10:   00007fc8cc715000 00007fc8cc7151e8
0x00000001165f4a20:   00000001165f4b20 00007fc8cc715000
0x00000001165f4a30:   00000001165f4aa0 0000000116f95663
0x00000001165f4a40:   00000001165f4ab0 0000000107665350
0x00000001165f4a50:   0000000000000000 0000000107665350
0x00000001165f4a60:   0000000781bbcbb8 00000007e7131418
0x00000001165f4a70:   00000001165f4a70 0000000702558600
0x00000001165f4a80:   0000000000000000 00000007025585f8
0x00000001165f4a90:   00000001165f4b20 00007fc8cc715000
0x00000001165f4aa0:   00000001165f4b00 00000001076717f8
0x00000001165f4ab0:   00000001165f4b30 0000000107665233
0x00000001165f4ac0:   00000001165f4ac0 0000000000000000
0x00000001165f4ad0:   00000001165f4b20 0000000702559df0
0x00000001165f4ae0:   0000000000000000 0000000702558600
0x00000001165f4af0:   0000000000000000 00000001165f4b20
0x00000001165f4b00:   00000001165f4b68 00000001076651d4
0x00000001165f4b10:   0000000783c4ad00 000000010766dcd6
0x00000001165f4b20:   00000007e7131648 00000001165f4b28
0x00000001165f4b30:   000000070255889c 00000001165f4ba0
0x00000001165f4b40:   0000000702559df0 0000000000000000
0x00000001165f4b50:   0000000702558938 00000001165f4b20
0x00000001165f4b60:   00000001165f4ba0 00000001165f4be8
0x00000001165f4b70:   00000001076651d4 0000000000000000 

Instructions: (pc=0x0000000106f23624)
0x0000000106f23604:   8d 50 01 89 91 00 01 00 00 4c 89 3c c1 48 8d 04
0x0000000106f23614:   c1 48 83 c4 08 5b 41 5c 41 5d 41 5e 41 5f 5d c3
0x0000000106f23624:   48 8b 08 48 89 8b 20 01 00 00 4c 89 38 eb e2 90
0x0000000106f23634:   55 48 89 e5 41 56 53 48 85 ff 74 34 48 89 fb 48 

Register to memory mapping:

RAX=0x0000000000000001 is an unknown value
RBX=0x00007fc8cbc1b5b0 is a global jni handle
RCX=0x00007fc8d2486910 is a global jni handle
RDX=0x0000000000000001 is an unknown value
RSP=0x00000001165f4980 is pointing into the stack for thread: 0x00007fc8cc715000
RBP=0x00000001165f49b0 is pointing into the stack for thread: 0x00007fc8cc715000
RSI=0x00000007e7131648 is an oop
java.lang.String 
 - klass: 'java/lang/String'
RDI=0x00007fc8cbc1b5b0 is a global jni handle
R8 =0x0000000000000051 is an unknown value
R9 =0x0000000000000055 is an unknown value
R10=0x00000001076717cc is at code_begin+620 in an Interpreter codelet
method entry point (kind = native)  [0x0000000107671560, 0x0000000107671da0]  2112 bytes
R11=0x0000000107075b7b: throw_unsatisfied_link_error+0 in /Library/Java/JavaVirtualMachines/jdk1.7.0_60.jdk/Contents/Home/jre/lib/server/libjvm.dylib at 0x0000000106c00000
R12=0x0000000000000000 is an unknown value
R13=0x00000007025585f8 is pointing into object: 0x00000007025585b8
{constMethod} 
 - klass: {other class}
 - constants:       0x0000000702557e90 constant pool [130] for 'net/contentobjects/jnotify/macosx/JNotify_macosx' cache=0x0000000702559df0
R14=0x00000001073734a0: _ZN18ThreadLocalStorage13_thread_indexE+0 in /Library/Java/JavaVirtualMachines/jdk1.7.0_60.jdk/Contents/Home/jre/lib/server/libjvm.dylib at 0x0000000106c00000
R15=0x00000007e7131648 is an oop
java.lang.String 
 - klass: 'java/lang/String'


Stack: [0x00000001164f7000,0x00000001165f7000],  sp=0x00000001165f4980,  free space=1014k
Native frames: (J=compiled Java code, j=interpreted, Vv=VM code, C=native code)
V  [libjvm.dylib+0x323624]  JNIHandleBlock::allocate_handle(oopDesc*)+0x150
V  [libjvm.dylib+0x3236b6]  JNIHandles::make_global(Handle)+0x30
V  [libjvm.dylib+0x2ffdad]  jni_NewGlobalRef+0x8a
C  [libjnotify.jnilib+0x1663]  Java_net_contentobjects_jnotify_macosx_JNotify_1macosx_nativeAddWatch+0x23
j  net.contentobjects.jnotify.macosx.JNotify_macosx.nativeAddWatch(Ljava/lang/String;)I+0
j  net.contentobjects.jnotify.macosx.JNotify_macosx.addWatch(Ljava/lang/String;)I+44
j  net.contentobjects.jnotify.macosx.JNotifyAdapterMacOSX.addWatch(Ljava/lang/String;IZLnet/contentobjects/jnotify/JNotifyListener;)I+50
j  net.contentobjects.jnotify.JNotify.addWatch(Ljava/lang/String;IZLnet/contentobjects/jnotify/JNotifyListener;)I+7
v  ~StubRoutines::call_stub
V  [libjvm.dylib+0x2db350]  JavaCalls::call_helper(JavaValue*, methodHandle*, JavaCallArguments*, Thread*)+0x22a
V  [libjvm.dylib+0x2db120]  JavaCalls::call(JavaValue*, methodHandle, JavaCallArguments*, Thread*)+0x28
V  [libjvm.dylib+0x465f40]  Reflection::invoke(instanceKlassHandle, methodHandle, Handle, bool, objArrayHandle, BasicType, objArrayHandle, bool, Thread*)+0x9fc
V  [libjvm.dylib+0x4663a6]  Reflection::invoke_method(oopDesc*, Handle, objArrayHandle, Thread*)+0x16e
V  [libjvm.dylib+0x327b83]  JVM_InvokeMethod+0x166
j  sun.reflect.NativeMethodAccessorImpl.invoke0(Ljava/lang/reflect/Method;Ljava/lang/Object;[Ljava/lang/Object;)Ljava/lang/Object;+0
j  sun.reflect.NativeMethodAccessorImpl.invoke(Ljava/lang/Object;[Ljava/lang/Object;)Ljava/lang/Object;+87
J 3049 C2 java.lang.reflect.Method.invoke(Ljava/lang/Object;[Ljava/lang/Object;)Ljava/lang/Object; (63 bytes) @ 0x0000000107a8c2d0 [0x0000000107a8c240+0x90]
j  play.PlayReloader$$anon$1$$anon$6.addWatch(Ljava/lang/String;)I+43
v  ~StubRoutines::call_stub
V  [libjvm.dylib+0x2db350]  JavaCalls::call_helper(JavaValue*, methodHandle*, JavaCallArguments*, Thread*)+0x22a
V  [libjvm.dylib+0x2db120]  JavaCalls::call(JavaValue*, methodHandle, JavaCallArguments*, Thread*)+0x28
V  [libjvm.dylib+0x465f40]  Reflection::invoke(instanceKlassHandle, methodHandle, Handle, bool, objArrayHandle, BasicType, objArrayHandle, bool, Thread*)+0x9fc
V  [libjvm.dylib+0x4663a6]  Reflection::invoke_method(oopDesc*, Handle, objArrayHandle, Thread*)+0x16e
V  [libjvm.dylib+0x327b83]  JVM_InvokeMethod+0x166
j  sun.reflect.NativeMethodAccessorImpl.invoke0(Ljava/lang/reflect/Method;Ljava/lang/Object;[Ljava/lang/Object;)Ljava/lang/Object;+0
j  sun.reflect.NativeMethodAccessorImpl.invoke(Ljava/lang/Object;[Ljava/lang/Object;)Ljava/lang/Object;+87
J 3049 C2 java.lang.reflect.Method.invoke(Ljava/lang/Object;[Ljava/lang/Object;)Ljava/lang/Object; (63 bytes) @ 0x0000000107a8c2d0 [0x0000000107a8c240+0x90]
j  play.PlayReloader$$anon$1$$anonfun$10.apply(Ljava/io/File;)I+27
j  play.PlayReloader$$anon$1$$anonfun$10.apply(Ljava/lang/Object;)Ljava/lang/Object;+5
J 562 C2 scala.collection.TraversableLike$$anonfun$map$1.apply(Ljava/lang/Object;)Ljava/lang/Object; (6 bytes) @ 0x00000001077902ec [0x00000001077902a0+0x4c]
J 212 C2 scala.collection.immutable.List.foreach(Lscala/Function1;)V (32 bytes) @ 0x000000010771fe4c [0x000000010771fdc0+0x8c]
J 4123 C2 scala.collection.AbstractTraversable.map(Lscala/Function1;Lscala/collection/generic/CanBuildFrom;)Ljava/lang/Object; (7 bytes) @ 0x0000000107f15c24 [0x0000000107f15b40+0xe4]
j  play.PlayReloader$$anon$1.<init>(Lplay/PlayReloader;Lsbt/Extracted;Lsbt/State;Lsbt/TaskKey;Lscala/Function3;Lsbt/TaskKey;Ljava/lang/ClassLoader;)V+272
j  play.PlayReloader$class.newReloader(Lplay/PlayReloader;Lsbt/State;Lsbt/TaskKey;Lscala/Function3;Lsbt/TaskKey;Ljava/lang/ClassLoader;)Lplay/core/SBTLink;+23
j  play.Project$.newReloader(Lsbt/State;Lsbt/TaskKey;Lscala/Function3;Lsbt/TaskKey;Ljava/lang/ClassLoader;)Lplay/core/SBTLink;+8
j  play.PlayRun$$anonfun$playRunTask$1$$anonfun$apply$1.reloader$lzycompute$1(Lsbt/State;Ljava/lang/ClassLoader;Lscala/collection/Seq;Lscala/Function3;Lscala/Function3;Ljava/lang/ClassLoader;Lscala/runtime/ObjectRef;Lscala/runtime/ObjectRef;Lscala/runtime/ObjectRef;Lscala/runtime/VolatileByteRef;)Lplay/core/SBTLink;+72
j  play.PlayRun$$anonfun$playRunTask$1$$anonfun$apply$1.play$PlayRun$class$$anonfun$$anonfun$$reloader$1(Lsbt/State;Ljava/lang/ClassLoader;Lscala/collection/Seq;Lscala/Function3;Lscala/Function3;Ljava/lang/ClassLoader;Lscala/runtime/ObjectRef;Lscala/runtime/ObjectRef;Lscala/runtime/ObjectRef;Lscala/runtime/VolatileByteRef;)Lplay/core/SBTLink;+30
j  play.PlayRun$$anonfun$playRunTask$1$$anonfun$apply$1.apply(Lscala/collection/Seq;Lsbt/State;Ljava/lang/ClassLoader;Lscala/collection/Seq;Lscala/collection/Seq;Lscala/Function3;Lscala/Function3;)V+595
j  play.PlayRun$$anonfun$playRunTask$1$$anonfun$apply$1.apply(Ljava/lang/Object;Ljava/lang/Object;Ljava/lang/Object;Ljava/lang/Object;Ljava/lang/Object;Ljava/lang/Object;Ljava/lang/Object;)Ljava/lang/Object;+33
j  scala.Function7$$anonfun$tupled$1.apply(Lscala/Tuple7;)Ljava/lang/Object;+36
j  scala.Function7$$anonfun$tupled$1.apply(Ljava/lang/Object;)Ljava/lang/Object;+5
j  scala.Function1$$anonfun$compose$1.apply(Ljava/lang/Object;)Ljava/lang/Object;+14
j  sbt.$tilde$greater$$anonfun$$u2219$1.apply(Ljava/lang/Object;)Ljava/lang/Object;+13
j  sbt.std.Transform$$anon$4.work(Ljava/lang/Object;)Lscala/util/Either;+5
j  sbt.Execute$$anonfun$submit$1$$anonfun$apply$1.apply()Lscala/util/Either;+14
j  sbt.Execute$$anonfun$submit$1$$anonfun$apply$1.apply()Ljava/lang/Object;+1
j  sbt.ErrorHandling$.wideConvert(Lscala/Function0;)Lscala/util/Either;+7
j  sbt.Execute.work(Ljava/lang/Object;Lscala/Function0;Lsbt/CompletionService;)Lsbt/Completed;+14
j  sbt.Execute$$anonfun$submit$1.apply()Lsbt/Completed;+20
j  sbt.Execute$$anonfun$submit$1.apply()Ljava/lang/Object;+1
j  sbt.ConcurrentRestrictions$$anon$4$$anonfun$1.apply()Ljava/lang/Object;+4
j  sbt.CompletionService$$anon$2.call()Ljava/lang/Object;+4
j  java.util.concurrent.FutureTask.run()V+42
j  java.util.concurrent.Executors$RunnableAdapter.call()Ljava/lang/Object;+4
j  java.util.concurrent.FutureTask.run()V+42
j  java.util.concurrent.ThreadPoolExecutor.runWorker(Ljava/util/concurrent/ThreadPoolExecutor$Worker;)V+95
j  java.util.concurrent.ThreadPoolExecutor$Worker.run()V+5
j  java.lang.Thread.run()V+11
v  ~StubRoutines::call_stub
V  [libjvm.dylib+0x2db350]  JavaCalls::call_helper(JavaValue*, methodHandle*, JavaCallArguments*, Thread*)+0x22a
V  [libjvm.dylib+0x2db867]  JavaCalls::call_virtual(JavaValue*, KlassHandle, Symbol*, Symbol*, JavaCallArguments*, Thread*)+0x11b
V  [libjvm.dylib+0x2db9a4]  JavaCalls::call_virtual(JavaValue*, Handle, KlassHandle, Symbol*, Symbol*, Thread*)+0x4a
V  [libjvm.dylib+0x32a876]  thread_entry(JavaThread*, Thread*)+0xad
V  [libjvm.dylib+0x4f5c11]  JavaThread::thread_main_inner()+0x9b
V  [libjvm.dylib+0x4f7319]  JavaThread::run()+0x1a3
V  [libjvm.dylib+0x420b4e]  java_start(Thread*)+0x126
C  [libsystem_pthread.dylib+0x1899]  _pthread_body+0x8a
C  [libsystem_pthread.dylib+0x172a]  _pthread_struct_init+0x0
C  [libsystem_pthread.dylib+0x5fc9]  thread_start+0xd

Java frames: (J=compiled Java code, j=interpreted, Vv=VM code)
j  net.contentobjects.jnotify.macosx.JNotify_macosx.nativeAddWatch(Ljava/lang/String;)I+0
j  net.contentobjects.jnotify.macosx.JNotify_macosx.addWatch(Ljava/lang/String;)I+44
j  net.contentobjects.jnotify.macosx.JNotifyAdapterMacOSX.addWatch(Ljava/lang/String;IZLnet/contentobjects/jnotify/JNotifyListener;)I+50
j  net.contentobjects.jnotify.JNotify.addWatch(Ljava/lang/String;IZLnet/contentobjects/jnotify/JNotifyListener;)I+7
v  ~StubRoutines::call_stub
j  sun.reflect.NativeMethodAccessorImpl.invoke0(Ljava/lang/reflect/Method;Ljava/lang/Object;[Ljava/lang/Object;)Ljava/lang/Object;+0
j  sun.reflect.NativeMethodAccessorImpl.invoke(Ljava/lang/Object;[Ljava/lang/Object;)Ljava/lang/Object;+87
J 3049 C2 java.lang.reflect.Method.invoke(Ljava/lang/Object;[Ljava/lang/Object;)Ljava/lang/Object; (63 bytes) @ 0x0000000107a8c2d0 [0x0000000107a8c240+0x90]
j  play.PlayReloader$$anon$1$$anon$6.addWatch(Ljava/lang/String;)I+43
v  ~StubRoutines::call_stub
j  sun.reflect.NativeMethodAccessorImpl.invoke0(Ljava/lang/reflect/Method;Ljava/lang/Object;[Ljava/lang/Object;)Ljava/lang/Object;+0
j  sun.reflect.NativeMethodAccessorImpl.invoke(Ljava/lang/Object;[Ljava/lang/Object;)Ljava/lang/Object;+87
J 3049 C2 java.lang.reflect.Method.invoke(Ljava/lang/Object;[Ljava/lang/Object;)Ljava/lang/Object; (63 bytes) @ 0x0000000107a8c2d0 [0x0000000107a8c240+0x90]
j  play.PlayReloader$$anon$1$$anonfun$10.apply(Ljava/io/File;)I+27
j  play.PlayReloader$$anon$1$$anonfun$10.apply(Ljava/lang/Object;)Ljava/lang/Object;+5
J 562 C2 scala.collection.TraversableLike$$anonfun$map$1.apply(Ljava/lang/Object;)Ljava/lang/Object; (6 bytes) @ 0x00000001077902ec [0x00000001077902a0+0x4c]
J 212 C2 scala.collection.immutable.List.foreach(Lscala/Function1;)V (32 bytes) @ 0x000000010771fe4c [0x000000010771fdc0+0x8c]
J 4123 C2 scala.collection.AbstractTraversable.map(Lscala/Function1;Lscala/collection/generic/CanBuildFrom;)Ljava/lang/Object; (7 bytes) @ 0x0000000107f15c24 [0x0000000107f15b40+0xe4]
j  play.PlayReloader$$anon$1.<init>(Lplay/PlayReloader;Lsbt/Extracted;Lsbt/State;Lsbt/TaskKey;Lscala/Function3;Lsbt/TaskKey;Ljava/lang/ClassLoader;)V+272
j  play.PlayReloader$class.newReloader(Lplay/PlayReloader;Lsbt/State;Lsbt/TaskKey;Lscala/Function3;Lsbt/TaskKey;Ljava/lang/ClassLoader;)Lplay/core/SBTLink;+23
j  play.Project$.newReloader(Lsbt/State;Lsbt/TaskKey;Lscala/Function3;Lsbt/TaskKey;Ljava/lang/ClassLoader;)Lplay/core/SBTLink;+8
j  play.PlayRun$$anonfun$playRunTask$1$$anonfun$apply$1.reloader$lzycompute$1(Lsbt/State;Ljava/lang/ClassLoader;Lscala/collection/Seq;Lscala/Function3;Lscala/Function3;Ljava/lang/ClassLoader;Lscala/runtime/ObjectRef;Lscala/runtime/ObjectRef;Lscala/runtime/ObjectRef;Lscala/runtime/VolatileByteRef;)Lplay/core/SBTLink;+72
j  play.PlayRun$$anonfun$playRunTask$1$$anonfun$apply$1.play$PlayRun$class$$anonfun$$anonfun$$reloader$1(Lsbt/State;Ljava/lang/ClassLoader;Lscala/collection/Seq;Lscala/Function3;Lscala/Function3;Ljava/lang/ClassLoader;Lscala/runtime/ObjectRef;Lscala/runtime/ObjectRef;Lscala/runtime/ObjectRef;Lscala/runtime/VolatileByteRef;)Lplay/core/SBTLink;+30
j  play.PlayRun$$anonfun$playRunTask$1$$anonfun$apply$1.apply(Lscala/collection/Seq;Lsbt/State;Ljava/lang/ClassLoader;Lscala/collection/Seq;Lscala/collection/Seq;Lscala/Function3;Lscala/Function3;)V+595
j  play.PlayRun$$anonfun$playRunTask$1$$anonfun$apply$1.apply(Ljava/lang/Object;Ljava/lang/Object;Ljava/lang/Object;Ljava/lang/Object;Ljava/lang/Object;Ljava/lang/Object;Ljava/lang/Object;)Ljava/lang/Object;+33
j  scala.Function7$$anonfun$tupled$1.apply(Lscala/Tuple7;)Ljava/lang/Object;+36
j  scala.Function7$$anonfun$tupled$1.apply(Ljava/lang/Object;)Ljava/lang/Object;+5
j  scala.Function1$$anonfun$compose$1.apply(Ljava/lang/Object;)Ljava/lang/Object;+14
j  sbt.$tilde$greater$$anonfun$$u2219$1.apply(Ljava/lang/Object;)Ljava/lang/Object;+13
j  sbt.std.Transform$$anon$4.work(Ljava/lang/Object;)Lscala/util/Either;+5
j  sbt.Execute$$anonfun$submit$1$$anonfun$apply$1.apply()Lscala/util/Either;+14
j  sbt.Execute$$anonfun$submit$1$$anonfun$apply$1.apply()Ljava/lang/Object;+1
j  sbt.ErrorHandling$.wideConvert(Lscala/Function0;)Lscala/util/Either;+7
j  sbt.Execute.work(Ljava/lang/Object;Lscala/Function0;Lsbt/CompletionService;)Lsbt/Completed;+14
j  sbt.Execute$$anonfun$submit$1.apply()Lsbt/Completed;+20
j  sbt.Execute$$anonfun$submit$1.apply()Ljava/lang/Object;+1
j  sbt.ConcurrentRestrictions$$anon$4$$anonfun$1.apply()Ljava/lang/Object;+4
j  sbt.CompletionService$$anon$2.call()Ljava/lang/Object;+4
j  java.util.concurrent.FutureTask.run()V+42
j  java.util.concurrent.Executors$RunnableAdapter.call()Ljava/lang/Object;+4
j  java.util.concurrent.FutureTask.run()V+42
j  java.util.concurrent.ThreadPoolExecutor.runWorker(Ljava/util/concurrent/ThreadPoolExecutor$Worker;)V+95
j  java.util.concurrent.ThreadPoolExecutor$Worker.run()V+5
j  java.lang.Thread.run()V+11
v  ~StubRoutines::call_stub

---------------  P R O C E S S  ---------------

Java Threads: ( => current thread )
  0x00007fc8cc824000 JavaThread "pool-38-thread-3" [_thread_blocked, id=72227, stack(0x00000001167ca000,0x00000001168ca000)]
  0x00007fc8cc2f8000 JavaThread "pool-38-thread-2" [_thread_blocked, id=68247, stack(0x00000001165fa000,0x00000001166fa000)]
=>0x00007fc8cc715000 JavaThread "pool-38-thread-1" [_thread_in_vm, id=66151, stack(0x00000001164f7000,0x00000001165f7000)]
  0x00007fc8ce32a000 JavaThread "process reaper" daemon [_thread_blocked, id=70383, stack(0x0000000115fb4000,0x0000000115fdc000)]
  0x00007fc8d12a4000 JavaThread "play-akka.actor.default-dispatcher-18" [_thread_blocked, id=34359, stack(0x000000011dac3000,0x000000011dbc3000)]
  0x00007fc8ce61c000 JavaThread "awacsystem-akka.actor.default-dispatcher-4" [_thread_blocked, id=35463, stack(0x000000011dfb5000,0x000000011e0b5000)]
  0x00007fc8d151e000 JavaThread "awacsystem-scheduler-1" [_thread_blocked, id=70103, stack(0x0000000118673000,0x0000000118773000)]
  0x00007fc8cef39000 JavaThread "play-internal-execution-context-2" daemon [_thread_blocked, id=72463, stack(0x000000011a25a000,0x000000011a35a000)]
  0x00007fc8d2997800 JavaThread "Timer-0" [_thread_blocked, id=69379, stack(0x000000011d743000,0x000000011d843000)]
  0x00007fc8d2db2800 JavaThread "play-scheduler-1" [_thread_blocked, id=67139, stack(0x000000011deb2000,0x000000011dfb2000)]
  0x00007fc8d15b6800 JavaThread "Java2D Disposer" daemon [_thread_blocked, id=65547, stack(0x000000011d620000,0x000000011d720000)]
  0x00007fc8d299c000 JavaThread "Java2D Queue Flusher" daemon [_thread_blocked, id=62983, stack(0x000000011cb2f000,0x000000011cc2f000)]
  0x00007fc8d14b6000 JavaThread "AppKit Thread" daemon [_thread_in_native, id=9483, stack(0x00007fff596a2000,0x00007fff59722000)]
  0x00007fc8d2bc1000 JavaThread "awacsystem-akka.actor.default-dispatcher-4" [_thread_blocked, id=38151, stack(0x00000001189e1000,0x0000000118ae1000)]
  0x00007fc8d2a8f800 JavaThread "awacsystem-scheduler-1" [_thread_blocked, id=32011, stack(0x000000011771c000,0x000000011781c000)]
  0x00007fc8ccefb800 JavaThread "java-sdk-http-connection-reaper" daemon [_thread_blocked, id=36615, stack(0x00000001188de000,0x00000001189de000)]
  0x00007fc8cd917000 JavaThread "FSEvent thread" daemon [_thread_in_native, id=21259, stack(0x0000000116f99000,0x0000000117099000)]
  0x00007fc8cc813800 JavaThread "Service Thread" daemon [_thread_blocked, id=18435, stack(0x0000000115348000,0x0000000115448000)]
  0x00007fc8cc812800 JavaThread "C2 CompilerThread1" daemon [_thread_blocked, id=17923, stack(0x0000000115245000,0x0000000115345000)]
  0x00007fc8cc06c800 JavaThread "C2 CompilerThread0" daemon [_thread_blocked, id=17411, stack(0x0000000115142000,0x0000000115242000)]
  0x00007fc8cc80b000 JavaThread "Signal Dispatcher" daemon [_thread_blocked, id=16899, stack(0x000000011503f000,0x000000011513f000)]
  0x00007fc8cc809800 JavaThread "Finalizer" daemon [_thread_blocked, id=12035, stack(0x0000000114e07000,0x0000000114f07000)]
  0x00007fc8cc05c800 JavaThread "Reference Handler" daemon [_thread_blocked, id=11523, stack(0x0000000114d04000,0x0000000114e04000)]
  0x00007fc8cc010000 JavaThread "main" [_thread_blocked, id=3083, stack(0x0000000106625000,0x0000000106725000)]

Other Threads:
  0x00007fc8cc059800 VMThread [stack: 0x0000000114c01000,0x0000000114d01000] [id=11011]
  0x00007fc8cc06c000 WatcherThread [stack: 0x000000011544b000,0x000000011554b000] [id=18947]

VM state:not at safepoint (normal execution)

VM Mutex/Monitor currently owned by a thread:  ([mutex/lock_event])
[0x00007fc8cbc10e70] JNIGlobalHandle_lock - owner thread: 0x00007fc8cc715000

Heap
 PSYoungGen      total 442368K, used 294321K [0x00000007d5500000, 0x00000007fb800000, 0x0000000800000000)
  eden space 439296K, 66% used [0x00000007d5500000,0x00000007e71e06a8,0x00000007f0200000)
  from space 3072K, 84% used [0x00000007f1000000,0x00000007f128c0b0,0x00000007f1300000)
  to   space 93184K, 0% used [0x00000007f5d00000,0x00000007f5d00000,0x00000007fb800000)
 ParOldGen       total 699392K, used 206946K [0x0000000780000000, 0x00000007aab00000, 0x00000007d5500000)
  object space 699392K, 29% used [0x0000000780000000,0x000000078ca18990,0x00000007aab00000)
 PSPermGen       total 2097152K, used 146154K [0x0000000700000000, 0x0000000780000000, 0x0000000780000000)
  object space 2097152K, 6% used [0x0000000700000000,0x0000000708eba860,0x0000000780000000)

Card table byte_map: [0x000000010a71f000,0x000000010af20000] byte_map_base: 0x0000000106f1f000

Polling page: 0x0000000106764000

Code Cache  [0x000000010765f000, 0x000000010885f000, 0x000000010a65f000)
 total_blobs=6919 nmethods=6232 adapters=634 free_code_cache=30912Kb largest_free_block=31474112

Compilation events (10 events):
Event: 11558.918 Thread 0x00007fc8cc812800 nmethod 7751 0x0000000108215710 code [0x00000001082158a0, 0x0000000108215b28]
Event: 11558.920 Thread 0x00007fc8cc06c800 nmethod 7752 0x0000000107a55810 code [0x0000000107a559a0, 0x0000000107a55c28]
Event: 11558.920 Thread 0x00007fc8cc06c800 7753             sbt.Act$$anonfun$7$$anonfun$apply$8::<init> (5 bytes)
Event: 11558.920 Thread 0x00007fc8cc06c800 nmethod 7753 0x0000000107b15950 code [0x0000000107b15a80, 0x0000000107b15ad8]
Event: 11558.920 Thread 0x00007fc8cc06c800 7754             scala.Option::exists (29 bytes)
Event: 11558.922 Thread 0x00007fc8cc06c800 nmethod 7754 0x0000000107a55350 code [0x0000000107a554c0, 0x0000000107a55638]
Event: 11559.118 Thread 0x00007fc8cc06c800 7755             sbt.ModuleID::organization (5 bytes)
Event: 11559.119 Thread 0x00007fc8cc06c800 nmethod 7755 0x0000000107b18c10 code [0x0000000107b18d40, 0x0000000107b18db8]
Event: 11559.165 Thread 0x00007fc8cc06c800 7756             scala.collection.TraversableLike$WithFilter::map (42 bytes)
Event: 11559.170 Thread 0x00007fc8cc06c800 nmethod 7756 0x000000010885a4d0 code [0x000000010885a680, 0x000000010885a9f8]

GC Heap History (10 events):
Event: 9843.313 GC heap before
{Heap before GC invocations=13 (full 0):
 PSYoungGen      total 589312K, used 584903K [0x00000007d5500000, 0x0000000800000000, 0x0000000800000000)
  eden space 517120K, 100% used [0x00000007d5500000,0x00000007f4e00000,0x00000007f4e00000)
  from space 72192K, 93% used [0x00000007fb980000,0x00000007ffbb1d88,0x0000000800000000)
  to   space 91136K, 0% used [0x00000007f4e00000,0x00000007f4e00000,0x00000007fa700000)
 ParOldGen       total 699392K, used 173802K [0x0000000780000000, 0x00000007aab00000, 0x00000007d5500000)
  object space 699392K, 24% used [0x0000000780000000,0x000000078a9baa00,0x00000007aab00000)
 PSPermGen       total 2097152K, used 136607K [0x0000000700000000, 0x0000000780000000, 0x0000000780000000)
  object space 2097152K, 6% used [0x0000000700000000,0x0000000708567c10,0x0000000780000000)
Event: 9843.384 GC heap after
Heap after GC invocations=13 (full 0):
 PSYoungGen      total 512000K, used 11299K [0x00000007d5500000, 0x00000007ff380000, 0x0000000800000000)
  eden space 500224K, 0% used [0x00000007d5500000,0x00000007d5500000,0x00000007f3d80000)
  from space 11776K, 95% used [0x00000007f4e00000,0x00000007f5908e80,0x00000007f5980000)
  to   space 93184K, 0% used [0x00000007f9880000,0x00000007f9880000,0x00000007ff380000)
 ParOldGen       total 699392K, used 185685K [0x0000000780000000, 0x00000007aab00000, 0x00000007d5500000)
  object space 699392K, 26% used [0x0000000780000000,0x000000078b5556d0,0x00000007aab00000)
 PSPermGen       total 2097152K, used 136607K [0x0000000700000000, 0x0000000780000000, 0x0000000780000000)
  object space 2097152K, 6% used [0x0000000700000000,0x0000000708567c10,0x0000000780000000)
}
Event: 9866.634 GC heap before
{Heap before GC invocations=14 (full 0):
 PSYoungGen      total 512000K, used 511523K [0x00000007d5500000, 0x00000007ff380000, 0x0000000800000000)
  eden space 500224K, 100% used [0x00000007d5500000,0x00000007f3d80000,0x00000007f3d80000)
  from space 11776K, 95% used [0x00000007f4e00000,0x00000007f5908e80,0x00000007f5980000)
  to   space 93184K, 0% used [0x00000007f9880000,0x00000007f9880000,0x00000007ff380000)
 ParOldGen       total 699392K, used 185685K [0x0000000780000000, 0x00000007aab00000, 0x00000007d5500000)
  object space 699392K, 26% used [0x0000000780000000,0x000000078b5556d0,0x00000007aab00000)
 PSPermGen       total 2097152K, used 138882K [0x0000000700000000, 0x0000000780000000, 0x0000000780000000)
  object space 2097152K, 6% used [0x0000000700000000,0x00000007087a09b8,0x0000000780000000)
Event: 9866.664 GC heap after
Heap after GC invocations=14 (full 0):
 PSYoungGen      total 563712K, used 6526K [0x00000007d5500000, 0x00000007fe680000, 0x0000000800000000)
  eden space 483840K, 0% used [0x00000007d5500000,0x00000007d5500000,0x00000007f2d80000)
  from space 79872K, 8% used [0x00000007f9880000,0x00000007f9edfbc0,0x00000007fe680000)
  to   space 94720K, 0% used [0x00000007f2d80000,0x00000007f2d80000,0x00000007f8a00000)
 ParOldGen       total 699392K, used 190026K [0x0000000780000000, 0x00000007aab00000, 0x00000007d5500000)
  object space 699392K, 27% used [0x0000000780000000,0x000000078b992888,0x00000007aab00000)
 PSPermGen       total 2097152K, used 138882K [0x0000000700000000, 0x0000000780000000, 0x0000000780000000)
  object space 2097152K, 6% used [0x0000000700000000,0x00000007087a09b8,0x0000000780000000)
}
Event: 9881.627 GC heap before
{Heap before GC invocations=15 (full 0):
 PSYoungGen      total 563712K, used 490366K [0x00000007d5500000, 0x00000007fe680000, 0x0000000800000000)
  eden space 483840K, 100% used [0x00000007d5500000,0x00000007f2d80000,0x00000007f2d80000)
  from space 79872K, 8% used [0x00000007f9880000,0x00000007f9edfbc0,0x00000007fe680000)
  to   space 94720K, 0% used [0x00000007f2d80000,0x00000007f2d80000,0x00000007f8a00000)
 ParOldGen       total 699392K, used 190026K [0x0000000780000000, 0x00000007aab00000, 0x00000007d5500000)
  object space 699392K, 27% used [0x0000000780000000,0x000000078b992888,0x00000007aab00000)
 PSPermGen       total 2097152K, used 141604K [0x0000000700000000, 0x0000000780000000, 0x0000000780000000)
  object space 2097152K, 6% used [0x0000000700000000,0x0000000708a493f0,0x0000000780000000)
Event: 9881.679 GC heap after
Heap after GC invocations=15 (full 0):
 PSYoungGen      total 486400K, used 17578K [0x00000007d5500000, 0x00000007fd480000, 0x0000000800000000)
  eden space 468480K, 0% used [0x00000007d5500000,0x00000007d5500000,0x00000007f1e80000)
  from space 17920K, 98% used [0x00000007f2d80000,0x00000007f3eaab18,0x00000007f3f00000)
  to   space 93184K, 0% used [0x00000007f7980000,0x00000007f7980000,0x00000007fd480000)
 ParOldGen       total 699392K, used 191308K [0x0000000780000000, 0x00000007aab00000, 0x00000007d5500000)
  object space 699392K, 27% used [0x0000000780000000,0x000000078bad3038,0x00000007aab00000)
 PSPermGen       total 2097152K, used 141604K [0x0000000700000000, 0x0000000780000000, 0x0000000780000000)
  object space 2097152K, 6% used [0x0000000700000000,0x0000000708a493f0,0x0000000780000000)
}
Event: 9885.552 GC heap before
{Heap before GC invocations=16 (full 0):
 PSYoungGen      total 486400K, used 486058K [0x00000007d5500000, 0x00000007fd480000, 0x0000000800000000)
  eden space 468480K, 100% used [0x00000007d5500000,0x00000007f1e80000,0x00000007f1e80000)
  from space 17920K, 98% used [0x00000007f2d80000,0x00000007f3eaab18,0x00000007f3f00000)
  to   space 93184K, 0% used [0x00000007f7980000,0x00000007f7980000,0x00000007fd480000)
 ParOldGen       total 699392K, used 191308K [0x0000000780000000, 0x00000007aab00000, 0x00000007d5500000)
  object space 699392K, 27% used [0x0000000780000000,0x000000078bad3038,0x00000007aab00000)
 PSPermGen       total 2097152K, used 142569K [0x0000000700000000, 0x0000000780000000, 0x0000000780000000)
  object space 2097152K, 6% used [0x0000000700000000,0x0000000708b3a6b0,0x0000000780000000)
Event: 9885.640 GC heap after
Heap after GC invocations=16 (full 0):
 PSYoungGen      total 532992K, used 1728K [0x00000007d5500000, 0x00000007fc700000, 0x0000000800000000)
  eden space 453632K, 0% used [0x00000007d5500000,0x00000007d5500000,0x00000007f1000000)
  from space 79360K, 2% used [0x00000007f7980000,0x00000007f7b30000,0x00000007fc700000)
  to   space 93696K, 0% used [0x00000007f1000000,0x00000007f1000000,0x00000007f6b80000)
 ParOldGen       total 699392K, used 205894K [0x0000000780000000, 0x00000007aab00000, 0x00000007d5500000)
  object space 699392K, 29% used [0x0000000780000000,0x000000078c911980,0x00000007aab00000)
 PSPermGen       total 2097152K, used 142569K [0x0000000700000000, 0x0000000780000000, 0x0000000780000000)
  object space 2097152K, 6% used [0x0000000700000000,0x0000000708b3a6b0,0x0000000780000000)
}
Event: 10588.734 GC heap before
{Heap before GC invocations=17 (full 0):
 PSYoungGen      total 532992K, used 455360K [0x00000007d5500000, 0x00000007fc700000, 0x0000000800000000)
  eden space 453632K, 100% used [0x00000007d5500000,0x00000007f1000000,0x00000007f1000000)
  from space 79360K, 2% used [0x00000007f7980000,0x00000007f7b30000,0x00000007fc700000)
  to   space 93696K, 0% used [0x00000007f1000000,0x00000007f1000000,0x00000007f6b80000)
 ParOldGen       total 699392K, used 205894K [0x0000000780000000, 0x00000007aab00000, 0x00000007d5500000)
  object space 699392K, 29% used [0x0000000780000000,0x000000078c911980,0x00000007aab00000)
 PSPermGen       total 2097152K, used 143248K [0x0000000700000000, 0x0000000780000000, 0x0000000780000000)
  object space 2097152K, 6% used [0x0000000700000000,0x0000000708be4118,0x0000000780000000)
Event: 10588.751 GC heap after
Heap after GC invocations=17 (full 0):
 PSYoungGen      total 442368K, used 2608K [0x00000007d5500000, 0x00000007fb800000, 0x0000000800000000)
  eden space 439296K, 0% used [0x00000007d5500000,0x00000007d5500000,0x00000007f0200000)
  from space 3072K, 84% used [0x00000007f1000000,0x00000007f128c0b0,0x00000007f1300000)
  to   space 93184K, 0% used [0x00000007f5d00000,0x00000007f5d00000,0x00000007fb800000)
 ParOldGen       total 699392K, used 206946K [0x0000000780000000, 0x00000007aab00000, 0x00000007d5500000)
  object space 699392K, 29% used [0x0000000780000000,0x000000078ca18990,0x00000007aab00000)
 PSPermGen       total 2097152K, used 143248K [0x0000000700000000, 0x0000000780000000, 0x0000000780000000)
  object space 2097152K, 6% used [0x0000000700000000,0x0000000708be4118,0x0000000780000000)
}

Deoptimization events (10 events):
Event: 11486.324 Thread 0x00007fc8cc010000 Uncommon trap: reason=bimorphic action=maybe_recompile pc=0x00000001082148fc method=sun.nio.cs.StreamEncoder.implFlush()V @ 15
Event: 11487.693 Thread 0x00007fc8cc010000 Uncommon trap: reason=bimorphic action=maybe_recompile pc=0x0000000107968280 method=java.util.regex.Pattern$BnM.match(Ljava/util/regex/Matcher;ILjava/lang/CharSequence;)Z @ 111
Event: 11487.693 Thread 0x00007fc8cc010000 Uncommon trap: reason=bimorphic action=maybe_recompile pc=0x0000000107968280 method=java.util.regex.Pattern$BnM.match(Ljava/util/regex/Matcher;ILjava/lang/CharSequence;)Z @ 111
Event: 11487.693 Thread 0x00007fc8cc010000 Uncommon trap: reason=bimorphic action=maybe_recompile pc=0x00000001082148fc method=sun.nio.cs.StreamEncoder.implFlush()V @ 15
Event: 11487.693 Thread 0x00007fc8cc010000 Uncommon trap: reason=bimorphic action=maybe_recompile pc=0x0000000107968280 method=java.util.regex.Pattern$BnM.match(Ljava/util/regex/Matcher;ILjava/lang/CharSequence;)Z @ 111
Event: 11487.693 Thread 0x00007fc8cc010000 Uncommon trap: reason=bimorphic action=maybe_recompile pc=0x0000000107968280 method=java.util.regex.Pattern$BnM.match(Ljava/util/regex/Matcher;ILjava/lang/CharSequence;)Z @ 111
Event: 11487.696 Thread 0x00007fc8cc010000 Uncommon trap: reason=bimorphic action=maybe_recompile pc=0x00000001082148fc method=sun.nio.cs.StreamEncoder.implFlush()V @ 15
Event: 11487.859 Thread 0x00007fc8cc010000 Uncommon trap: reason=bimorphic action=maybe_recompile pc=0x00000001082148fc method=sun.nio.cs.StreamEncoder.implFlush()V @ 15
Event: 11488.018 Thread 0x00007fc8cc010000 Uncommon trap: reason=bimorphic action=maybe_recompile pc=0x00000001083db704 method=sun.nio.cs.StreamEncoder.implFlush()V @ 15
Event: 11489.207 Thread 0x00007fc8cc824000 Uncommon trap: reason=class_check action=maybe_recompile pc=0x0000000107a24c38 method=sbinary.JavaUTF$class.sbinary$JavaUTF$$fetchBuffers(Lsbinary/JavaUTF;I)Lscala/Tuple2; @ 24

Internal exceptions (10 events):
Event: 11559.469 Thread 0x00007fc8cc715000 Threw 0x00000007e6c3be60 at /HUDSON/workspace/7u-2-build-macosx-x86_64/jdk7u60/1081/hotspot/src/share/vm/prims/jvm.cpp:1244
Event: 11559.469 Thread 0x00007fc8cc715000 Threw 0x00000007e6c3fa18 at /HUDSON/workspace/7u-2-build-macosx-x86_64/jdk7u60/1081/hotspot/src/share/vm/prims/jvm.cpp:1244
Event: 11559.469 Thread 0x00007fc8cc715000 Threw 0x00000007e6c431d0 at /HUDSON/workspace/7u-2-build-macosx-x86_64/jdk7u60/1081/hotspot/src/share/vm/prims/jvm.cpp:1244
Event: 11559.470 Thread 0x00007fc8cc715000 Threw 0x00000007e6c4b400 at /HUDSON/workspace/7u-2-build-macosx-x86_64/jdk7u60/1081/hotspot/src/share/vm/prims/jvm.cpp:1244
Event: 11559.470 Thread 0x00007fc8cc715000 Threw 0x00000007e6c4f638 at /HUDSON/workspace/7u-2-build-macosx-x86_64/jdk7u60/1081/hotspot/src/share/vm/prims/jvm.cpp:1244
Event: 11559.471 Thread 0x00007fc8cc715000 Threw 0x00000007e6c53e38 at /HUDSON/workspace/7u-2-build-macosx-x86_64/jdk7u60/1081/hotspot/src/share/vm/prims/jvm.cpp:1244
Event: 11559.471 Thread 0x00007fc8cc715000 Threw 0x00000007e6c5a098 at /HUDSON/workspace/7u-2-build-macosx-x86_64/jdk7u60/1081/hotspot/src/share/vm/prims/jvm.cpp:1244
Event: 11559.471 Thread 0x00007fc8cc715000 Threw 0x00000007e6c5c648 at /HUDSON/workspace/7u-2-build-macosx-x86_64/jdk7u60/1081/hotspot/src/share/vm/prims/jvm.cpp:1244
Event: 11559.472 Thread 0x00007fc8cc715000 Threw 0x00000007e6c634d8 at /HUDSON/workspace/7u-2-build-macosx-x86_64/jdk7u60/1081/hotspot/src/share/vm/prims/jvm.cpp:1244
Event: 11559.473 Thread 0x00007fc8cc715000 Threw 0x00000007e6c71968 at /HUDSON/workspace/7u-2-build-macosx-x86_64/jdk7u60/1081/hotspot/src/share/vm/prims/jvm.cpp:1244

Events (10 events):
Event: 11559.471 loading class 0x00007fc8cd12bcb0
Event: 11559.471 loading class 0x00007fc8cd12bcb0 done
Event: 11559.472 loading class 0x00007fc8cd0dc1f0
Event: 11559.472 loading class 0x00007fc8cd0dc1f0 done
Event: 11559.473 loading class 0x00007fc8cd12b950
Event: 11559.473 loading class 0x00007fc8cd12b950 done
Event: 11559.474 Thread 0x00007fc8ce463000 Thread added: 0x00007fc8ce463000
Event: 11559.474 Executing VM operation: RevokeBias
Event: 11559.475 Executing VM operation: RevokeBias done
Event: 11559.494 Thread 0x00007fc8ce463000 Thread exited: 0x00007fc8ce463000


Dynamic libraries:
0x000000000383c000 	/System/Library/Frameworks/Cocoa.framework/Versions/A/Cocoa
0x000000000383c000 	/System/Library/Frameworks/Security.framework/Versions/A/Security
0x000000000383c000 	/System/Library/Frameworks/ApplicationServices.framework/Versions/A/ApplicationServices
0x000000000383c000 	/usr/lib/libz.1.dylib
0x000000000383c000 	/usr/lib/libSystem.B.dylib
0x000000000383c000 	/usr/lib/libobjc.A.dylib
0x000000000383c000 	/System/Library/Frameworks/CoreFoundation.framework/Versions/A/CoreFoundation
0x000000000383c000 	/System/Library/Frameworks/Foundation.framework/Versions/C/Foundation
0x000000000383c000 	/System/Library/Frameworks/AppKit.framework/Versions/C/AppKit
0x000000000383c000 	/System/Library/Frameworks/CoreData.framework/Versions/A/CoreData
0x000000000383c000 	/System/Library/PrivateFrameworks/RemoteViewServices.framework/Versions/A/RemoteViewServices
0x000000000383c000 	/System/Library/Frameworks/AudioToolbox.framework/Versions/A/AudioToolbox
0x000000000383c000 	/System/Library/Frameworks/AudioUnit.framework/Versions/A/AudioUnit
0x000000000383c000 	/System/Library/PrivateFrameworks/DataDetectorsCore.framework/Versions/A/DataDetectorsCore
0x000000000383c000 	/System/Library/PrivateFrameworks/DesktopServicesPriv.framework/Versions/A/DesktopServicesPriv
0x000000000383c000 	/System/Library/Frameworks/Carbon.framework/Versions/A/Frameworks/HIToolbox.framework/Versions/A/HIToolbox
0x000000000383c000 	/System/Library/Frameworks/QuartzCore.framework/Versions/A/QuartzCore
0x000000000383c000 	/System/Library/Frameworks/Carbon.framework/Versions/A/Frameworks/SpeechRecognition.framework/Versions/A/SpeechRecognition
0x000000000383c000 	/usr/lib/libauto.dylib
0x000000000383c000 	/usr/lib/libicucore.A.dylib
0x000000000383c000 	/usr/lib/libxml2.2.dylib
0x000000000383c000 	/System/Library/PrivateFrameworks/CoreUI.framework/Versions/A/CoreUI
0x000000000383c000 	/System/Library/Frameworks/CoreAudio.framework/Versions/A/CoreAudio
0x000000000383c000 	/System/Library/Frameworks/DiskArbitration.framework/Versions/A/DiskArbitration
0x000000000383c000 	/usr/lib/liblangid.dylib
0x000000000383c000 	/System/Library/PrivateFrameworks/MultitouchSupport.framework/Versions/A/MultitouchSupport
0x000000000383c000 	/System/Library/Frameworks/IOKit.framework/Versions/A/IOKit
0x000000000383c000 	/usr/lib/libDiagnosticMessagesClient.dylib
0x000000000383c000 	/System/Library/Frameworks/CoreServices.framework/Versions/A/CoreServices
0x000000000383c000 	/System/Library/PrivateFrameworks/PerformanceAnalysis.framework/Versions/A/PerformanceAnalysis
0x000000000383c000 	/System/Library/PrivateFrameworks/GenerationalStorage.framework/Versions/A/GenerationalStorage
0x000000000383c000 	/System/Library/Frameworks/OpenGL.framework/Versions/A/OpenGL
0x000000000383c000 	/System/Library/PrivateFrameworks/Sharing.framework/Versions/A/Sharing
0x000000000383c000 	/System/Library/Frameworks/ImageIO.framework/Versions/A/ImageIO
0x000000000383c000 	/System/Library/Frameworks/CoreText.framework/Versions/A/CoreText
0x000000000383c000 	/System/Library/Frameworks/CoreGraphics.framework/Versions/A/CoreGraphics
0x000000000383c000 	/System/Library/PrivateFrameworks/Backup.framework/Versions/A/Backup
0x000000000383c000 	/System/Library/Frameworks/CFNetwork.framework/Versions/A/CFNetwork
0x000000000383c000 	/System/Library/Frameworks/SystemConfiguration.framework/Versions/A/SystemConfiguration
0x000000000383c000 	/usr/lib/libCRFSuite.dylib
0x000000000383c000 	/usr/lib/libc++.1.dylib
0x000000000383c000 	/usr/lib/libc++abi.dylib
0x000000000383c000 	/usr/lib/system/libcache.dylib
0x000000000383c000 	/usr/lib/system/libcommonCrypto.dylib
0x000000000383c000 	/usr/lib/system/libcompiler_rt.dylib
0x000000000383c000 	/usr/lib/system/libcopyfile.dylib
0x000000000383c000 	/usr/lib/system/libcorecrypto.dylib
0x000000000383c000 	/usr/lib/system/libdispatch.dylib
0x000000000383c000 	/usr/lib/system/libdyld.dylib
0x000000000383c000 	/usr/lib/system/libkeymgr.dylib
0x000000000383c000 	/usr/lib/system/liblaunch.dylib
0x000000000383c000 	/usr/lib/system/libmacho.dylib
0x000000000383c000 	/usr/lib/system/libquarantine.dylib
0x000000000383c000 	/usr/lib/system/libremovefile.dylib
0x000000000383c000 	/usr/lib/system/libsystem_asl.dylib
0x000000000383c000 	/usr/lib/system/libsystem_blocks.dylib
0x000000000383c000 	/usr/lib/system/libsystem_c.dylib
0x000000000383c000 	/usr/lib/system/libsystem_configuration.dylib
0x000000000383c000 	/usr/lib/system/libsystem_dnssd.dylib
0x000000000383c000 	/usr/lib/system/libsystem_info.dylib
0x000000000383c000 	/usr/lib/system/libsystem_kernel.dylib
0x000000000383c000 	/usr/lib/system/libsystem_m.dylib
0x000000000383c000 	/usr/lib/system/libsystem_malloc.dylib
0x000000000383c000 	/usr/lib/system/libsystem_network.dylib
0x000000000383c000 	/usr/lib/system/libsystem_notify.dylib
0x000000000383c000 	/usr/lib/system/libsystem_platform.dylib
0x000000000383c000 	/usr/lib/system/libsystem_pthread.dylib
0x000000000383c000 	/usr/lib/system/libsystem_sandbox.dylib
0x000000000383c000 	/usr/lib/system/libsystem_stats.dylib
0x000000000383c000 	/usr/lib/system/libunc.dylib
0x000000000383c000 	/usr/lib/system/libunwind.dylib
0x000000000383c000 	/usr/lib/system/libxpc.dylib
0x000000000383c000 	/usr/lib/libbsm.0.dylib
0x000000000383c000 	/usr/lib/libsqlite3.dylib
0x000000000383c000 	/usr/lib/libxar.1.dylib
0x000000000383c000 	/usr/lib/libpam.2.dylib
0x000000000383c000 	/usr/lib/libOpenScriptingUtil.dylib
0x000000000383c000 	/usr/lib/libbz2.1.0.dylib
0x000000000383c000 	/System/Library/Frameworks/CoreServices.framework/Versions/A/Frameworks/CarbonCore.framework/Versions/A/CarbonCore
0x000000000383c000 	/System/Library/Frameworks/CoreServices.framework/Versions/A/Frameworks/Metadata.framework/Versions/A/Metadata
0x000000000383c000 	/System/Library/Frameworks/CoreServices.framework/Versions/A/Frameworks/OSServices.framework/Versions/A/OSServices
0x000000000383c000 	/System/Library/Frameworks/CoreServices.framework/Versions/A/Frameworks/SearchKit.framework/Versions/A/SearchKit
0x000000000383c000 	/System/Library/Frameworks/CoreServices.framework/Versions/A/Frameworks/AE.framework/Versions/A/AE
0x000000000383c000 	/System/Library/Frameworks/CoreServices.framework/Versions/A/Frameworks/LaunchServices.framework/Versions/A/LaunchServices
0x000000000383c000 	/System/Library/Frameworks/CoreServices.framework/Versions/A/Frameworks/DictionaryServices.framework/Versions/A/DictionaryServices
0x000000000383c000 	/System/Library/Frameworks/NetFS.framework/Versions/A/NetFS
0x000000000383c000 	/usr/lib/system/libkxld.dylib
0x000000000383c000 	/System/Library/PrivateFrameworks/NetAuth.framework/Versions/A/NetAuth
0x000000000383c000 	/System/Library/PrivateFrameworks/TCC.framework/Versions/A/TCC
0x000000000383c000 	/System/Library/Frameworks/OpenDirectory.framework/Versions/A/Frameworks/CFOpenDirectory.framework/Versions/A/CFOpenDirectory
0x000000000383c000 	/System/Library/Frameworks/ServiceManagement.framework/Versions/A/ServiceManagement
0x000000000383c000 	/usr/lib/libxslt.1.dylib
0x000000000383c000 	/System/Library/Frameworks/Carbon.framework/Versions/A/Frameworks/Ink.framework/Versions/A/Ink
0x000000000383c000 	/System/Library/Frameworks/ApplicationServices.framework/Versions/A/Frameworks/ATS.framework/Versions/A/ATS
0x000000000383c000 	/System/Library/Frameworks/ApplicationServices.framework/Versions/A/Frameworks/ColorSync.framework/Versions/A/ColorSync
0x000000000383c000 	/System/Library/Frameworks/ApplicationServices.framework/Versions/A/Frameworks/HIServices.framework/Versions/A/HIServices
0x000000000383c000 	/System/Library/Frameworks/ApplicationServices.framework/Versions/A/Frameworks/LangAnalysis.framework/Versions/A/LangAnalysis
0x000000000383c000 	/System/Library/Frameworks/ApplicationServices.framework/Versions/A/Frameworks/PrintCore.framework/Versions/A/PrintCore
0x000000000383c000 	/System/Library/Frameworks/ApplicationServices.framework/Versions/A/Frameworks/QD.framework/Versions/A/QD
0x000000000383c000 	/System/Library/Frameworks/ApplicationServices.framework/Versions/A/Frameworks/SpeechSynthesis.framework/Versions/A/SpeechSynthesis
0x000000000383c000 	/System/Library/Frameworks/IOSurface.framework/Versions/A/IOSurface
0x000000000383c000 	/System/Library/Frameworks/Accelerate.framework/Versions/A/Accelerate
0x000000000383c000 	/System/Library/Frameworks/Accelerate.framework/Versions/A/Frameworks/vImage.framework/Versions/A/vImage
0x000000000383c000 	/System/Library/Frameworks/Accelerate.framework/Versions/A/Frameworks/vecLib.framework/Versions/A/vecLib
0x000000000383c000 	/System/Library/Frameworks/Accelerate.framework/Versions/A/Frameworks/vecLib.framework/Versions/A/libvDSP.dylib
0x000000000383c000 	/System/Library/Frameworks/Accelerate.framework/Versions/A/Frameworks/vecLib.framework/Versions/A/libvMisc.dylib
0x000000000383c000 	/System/Library/Frameworks/Accelerate.framework/Versions/A/Frameworks/vecLib.framework/Versions/A/libLAPACK.dylib
0x000000000383c000 	/System/Library/Frameworks/Accelerate.framework/Versions/A/Frameworks/vecLib.framework/Versions/A/libBLAS.dylib
0x000000000383c000 	/System/Library/Frameworks/ApplicationServices.framework/Versions/A/Frameworks/ATS.framework/Versions/A/Resources/libFontParser.dylib
0x000000000383c000 	/System/Library/Frameworks/ApplicationServices.framework/Versions/A/Frameworks/ATS.framework/Versions/A/Resources/libFontRegistry.dylib
0x000000000383c000 	/System/Library/Frameworks/ImageIO.framework/Versions/A/Resources/libJPEG.dylib
0x000000000383c000 	/System/Library/Frameworks/ImageIO.framework/Versions/A/Resources/libTIFF.dylib
0x000000000383c000 	/System/Library/Frameworks/ImageIO.framework/Versions/A/Resources/libPng.dylib
0x000000000383c000 	/System/Library/Frameworks/ImageIO.framework/Versions/A/Resources/libGIF.dylib
0x000000000383c000 	/System/Library/Frameworks/ImageIO.framework/Versions/A/Resources/libJP2.dylib
0x000000000383c000 	/System/Library/Frameworks/ImageIO.framework/Versions/A/Resources/libRadiance.dylib
0x000000000383c000 	/usr/lib/libcups.2.dylib
0x000000000383c000 	/System/Library/Frameworks/Kerberos.framework/Versions/A/Kerberos
0x000000000383c000 	/System/Library/Frameworks/GSS.framework/Versions/A/GSS
0x000000000383c000 	/usr/lib/libresolv.9.dylib
0x000000000383c000 	/usr/lib/libiconv.2.dylib
0x000000000383c000 	/System/Library/PrivateFrameworks/Heimdal.framework/Versions/A/Heimdal
0x000000000383c000 	/System/Library/PrivateFrameworks/TrustEvaluationAgent.framework/Versions/A/TrustEvaluationAgent
0x000000000383c000 	/usr/lib/libheimdal-asn1.dylib
0x000000000383c000 	/System/Library/Frameworks/OpenDirectory.framework/Versions/A/OpenDirectory
0x000000000383c000 	/System/Library/PrivateFrameworks/CommonAuth.framework/Versions/A/CommonAuth
0x000000000383c000 	/System/Library/Frameworks/SecurityFoundation.framework/Versions/A/SecurityFoundation
0x000000000383c000 	/System/Library/PrivateFrameworks/Bom.framework/Versions/A/Bom
0x000000000383c000 	/System/Library/Frameworks/CoreVideo.framework/Versions/A/CoreVideo
0x000000000383c000 	/System/Library/Frameworks/QuartzCore.framework/Versions/A/Frameworks/CoreImage.framework/Versions/A/CoreImage
0x000000000383c000 	/System/Library/Frameworks/QuartzCore.framework/Versions/A/Frameworks/ScalableUserInterface.framework/Versions/A/ScalableUserInterface
0x000000000383c000 	/System/Library/Frameworks/OpenGL.framework/Versions/A/Libraries/libGLU.dylib
0x000000000383c000 	/System/Library/Frameworks/OpenGL.framework/Versions/A/Libraries/libGFXShared.dylib
0x000000000383c000 	/System/Library/Frameworks/OpenGL.framework/Versions/A/Libraries/libGL.dylib
0x000000000383c000 	/System/Library/Frameworks/OpenGL.framework/Versions/A/Libraries/libGLImage.dylib
0x000000000383c000 	/System/Library/Frameworks/OpenGL.framework/Versions/A/Libraries/libCVMSPluginSupport.dylib
0x000000000383c000 	/System/Library/Frameworks/OpenGL.framework/Versions/A/Libraries/libCoreVMClient.dylib
0x000000000383c000 	/System/Library/PrivateFrameworks/FaceCore.framework/Versions/A/FaceCore
0x000000000383c000 	/System/Library/PrivateFrameworks/CrashReporterSupport.framework/Versions/A/CrashReporterSupport
0x000000000383c000 	/System/Library/Frameworks/OpenCL.framework/Versions/A/OpenCL
0x000000000383c000 	/System/Library/PrivateFrameworks/AppleFSCompression.framework/Versions/A/AppleFSCompression
0x000000000383c000 	/System/Library/PrivateFrameworks/Ubiquity.framework/Versions/A/Ubiquity
0x000000000383c000 	/System/Library/PrivateFrameworks/IconServices.framework/Versions/A/IconServices
0x000000000383c000 	/System/Library/PrivateFrameworks/ChunkingLibrary.framework/Versions/A/ChunkingLibrary
0x000000000383c000 	/System/Library/PrivateFrameworks/CoreSymbolication.framework/Versions/A/CoreSymbolication
0x000000000383c000 	/System/Library/PrivateFrameworks/Symbolication.framework/Versions/A/Symbolication
0x000000000383c000 	/System/Library/PrivateFrameworks/DebugSymbols.framework/Versions/A/DebugSymbols
0x0000000106c00000 	/Library/Java/JavaVirtualMachines/jdk1.7.0_60.jdk/Contents/Home/jre/lib/server/libjvm.dylib
0x000000000383c000 	/usr/lib/libstdc++.6.dylib
0x0000000106727000 	/Library/Java/JavaVirtualMachines/jdk1.7.0_60.jdk/Contents/Home/jre/lib/libverify.dylib
0x0000000106734000 	/Library/Java/JavaVirtualMachines/jdk1.7.0_60.jdk/Contents/Home/jre/lib/libjava.dylib
0x000000010676e000 	/Library/Java/JavaVirtualMachines/jdk1.7.0_60.jdk/Contents/Home/jre/lib/libzip.dylib
0x00000001067e7000 	/System/Library/Frameworks/JavaVM.framework/Frameworks/JavaRuntimeSupport.framework/JavaRuntimeSupport
0x0000000114f09000 	/System/Library/Frameworks/JavaVM.framework/Versions/A/Frameworks/JavaNativeFoundation.framework/Versions/A/JavaNativeFoundation
0x0000000114f1e000 	/System/Library/Frameworks/JavaVM.framework/Versions/A/JavaVM
0x000000000383c000 	/System/Library/Frameworks/Carbon.framework/Versions/A/Carbon
0x0000000114f2b000 	/System/Library/PrivateFrameworks/JavaLaunching.framework/Versions/A/JavaLaunching
0x000000000383c000 	/System/Library/Frameworks/Carbon.framework/Versions/A/Frameworks/CommonPanels.framework/Versions/A/CommonPanels
0x000000000383c000 	/System/Library/Frameworks/Carbon.framework/Versions/A/Frameworks/Help.framework/Versions/A/Help
0x000000000383c000 	/System/Library/Frameworks/Carbon.framework/Versions/A/Frameworks/ImageCapture.framework/Versions/A/ImageCapture
0x000000000383c000 	/System/Library/Frameworks/Carbon.framework/Versions/A/Frameworks/OpenScripting.framework/Versions/A/OpenScripting
0x000000000383c000 	/System/Library/Frameworks/Carbon.framework/Versions/A/Frameworks/Print.framework/Versions/A/Print
0x000000000383c000 	/System/Library/Frameworks/Carbon.framework/Versions/A/Frameworks/SecurityHI.framework/Versions/A/SecurityHI
0x000000011561d000 	/Library/Java/JavaVirtualMachines/jdk1.7.0_60.jdk/Contents/Home/jre/lib/libnet.dylib
0x000000011567a000 	/Library/Java/JavaVirtualMachines/jdk1.7.0_60.jdk/Contents/Home/jre/lib/libnio.dylib
0x0000000116f94000 	/Users/Marichal/Documents/Dvt-Myrmex/awac/target/native_libraries/64bits/libjnotify.jnilib
0x0000000114f37000 	/Library/Java/JavaVirtualMachines/jdk1.7.0_60.jdk/Contents/Home/jre/lib/libmanagement.dylib
0x0000000114f3f000 	/Library/Java/JavaVirtualMachines/jdk1.7.0_60.jdk/Contents/Home/jre/lib/libsunec.dylib
0x0000000117ef4000 	/Library/Java/JavaVirtualMachines/jdk1.7.0_60.jdk/Contents/Home/jre/lib/libawt.dylib
0x0000000117fa3000 	/Library/Java/JavaVirtualMachines/jdk1.7.0_60.jdk/Contents/Home/jre/lib/./libmlib_image.dylib
0x00000001181b1000 	/Library/Java/JavaVirtualMachines/jdk1.7.0_60.jdk/Contents/Home/jre/lib/lwawt/liblwawt.dylib
0x0000000116a62000 	/Library/Java/JavaVirtualMachines/jdk1.7.0_60.jdk/Contents/Home/jre/lib/libosxapp.dylib
0x000000000383c000 	/System/Library/Frameworks/ExceptionHandling.framework/Versions/A/ExceptionHandling
0x000000000383c000 	/System/Library/PrivateFrameworks/CoreServicesInternal.framework/Versions/A/CoreServicesInternal
0x000000000383c000 	/System/Library/PrivateFrameworks/Librarian.framework/Versions/A/Librarian
0x000000000383c000 	/System/Library/Frameworks/CoreGraphics.framework/Versions/A/Resources/libCGCMS.A.dylib
0x000000000383c000 	/System/Library/Frameworks/CoreGraphics.framework/Versions/A/Resources/libRIP.A.dylib
0x000000000383c000 	/System/Library/Frameworks/CoreGraphics.framework/Versions/A/Resources/libCGXType.A.dylib
0x000000000383c000 	/System/Library/PrivateFrameworks/FamilyControls.framework/Versions/A/FamilyControls
0x000000000383c000 	/System/Library/PrivateFrameworks/CommerceKit.framework/Versions/A/Frameworks/CommerceCore.framework/Versions/A/CommerceCore
0x000000000383c000 	/System/Library/PrivateFrameworks/SystemAdministration.framework/Versions/A/SystemAdministration
0x000000000383c000 	/System/Library/Frameworks/DirectoryService.framework/Versions/A/DirectoryService
0x000000000383c000 	/System/Library/PrivateFrameworks/DiskImages.framework/Versions/A/DiskImages
0x000000000383c000 	/System/Library/PrivateFrameworks/LoginUIKit.framework/Versions/A/Frameworks/LoginUICore.framework/Versions/A/LoginUICore
0x000000000383c000 	/usr/lib/libCoreStorage.dylib
0x000000000383c000 	/usr/lib/libcsfde.dylib
0x000000000383c000 	/usr/lib/libodfde.dylib
0x000000000383c000 	/System/Library/Frameworks/DiscRecording.framework/Versions/A/DiscRecording
0x000000000383c000 	/usr/lib/libcurl.4.dylib
0x000000000383c000 	/System/Library/PrivateFrameworks/MediaKit.framework/Versions/A/MediaKit
0x000000000383c000 	/System/Library/PrivateFrameworks/EFILogin.framework/Versions/A/EFILogin
0x000000000383c000 	/usr/lib/libutil.dylib
0x000000000383c000 	/System/Library/PrivateFrameworks/AOSNotification.framework/Versions/A/AOSNotification
0x000000000383c000 	/System/Library/Frameworks/LDAP.framework/Versions/A/LDAP
0x000000000383c000 	/usr/lib/libsasl2.2.dylib
0x000000000383c000 	/usr/lib/libcrypto.0.9.8.dylib
0x000000000383c000 	/usr/lib/libssl.0.9.8.dylib
0x000000000383c000 	/System/Library/Frameworks/OpenGL.framework/Versions/A/Resources/GLEngine.bundle/GLEngine
0x000000000383c000 	/System/Library/Frameworks/OpenGL.framework/Versions/A/Libraries/libGLProgrammability.dylib
0x0000000000000000 	/System/Library/Extensions/GeForceTeslaGLDriver.bundle/Contents/MacOS/GeForceTeslaGLDriver
0x000000011cc31000 	/System/Library/Extensions/GeForceTeslaGLDriver.bundle/Contents/MacOS/libclh.dylib
0x0000000115dbd000 	/System/Library/PrivateFrameworks/GPUSupport.framework/Versions/A/Libraries/libGPUSupport.dylib
0x000000000383c000 	/System/Library/Frameworks/OpenGL.framework/Versions/A/Resources/GLRendererFloat.bundle/GLRendererFloat
0x000000000383c000 	/System/Library/Frameworks/OpenCL.framework/Versions/A/Libraries/libcldcpuengine.dylib
0x000000011dd95000 	/Library/Java/JavaVirtualMachines/jdk1.7.0_60.jdk/Contents/Home/jre/lib/libfontmanager.dylib

VM Arguments:
jvm_args: -Dactivator.home=/Applications/activator-1.2.2 -Xms1024m -Xmx2048m -XX:+UseParallelGC -XX:PermSize=2048M -XX:MaxPermSize=2048M 
java_command: /Applications/activator-1.2.2/activator-launch-1.2.2.jar
Launcher Type: SUN_STANDARD

Environment Variables:
PATH=/Applications/Postgres.app/Contents/Versions/9.3/bin:/usr/local/heroku/bin:/Applications/Postgres.app/Contents/Versions/9.3/bin:/usr/local/heroku/bin:/Users/Marichal/.rvm/gems/ruby-1.9.2-p290/bin:/Users/Marichal/.rvm/gems/ruby-1.9.2-p290@global/bin:/Users/Marichal/.rvm/rubies/ruby-1.9.2-p290/bin:/Users/Marichal/.rvm/bin:/usr/bin:/bin:/usr/sbin:/sbin:/usr/local/bin:/opt/X11/bin:/usr/local/git/bin:/usr/texbin:/Applications/activator-1.2.2:/Applications/activator-1.2.2
SHELL=/bin/bash
DISPLAY=/tmp/launch-JOqyj1/org.macosforge.xquartz:0

Signal Handlers:
SIGSEGV: [libjvm.dylib+0x52b7b1], sa_mask[0]=0xfffefeff, sa_flags=0x00000043
SIGBUS: [libjvm.dylib+0x52b7b1], sa_mask[0]=0xfffefeff, sa_flags=0x00000042
SIGFPE: [libjvm.dylib+0x41e28a], sa_mask[0]=0xfffefeff, sa_flags=0x00000042
SIGPIPE: [libjvm.dylib+0x41e28a], sa_mask[0]=0xfffefeff, sa_flags=0x00000042
SIGXFSZ: [libjvm.dylib+0x41e28a], sa_mask[0]=0xfffefeff, sa_flags=0x00000042
SIGILL: [libjvm.dylib+0x41e28a], sa_mask[0]=0xfffefeff, sa_flags=0x00000042
SIGUSR1: SIG_DFL, sa_mask[0]=0x63807efb, sa_flags=0x00000000
SIGUSR2: [libjvm.dylib+0x41dd7c], sa_mask[0]=0x00000000, sa_flags=0x00000042
SIGHUP: [libjvm.dylib+0x41c00b], sa_mask[0]=0xfffefeff, sa_flags=0x00000042
SIGINT: [libjvm.dylib+0x41c00b], sa_mask[0]=0xfffefeff, sa_flags=0x00000042
SIGTERM: [libjvm.dylib+0x41c00b], sa_mask[0]=0xfffefeff, sa_flags=0x00000042
SIGQUIT: [libjvm.dylib+0x41c00b], sa_mask[0]=0xfffefeff, sa_flags=0x00000042


---------------  S Y S T E M  ---------------

OS:Bsduname:Darwin 13.4.0 Darwin Kernel Version 13.4.0: Sun Aug 17 19:50:11 PDT 2014; root:xnu-2422.115.4~1/RELEASE_X86_64 x86_64
rlimit: STACK 8192k, CORE 0k, NPROC 709, NOFILE 10240, AS infinity
load average:6.74 7.40 8.27

CPU:total 2 (2 cores per cpu, 1 threads per core) family 6 model 23 stepping 10, cmov, cx8, fxsr, mmx, sse, sse2, sse3, ssse3, sse4.1, tsc

Memory: 4k page, physical 16777216k(4194304k free)

/proc/meminfo:


vm_info: Java HotSpot(TM) 64-Bit Server VM (24.60-b09) for bsd-amd64 JRE (1.7.0_60-b19), built on May  7 2014 12:52:25 by "java_re" with gcc 4.2.1 (Based on Apple Inc. build 5658) (LLVM build 2336.11.00)

time: Fri Nov  7 12:27:19 2014
elapsed time: 11559 seconds

