#
# There is insufficient memory for the Java Runtime Environment to continue.
# Native memory allocation (malloc) failed to allocate 24641536 bytes for committing reserved memory.
# Possible reasons:
#   The system is out of physical RAM or swap space
#   In 32 bit mode, the process size limit was hit
# Possible solutions:
#   Reduce memory load on the system
#   Increase physical memory or swap space
#   Check if swap backing store is full
#   Use 64 bit Java on a 64 bit OS
#   Decrease Java heap size (-Xmx/-Xms)
#   Decrease number of Java threads
#   Decrease Java thread stack sizes (-Xss)
#   Set larger code cache with -XX:ReservedCodeCacheSize=
# This output file may be truncated or incomplete.
#
#  Out of Memory Error (os_linux.cpp:2726), pid=15730, tid=140697162327808
#
# JRE version: Java(TM) SE Runtime Environment (7.0_51-b13) (build 1.7.0_51-b13)
# Java VM: Java HotSpot(TM) 64-Bit Server VM (24.51-b03 mixed mode linux-amd64 compressed oops)
# Failed to write core dump. Core dumps have been disabled. To enable core dumping, try "ulimit -c unlimited" before starting Java again
#

---------------  T H R E A D  ---------------

Current thread (0x00007ff698069800):  VMThread [stack: 0x00007ff69c51a000,0x00007ff69c61b000] [id=15740]

Stack: [0x00007ff69c51a000,0x00007ff69c61b000],  sp=0x00007ff69c619090,  free space=1020k
Native frames: (J=compiled Java code, j=interpreted, Vv=VM code, C=native code)
V  [libjvm.so+0x992f4a]  VMError::report_and_die()+0x2ea
V  [libjvm.so+0x4931ab]  report_vm_out_of_memory(char const*, int, unsigned long, char const*)+0x9b
V  [libjvm.so+0x81338e]  os::Linux::commit_memory_impl(char*, unsigned long, bool)+0xfe
V  [libjvm.so+0x81383f]  os::Linux::commit_memory_impl(char*, unsigned long, unsigned long, bool)+0x4f
V  [libjvm.so+0x813a2c]  os::pd_commit_memory(char*, unsigned long, unsigned long, bool)+0xc
V  [libjvm.so+0x80daea]  os::commit_memory(char*, unsigned long, unsigned long, bool)+0x2a
V  [libjvm.so+0x87fcd3]  PSVirtualSpace::expand_by(unsigned long)+0x53
V  [libjvm.so+0x8810a8]  PSYoungGen::resize_generation(unsigned long, unsigned long)+0xf8
V  [libjvm.so+0x880212]  PSYoungGen::resize(unsigned long, unsigned long)+0x22
V  [libjvm.so+0x87d6ab]  PSScavenge::invoke_no_policy()+0xf3b
V  [libjvm.so+0x87de11]  PSScavenge::invoke()+0x41
V  [libjvm.so+0x834f10]  ParallelScavengeHeap::failed_mem_allocate(unsigned long)+0x70
V  [libjvm.so+0x9947e7]  VM_ParallelGCFailedAllocation::doit()+0x97
V  [libjvm.so+0x99bc15]  VM_Operation::evaluate()+0x55
V  [libjvm.so+0x99a04a]  VMThread::evaluate_operation(VM_Operation*)+0xba
V  [libjvm.so+0x99a3ce]  VMThread::loop()+0x1ce
V  [libjvm.so+0x99a840]  VMThread::run()+0x70
V  [libjvm.so+0x815538]  java_start(Thread*)+0x108

VM_Operation (0x00007ff6a1538a90): ParallelGCFailedAllocation, mode: safepoint, requested by thread 0x00007ff69800a000


---------------  P R O C E S S  ---------------

Java Threads: ( => current thread )
  0x00007ff698096800 JavaThread "Service Thread" daemon [_thread_blocked, id=15746, stack(0x00007ff69498f000,0x00007ff694a90000)]
  0x00007ff698094000 JavaThread "C2 CompilerThread1" daemon [_thread_blocked, id=15745, stack(0x00007ff69c015000,0x00007ff69c116000)]
  0x00007ff698091000 JavaThread "C2 CompilerThread0" daemon [_thread_blocked, id=15744, stack(0x00007ff69c116000,0x00007ff69c217000)]
  0x00007ff698086800 JavaThread "Signal Dispatcher" daemon [_thread_blocked, id=15743, stack(0x00007ff69c217000,0x00007ff69c318000)]
  0x00007ff698070000 JavaThread "Finalizer" daemon [_thread_blocked, id=15742, stack(0x00007ff69c318000,0x00007ff69c419000)]
  0x00007ff69806c000 JavaThread "Reference Handler" daemon [_thread_blocked, id=15741, stack(0x00007ff69c419000,0x00007ff69c51a000)]
  0x00007ff69800a000 JavaThread "main" [_thread_blocked, id=15735, stack(0x00007ff6a143a000,0x00007ff6a153b000)]

Other Threads:
=>0x00007ff698069800 VMThread [stack: 0x00007ff69c51a000,0x00007ff69c61b000] [id=15740]
  0x00007ff698099000 WatcherThread [stack: 0x00007ff69488e000,0x00007ff69498f000] [id=15747]

VM state:at safepoint (normal execution)

VM Mutex/Monitor currently owned by a thread:  ([mutex/lock_event])
[0x00007ff6980060c0] Threads_lock - owner thread: 0x00007ff698069800
[0x00007ff6980065c0] Heap_lock - owner thread: 0x00007ff69800a000

Heap
 PSYoungGen      total 27136K, used 2550K [0x00000000d8e00000, 0x00000000dab00000, 0x0000000100000000)
  eden space 24576K, 0% used [0x00000000d8e00000,0x00000000d8e00000,0x00000000da600000)
  from space 2560K, 99% used [0x00000000da600000,0x00000000da87db18,0x00000000da880000)
  to   space 2560K, 0% used [0x00000000da880000,0x00000000da880000,0x00000000dab00000)
 ParOldGen       total 15872K, used 14672K [0x000000008aa00000, 0x000000008b980000, 0x00000000d8e00000)
  object space 15872K, 92% used [0x000000008aa00000,0x000000008b854200,0x000000008b980000)
 PSPermGen       total 21504K, used 6348K [0x0000000085800000, 0x0000000086d00000, 0x000000008aa00000)
  object space 21504K, 29% used [0x0000000085800000,0x0000000085e332f0,0x0000000086d00000)

Card table byte_map: [0x00007ff69e36a000,0x00007ff69e73f000] byte_map_base: 0x00007ff69df3e000

Polling page: 0x00007ff6a1561000

Code Cache  [0x00007ff695000000, 0x00007ff695270000, 0x00007ff698000000)
 total_blobs=349 nmethods=125 adapters=177 free_code_cache=48272Kb largest_free_block=49389632

Compilation events (10 events):
Event: 2,023 Thread 0x00007ff698094000  122             java.util.HashMap$Entry::<init> (26 bytes)
Event: 2,024 Thread 0x00007ff698094000 nmethod 122 0x00007ff6950964d0 code [0x00007ff695096600, 0x00007ff695096678]
Event: 2,025 Thread 0x00007ff698091000 nmethod 121 0x00007ff6950d3310 code [0x00007ff6950d3540, 0x00007ff6950d4d98]
Event: 2,028 Thread 0x00007ff698094000  123             java.util.ComparableTimSort::mergeLo (652 bytes)
Event: 2,029 Thread 0x00007ff698091000  124             java.util.ComparableTimSort::mergeHi (716 bytes)
Event: 2,065 Thread 0x00007ff698091000 nmethod 124 0x00007ff6950d6050 code [0x00007ff6950d6280, 0x00007ff6950d7c98]
Event: 2,084 Thread 0x00007ff698094000 nmethod 123 0x00007ff6950e0a50 code [0x00007ff6950e0c80, 0x00007ff6950e2518]
Event: 2,104 Thread 0x00007ff698091000  125             java.util.ComparableTimSort::mergeLo (652 bytes)
Event: 2,143 Thread 0x00007ff698091000 nmethod 125 0x00007ff6950e34d0 code [0x00007ff6950e3700, 0x00007ff6950e4fb8]
Event: 2,144 Thread 0x00007ff698094000  126 %           java.util.ComparableTimSort::mergeLo @ 143 (652 bytes)

GC Heap History (10 events):
Event: 0,708 GC heap after
Heap after GC invocations=4 (full 0):
 PSYoungGen      total 6656K, used 498K [0x00000000d8e00000, 0x00000000d9500000, 0x0000000100000000)
  eden space 6144K, 0% used [0x00000000d8e00000,0x00000000d8e00000,0x00000000d9400000)
  from space 512K, 97% used [0x00000000d9480000,0x00000000d94fc878,0x00000000d9500000)
  to   space 512K, 0% used [0x00000000d9400000,0x00000000d9400000,0x00000000d9480000)
 ParOldGen       total 5632K, used 1566K [0x000000008aa00000, 0x000000008af80000, 0x00000000d8e00000)
  object space 5632K, 27% used [0x000000008aa00000,0x000000008ab87868,0x000000008af80000)
 PSPermGen       total 21504K, used 5846K [0x0000000085800000, 0x0000000086d00000, 0x000000008aa00000)
  object space 21504K, 27% used [0x0000000085800000,0x0000000085db5b48,0x0000000086d00000)
}
Event: 0,788 GC heap before
{Heap before GC invocations=5 (full 0):
 PSYoungGen      total 6656K, used 6640K [0x00000000d8e00000, 0x00000000d9500000, 0x0000000100000000)
  eden space 6144K, 99% used [0x00000000d8e00000,0x00000000d93ffa98,0x00000000d9400000)
  from space 512K, 97% used [0x00000000d9480000,0x00000000d94fc878,0x00000000d9500000)
  to   space 512K, 0% used [0x00000000d9400000,0x00000000d9400000,0x00000000d9480000)
 ParOldGen       total 5632K, used 1566K [0x000000008aa00000, 0x000000008af80000, 0x00000000d8e00000)
  object space 5632K, 27% used [0x000000008aa00000,0x000000008ab87868,0x000000008af80000)
 PSPermGen       total 21504K, used 5856K [0x0000000085800000, 0x0000000086d00000, 0x000000008aa00000)
  object space 21504K, 27% used [0x0000000085800000,0x0000000085db8338,0x0000000086d00000)
Event: 0,792 GC heap after
Heap after GC invocations=5 (full 0):
 PSYoungGen      total 6656K, used 503K [0x00000000d8e00000, 0x00000000d9e00000, 0x0000000100000000)
  eden space 6144K, 0% used [0x00000000d8e00000,0x00000000d8e00000,0x00000000d9400000)
  from space 512K, 98% used [0x00000000d9400000,0x00000000d947df58,0x00000000d9480000)
  to   space 2048K, 0% used [0x00000000d9c00000,0x00000000d9c00000,0x00000000d9e00000)
 ParOldGen       total 5632K, used 3207K [0x000000008aa00000, 0x000000008af80000, 0x00000000d8e00000)
  object space 5632K, 56% used [0x000000008aa00000,0x000000008ad21d08,0x000000008af80000)
 PSPermGen       total 21504K, used 5856K [0x0000000085800000, 0x0000000086d00000, 0x000000008aa00000)
  object space 21504K, 27% used [0x0000000085800000,0x0000000085db8338,0x0000000086d00000)
}
Event: 0,793 GC heap before
{Heap before GC invocations=6 (full 0):
 PSYoungGen      total 6656K, used 6642K [0x00000000d8e00000, 0x00000000d9e00000, 0x0000000100000000)
  eden space 6144K, 99% used [0x00000000d8e00000,0x00000000d93feba8,0x00000000d9400000)
  from space 512K, 98% used [0x00000000d9400000,0x00000000d947df58,0x00000000d9480000)
  to   space 2048K, 0% used [0x00000000d9c00000,0x00000000d9c00000,0x00000000d9e00000)
 ParOldGen       total 5632K, used 3207K [0x000000008aa00000, 0x000000008af80000, 0x00000000d8e00000)
  object space 5632K, 56% used [0x000000008aa00000,0x000000008ad21d08,0x000000008af80000)
 PSPermGen       total 21504K, used 5856K [0x0000000085800000, 0x0000000086d00000, 0x000000008aa00000)
  object space 21504K, 27% used [0x0000000085800000,0x0000000085db8338,0x0000000086d00000)
Event: 0,795 GC heap after
Heap after GC invocations=6 (full 0):
 PSYoungGen      total 14336K, used 546K [0x00000000d8e00000, 0x00000000d9e00000, 0x0000000100000000)
  eden space 12288K, 0% used [0x00000000d8e00000,0x00000000d8e00000,0x00000000d9a00000)
  from space 2048K, 26% used [0x00000000d9c00000,0x00000000d9c88988,0x00000000d9e00000)
  to   space 2048K, 0% used [0x00000000d9a00000,0x00000000d9a00000,0x00000000d9c00000)
 ParOldGen       total 5632K, used 3215K [0x000000008aa00000, 0x000000008af80000, 0x00000000d8e00000)
  object space 5632K, 57% used [0x000000008aa00000,0x000000008ad23d08,0x000000008af80000)
 PSPermGen       total 21504K, used 5856K [0x0000000085800000, 0x0000000086d00000, 0x000000008aa00000)
  object space 21504K, 27% used [0x0000000085800000,0x0000000085db8338,0x0000000086d00000)
}
Event: 0,799 GC heap before
{Heap before GC invocations=7 (full 0):
 PSYoungGen      total 14336K, used 12834K [0x00000000d8e00000, 0x00000000d9e00000, 0x0000000100000000)
  eden space 12288K, 99% used [0x00000000d8e00000,0x00000000d99ffee0,0x00000000d9a00000)
  from space 2048K, 26% used [0x00000000d9c00000,0x00000000d9c88988,0x00000000d9e00000)
  to   space 2048K, 0% used [0x00000000d9a00000,0x00000000d9a00000,0x00000000d9c00000)
 ParOldGen       total 5632K, used 3215K [0x000000008aa00000, 0x000000008af80000, 0x00000000d8e00000)
  object space 5632K, 57% used [0x000000008aa00000,0x000000008ad23d08,0x000000008af80000)
 PSPermGen       total 21504K, used 5856K [0x0000000085800000, 0x0000000086d00000, 0x000000008aa00000)
  object space 21504K, 27% used [0x0000000085800000,0x0000000085db8338,0x0000000086d00000)
Event: 0,801 GC heap after
Heap after GC invocations=7 (full 0):
 PSYoungGen      total 14336K, used 238K [0x00000000d8e00000, 0x00000000dab00000, 0x0000000100000000)
  eden space 12288K, 0% used [0x00000000d8e00000,0x00000000d8e00000,0x00000000d9a00000)
  from space 2048K, 11% used [0x00000000d9a00000,0x00000000d9a3b8b0,0x00000000d9c00000)
  to   space 2560K, 0% used [0x00000000da880000,0x00000000da880000,0x00000000dab00000)
 ParOldGen       total 5632K, used 3535K [0x000000008aa00000, 0x000000008af80000, 0x00000000d8e00000)
  object space 5632K, 62% used [0x000000008aa00000,0x000000008ad73c80,0x000000008af80000)
 PSPermGen       total 21504K, used 5856K [0x0000000085800000, 0x0000000086d00000, 0x000000008aa00000)
  object space 21504K, 27% used [0x0000000085800000,0x0000000085db8338,0x0000000086d00000)
}
Event: 1,147 GC heap before
{Heap before GC invocations=8 (full 0):
 PSYoungGen      total 14336K, used 12526K [0x00000000d8e00000, 0x00000000dab00000, 0x0000000100000000)
  eden space 12288K, 100% used [0x00000000d8e00000,0x00000000d9a00000,0x00000000d9a00000)
  from space 2048K, 11% used [0x00000000d9a00000,0x00000000d9a3b8b0,0x00000000d9c00000)
  to   space 2560K, 0% used [0x00000000da880000,0x00000000da880000,0x00000000dab00000)
 ParOldGen       total 5632K, used 3535K [0x000000008aa00000, 0x000000008af80000, 0x00000000d8e00000)
  object space 5632K, 62% used [0x000000008aa00000,0x000000008ad73c80,0x000000008af80000)
 PSPermGen       total 21504K, used 5977K [0x0000000085800000, 0x0000000086d00000, 0x000000008aa00000)
  object space 21504K, 27% used [0x0000000085800000,0x0000000085dd6770,0x0000000086d00000)
Event: 1,150 GC heap after
Heap after GC invocations=8 (full 0):
 PSYoungGen      total 27136K, used 1673K [0x00000000d8e00000, 0x00000000dab00000, 0x0000000100000000)
  eden space 24576K, 0% used [0x00000000d8e00000,0x00000000d8e00000,0x00000000da600000)
  from space 2560K, 65% used [0x00000000da880000,0x00000000daa22440,0x00000000dab00000)
  to   space 2560K, 0% used [0x00000000da600000,0x00000000da600000,0x00000000da880000)
 ParOldGen       total 5632K, used 3676K [0x000000008aa00000, 0x000000008af80000, 0x00000000d8e00000)
  object space 5632K, 65% used [0x000000008aa00000,0x000000008ad97300,0x000000008af80000)
 PSPermGen       total 21504K, used 5977K [0x0000000085800000, 0x0000000086d00000, 0x000000008aa00000)
  object space 21504K, 27% used [0x0000000085800000,0x0000000085dd6770,0x0000000086d00000)
}
Event: 2,185 GC heap before
{Heap before GC invocations=9 (full 0):
 PSYoungGen      total 27136K, used 26119K [0x00000000d8e00000, 0x00000000dab00000, 0x0000000100000000)
  eden space 24576K, 99% used [0x00000000d8e00000,0x00000000da5df9b8,0x00000000da600000)
  from space 2560K, 65% used [0x00000000da880000,0x00000000daa22440,0x00000000dab00000)
  to   space 2560K, 0% used [0x00000000da600000,0x00000000da600000,0x00000000da880000)
 ParOldGen       total 5632K, used 3676K [0x000000008aa00000, 0x000000008af80000, 0x00000000d8e00000)
  object space 5632K, 65% used [0x000000008aa00000,0x000000008ad97300,0x000000008af80000)
 PSPermGen       total 21504K, used 6348K [0x0000000085800000, 0x0000000086d00000, 0x000000008aa00000)
  object space 21504K, 29% used [0x0000000085800000,0x0000000085e332f0,0x0000000086d00000)

Deoptimization events (10 events):
Event: 1,963 Thread 0x00007ff69800a000 Uncommon trap: reason=array_check action=maybe_recompile pc=0x00007ff6950d1c68 method=java.util.ComparableTimSort.mergeLo(IIII)V @ 203
Event: 1,974 Thread 0x00007ff69800a000 Uncommon trap: reason=array_check action=maybe_recompile pc=0x00007ff6950bd93c method=java.util.ComparableTimSort.mergeLo(IIII)V @ 203
Event: 2,028 Thread 0x00007ff69800a000 Uncommon trap: reason=array_check action=maybe_recompile pc=0x00007ff6950d49d8 method=java.util.ComparableTimSort.mergeLo(IIII)V @ 583
Event: 2,028 Thread 0x00007ff69800a000 Uncommon trap: reason=array_check action=maybe_recompile pc=0x00007ff6950d49d8 method=java.util.ComparableTimSort.mergeLo(IIII)V @ 583
Event: 2,029 Thread 0x00007ff69800a000 Uncommon trap: reason=array_check action=maybe_recompile pc=0x00007ff6950dc390 method=java.util.ComparableTimSort.mergeHi(IIII)V @ 160
Event: 2,029 Thread 0x00007ff69800a000 Uncommon trap: reason=array_check action=maybe_recompile pc=0x00007ff6950dc390 method=java.util.ComparableTimSort.mergeHi(IIII)V @ 160
Event: 2,090 Thread 0x00007ff69800a000 Uncommon trap: reason=array_check action=maybe_recompile pc=0x00007ff6950e1f78 method=java.util.ComparableTimSort.mergeLo(IIII)V @ 367
Event: 2,104 Thread 0x00007ff69800a000 Uncommon trap: reason=array_check action=maybe_recompile pc=0x00007ff6950e1f78 method=java.util.ComparableTimSort.mergeLo(IIII)V @ 367
Event: 2,143 Thread 0x00007ff69800a000 Uncommon trap: reason=array_check action=maybe_recompile pc=0x00007ff6950e4a20 method=java.util.ComparableTimSort.mergeLo(IIII)V @ 461
Event: 2,143 Thread 0x00007ff69800a000 Uncommon trap: reason=array_check action=maybe_recompile pc=0x00007ff6950e4a20 method=java.util.ComparableTimSort.mergeLo(IIII)V @ 461

Internal exceptions (10 events):
Event: 1,274 Thread 0x00007ff69800a000 Threw 0x00000000d8f95cf0 at /HUDSON/workspace/7u-2-build-linux-amd64@2/jdk7u51/527/hotspot/src/share/vm/prims/jvm.cpp:1244
Event: 1,278 Thread 0x00007ff69800a000 Threw 0x00000000d8fa2b18 at /HUDSON/workspace/7u-2-build-linux-amd64@2/jdk7u51/527/hotspot/src/share/vm/prims/jvm.cpp:1244
Event: 1,279 Thread 0x00007ff69800a000 Threw 0x00000000d8fa6c50 at /HUDSON/workspace/7u-2-build-linux-amd64@2/jdk7u51/527/hotspot/src/share/vm/prims/jvm.cpp:1244
Event: 1,355 Thread 0x00007ff69800a000 Implicit null exception at 0x00007ff695093e10 to 0x00007ff69509483d
Event: 1,492 Thread 0x00007ff69800a000 Threw 0x00000000d93f41a0 at /HUDSON/workspace/7u-2-build-linux-amd64@2/jdk7u51/527/hotspot/src/share/vm/prims/jni.cpp:717
Event: 1,503 Thread 0x00007ff69800a000 Threw 0x00000000d93f4c70 at /HUDSON/workspace/7u-2-build-linux-amd64@2/jdk7u51/527/hotspot/src/share/vm/prims/jvm.cpp:1244
Event: 1,560 Thread 0x00007ff69800a000 Threw 0x00000000d9443138 at /HUDSON/workspace/7u-2-build-linux-amd64@2/jdk7u51/527/hotspot/src/share/vm/prims/jni.cpp:717
Event: 1,878 Thread 0x00007ff69800a000 Threw 0x00000000d9ccb4f8 at /HUDSON/workspace/7u-2-build-linux-amd64@2/jdk7u51/527/hotspot/src/share/vm/prims/jni.cpp:717
Event: 1,879 Thread 0x00007ff69800a000 Threw 0x00000000d9ccbf18 at /HUDSON/workspace/7u-2-build-linux-amd64@2/jdk7u51/527/hotspot/src/share/vm/prims/jni.cpp:717
Event: 1,879 Thread 0x00007ff69800a000 Threw 0x00000000d9ccc980 at /HUDSON/workspace/7u-2-build-linux-amd64@2/jdk7u51/527/hotspot/src/share/vm/prims/jni.cpp:717

Events (10 events):
Event: 2,104 Thread 0x00007ff69800a000 Uncommon trap: trap_request=0xffffffd6 fr.pc=0x00007ff6950e1f78
Event: 2,104 Thread 0x00007ff69800a000 DEOPT PACKING pc=0x00007ff6950e1f78 sp=0x00007ff6a1538960
Event: 2,104 Thread 0x00007ff69800a000 DEOPT UNPACKING pc=0x00007ff695039445 sp=0x00007ff6a1538968 mode 2
Event: 2,143 Thread 0x00007ff69800a000 Uncommon trap: trap_request=0xffffffd6 fr.pc=0x00007ff6950e4a20
Event: 2,143 Thread 0x00007ff69800a000 DEOPT PACKING pc=0x00007ff6950e4a20 sp=0x00007ff6a1538960
Event: 2,143 Thread 0x00007ff69800a000 DEOPT UNPACKING pc=0x00007ff695039445 sp=0x00007ff6a1538968 mode 2
Event: 2,143 Thread 0x00007ff69800a000 Uncommon trap: trap_request=0xffffffd6 fr.pc=0x00007ff6950e4a20
Event: 2,143 Thread 0x00007ff69800a000 DEOPT PACKING pc=0x00007ff6950e4a20 sp=0x00007ff6a1538960
Event: 2,143 Thread 0x00007ff69800a000 DEOPT UNPACKING pc=0x00007ff695039445 sp=0x00007ff6a1538968 mode 2
Event: 2,183 Executing VM operation: ParallelGCFailedAllocation


Dynamic libraries:
00400000-00401000 r-xp 00000000 08:03 1585325                            /usr/local/java/jdk1.7.0_51/bin/javac
00600000-00601000 rw-p 00000000 08:03 1585325                            /usr/local/java/jdk1.7.0_51/bin/javac
01ed9000-01efa000 rw-p 00000000 00:00 0                                  [heap]
85800000-86d00000 rw-p 00000000 00:00 0 
86d00000-8aa00000 rw-p 00000000 00:00 0 
8aa00000-8b980000 rw-p 00000000 00:00 0 
8b980000-d8e00000 rw-p 00000000 00:00 0 
d8e00000-dab00000 rw-p 00000000 00:00 0 
dc280000-100000000 rw-p 00000000 00:00 0 
7ff660000000-7ff660021000 rw-p 00000000 00:00 0 
7ff660021000-7ff664000000 ---p 00000000 00:00 0 
7ff664000000-7ff664021000 rw-p 00000000 00:00 0 
7ff664021000-7ff668000000 ---p 00000000 00:00 0 
7ff668000000-7ff668533000 rw-p 00000000 00:00 0 
7ff668533000-7ff66c000000 ---p 00000000 00:00 0 
7ff66c000000-7ff66c4e9000 rw-p 00000000 00:00 0 
7ff66c4e9000-7ff670000000 ---p 00000000 00:00 0 
7ff670000000-7ff670021000 rw-p 00000000 00:00 0 
7ff670021000-7ff674000000 ---p 00000000 00:00 0 
7ff674000000-7ff674021000 rw-p 00000000 00:00 0 
7ff674021000-7ff678000000 ---p 00000000 00:00 0 
7ff678000000-7ff67824a000 rw-p 00000000 00:00 0 
7ff67824a000-7ff67c000000 ---p 00000000 00:00 0 
7ff67c000000-7ff67c021000 rw-p 00000000 00:00 0 
7ff67c021000-7ff680000000 ---p 00000000 00:00 0 
7ff680000000-7ff680021000 rw-p 00000000 00:00 0 
7ff680021000-7ff684000000 ---p 00000000 00:00 0 
7ff6842c0000-7ff688000000 rw-p 00000000 00:00 0 
7ff688000000-7ff688021000 rw-p 00000000 00:00 0 
7ff688021000-7ff68c000000 ---p 00000000 00:00 0 
7ff68c000000-7ff68c021000 rw-p 00000000 00:00 0 
7ff68c021000-7ff690000000 ---p 00000000 00:00 0 
7ff690000000-7ff690021000 rw-p 00000000 00:00 0 
7ff690021000-7ff694000000 ---p 00000000 00:00 0 
7ff6947fe000-7ff694824000 r--p 00000000 08:03 2365509                    /usr/share/locale-langpack/fr/LC_MESSAGES/libc.mo
7ff694824000-7ff69488e000 r--s 00e1b000 08:03 1573757                    /usr/local/java/jdk1.7.0_51/lib/tools.jar
7ff69488e000-7ff69488f000 ---p 00000000 00:00 0 
7ff69488f000-7ff69498f000 rw-p 00000000 00:00 0                          [stack:15747]
7ff69498f000-7ff694992000 ---p 00000000 00:00 0 
7ff694992000-7ff694a90000 rw-p 00000000 00:00 0                          [stack:15746]
7ff694a90000-7ff695000000 r--p 00000000 08:03 1590696                    /usr/lib/locale/locale-archive
7ff695000000-7ff695270000 rwxp 00000000 00:00 0 
7ff695270000-7ff698614000 rw-p 00000000 00:00 0 
7ff698614000-7ff69c000000 ---p 00000000 00:00 0 
7ff69c015000-7ff69c018000 ---p 00000000 00:00 0 
7ff69c018000-7ff69c116000 rw-p 00000000 00:00 0                          [stack:15745]
7ff69c116000-7ff69c119000 ---p 00000000 00:00 0 
7ff69c119000-7ff69c217000 rw-p 00000000 00:00 0                          [stack:15744]
7ff69c217000-7ff69c21a000 ---p 00000000 00:00 0 
7ff69c21a000-7ff69c318000 rw-p 00000000 00:00 0                          [stack:15743]
7ff69c318000-7ff69c31b000 ---p 00000000 00:00 0 
7ff69c31b000-7ff69c419000 rw-p 00000000 00:00 0                          [stack:15742]
7ff69c419000-7ff69c41c000 ---p 00000000 00:00 0 
7ff69c41c000-7ff69c51a000 rw-p 00000000 00:00 0                          [stack:15741]
7ff69c51a000-7ff69c51b000 ---p 00000000 00:00 0 
7ff69c51b000-7ff69d61a000 rw-p 00000000 00:00 0                          [stack:15740]
7ff69d61a000-7ff69d7d7000 r--s 039bf000 08:03 1585020                    /usr/local/java/jdk1.7.0_51/jre/lib/rt.jar
7ff69d7d7000-7ff69dccb000 rw-p 00000000 00:00 0 
7ff69dccb000-7ff69dccc000 ---p 00000000 00:00 0 
7ff69dccc000-7ff69ddcc000 rw-p 00000000 00:00 0                          [stack:15739]
7ff69ddcc000-7ff69ddcd000 ---p 00000000 00:00 0 
7ff69ddcd000-7ff69decd000 rw-p 00000000 00:00 0                          [stack:15738]
7ff69decd000-7ff69dece000 ---p 00000000 00:00 0 
7ff69dece000-7ff69dfce000 rw-p 00000000 00:00 0                          [stack:15737]
7ff69dfce000-7ff69dfcf000 ---p 00000000 00:00 0 
7ff69dfcf000-7ff69e0da000 rw-p 00000000 00:00 0                          [stack:15736]
7ff69e0da000-7ff69e0f8000 rw-p 00000000 00:00 0 
7ff69e0f8000-7ff69e100000 rw-p 00000000 00:00 0 
7ff69e100000-7ff69e36a000 rw-p 00000000 00:00 0 
7ff69e36a000-7ff69e375000 rw-p 00000000 00:00 0 
7ff69e375000-7ff69e393000 rw-p 00000000 00:00 0 
7ff69e393000-7ff69e39b000 rw-p 00000000 00:00 0 
7ff69e39b000-7ff69e605000 rw-p 00000000 00:00 0 
7ff69e605000-7ff69e614000 rw-p 00000000 00:00 0 
7ff69e614000-7ff69e73e000 rw-p 00000000 00:00 0 
7ff69e73e000-7ff69e73f000 rw-p 00000000 00:00 0 
7ff69e73f000-7ff69e759000 r-xp 00000000 08:03 1585045                    /usr/local/java/jdk1.7.0_51/jre/lib/amd64/libzip.so
7ff69e759000-7ff69e959000 ---p 0001a000 08:03 1585045                    /usr/local/java/jdk1.7.0_51/jre/lib/amd64/libzip.so
7ff69e959000-7ff69e95a000 rw-p 0001a000 08:03 1585045                    /usr/local/java/jdk1.7.0_51/jre/lib/amd64/libzip.so
7ff69e95a000-7ff69e965000 r-xp 00000000 08:03 4592658                    /lib/x86_64-linux-gnu/libnss_files-2.19.so
7ff69e965000-7ff69eb64000 ---p 0000b000 08:03 4592658                    /lib/x86_64-linux-gnu/libnss_files-2.19.so
7ff69eb64000-7ff69eb65000 r--p 0000a000 08:03 4592658                    /lib/x86_64-linux-gnu/libnss_files-2.19.so
7ff69eb65000-7ff69eb66000 rw-p 0000b000 08:03 4592658                    /lib/x86_64-linux-gnu/libnss_files-2.19.so
7ff69eb66000-7ff69eb71000 r-xp 00000000 08:03 4592659                    /lib/x86_64-linux-gnu/libnss_nis-2.19.so
7ff69eb71000-7ff69ed70000 ---p 0000b000 08:03 4592659                    /lib/x86_64-linux-gnu/libnss_nis-2.19.so
7ff69ed70000-7ff69ed71000 r--p 0000a000 08:03 4592659                    /lib/x86_64-linux-gnu/libnss_nis-2.19.so
7ff69ed71000-7ff69ed72000 rw-p 0000b000 08:03 4592659                    /lib/x86_64-linux-gnu/libnss_nis-2.19.so
7ff69ed72000-7ff69ed89000 r-xp 00000000 08:03 4592319                    /lib/x86_64-linux-gnu/libnsl-2.19.so
7ff69ed89000-7ff69ef88000 ---p 00017000 08:03 4592319                    /lib/x86_64-linux-gnu/libnsl-2.19.so
7ff69ef88000-7ff69ef89000 r--p 00016000 08:03 4592319                    /lib/x86_64-linux-gnu/libnsl-2.19.so
7ff69ef89000-7ff69ef8a000 rw-p 00017000 08:03 4592319                    /lib/x86_64-linux-gnu/libnsl-2.19.so
7ff69ef8a000-7ff69ef8c000 rw-p 00000000 00:00 0 
7ff69ef8c000-7ff69ef95000 r-xp 00000000 08:03 4592316                    /lib/x86_64-linux-gnu/libnss_compat-2.19.so
7ff69ef95000-7ff69f194000 ---p 00009000 08:03 4592316                    /lib/x86_64-linux-gnu/libnss_compat-2.19.so
7ff69f194000-7ff69f195000 r--p 00008000 08:03 4592316                    /lib/x86_64-linux-gnu/libnss_compat-2.19.so
7ff69f195000-7ff69f196000 rw-p 00009000 08:03 4592316                    /lib/x86_64-linux-gnu/libnss_compat-2.19.so
7ff69f196000-7ff69f1bf000 r-xp 00000000 08:03 1585027                    /usr/local/java/jdk1.7.0_51/jre/lib/amd64/libjava.so
7ff69f1bf000-7ff69f3bf000 ---p 00029000 08:03 1585027                    /usr/local/java/jdk1.7.0_51/jre/lib/amd64/libjava.so
7ff69f3bf000-7ff69f3c1000 rw-p 00029000 08:03 1585027                    /usr/local/java/jdk1.7.0_51/jre/lib/amd64/libjava.so
7ff69f3c1000-7ff69f3ce000 r-xp 00000000 08:03 1585064                    /usr/local/java/jdk1.7.0_51/jre/lib/amd64/libverify.so
7ff69f3ce000-7ff69f5cd000 ---p 0000d000 08:03 1585064                    /usr/local/java/jdk1.7.0_51/jre/lib/amd64/libverify.so
7ff69f5cd000-7ff69f5cf000 rw-p 0000c000 08:03 1585064                    /usr/local/java/jdk1.7.0_51/jre/lib/amd64/libverify.so
7ff69f5cf000-7ff69f5d6000 r-xp 00000000 08:03 4592321                    /lib/x86_64-linux-gnu/librt-2.19.so
7ff69f5d6000-7ff69f7d5000 ---p 00007000 08:03 4592321                    /lib/x86_64-linux-gnu/librt-2.19.so
7ff69f7d5000-7ff69f7d6000 r--p 00006000 08:03 4592321                    /lib/x86_64-linux-gnu/librt-2.19.so
7ff69f7d6000-7ff69f7d7000 rw-p 00007000 08:03 4592321                    /lib/x86_64-linux-gnu/librt-2.19.so
7ff69f7d7000-7ff69f8dc000 r-xp 00000000 08:03 4592328                    /lib/x86_64-linux-gnu/libm-2.19.so
7ff69f8dc000-7ff69fadb000 ---p 00105000 08:03 4592328                    /lib/x86_64-linux-gnu/libm-2.19.so
7ff69fadb000-7ff69fadc000 r--p 00104000 08:03 4592328                    /lib/x86_64-linux-gnu/libm-2.19.so
7ff69fadc000-7ff69fadd000 rw-p 00105000 08:03 4592328                    /lib/x86_64-linux-gnu/libm-2.19.so
7ff69fadd000-7ff6a063f000 r-xp 00000000 08:03 1585038                    /usr/local/java/jdk1.7.0_51/jre/lib/amd64/server/libjvm.so
7ff6a063f000-7ff6a083f000 ---p 00b62000 08:03 1585038                    /usr/local/java/jdk1.7.0_51/jre/lib/amd64/server/libjvm.so
7ff6a083f000-7ff6a0902000 rw-p 00b62000 08:03 1585038                    /usr/local/java/jdk1.7.0_51/jre/lib/amd64/server/libjvm.so
7ff6a0902000-7ff6a0943000 rw-p 00000000 00:00 0 
7ff6a0943000-7ff6a0afe000 r-xp 00000000 08:03 4592325                    /lib/x86_64-linux-gnu/libc-2.19.so
7ff6a0afe000-7ff6a0cfe000 ---p 001bb000 08:03 4592325                    /lib/x86_64-linux-gnu/libc-2.19.so
7ff6a0cfe000-7ff6a0d02000 r--p 001bb000 08:03 4592325                    /lib/x86_64-linux-gnu/libc-2.19.so
7ff6a0d02000-7ff6a0d04000 rw-p 001bf000 08:03 4592325                    /lib/x86_64-linux-gnu/libc-2.19.so
7ff6a0d04000-7ff6a0d09000 rw-p 00000000 00:00 0 
7ff6a0d09000-7ff6a0d0c000 r-xp 00000000 08:03 4592663                    /lib/x86_64-linux-gnu/libdl-2.19.so
7ff6a0d0c000-7ff6a0f0b000 ---p 00003000 08:03 4592663                    /lib/x86_64-linux-gnu/libdl-2.19.so
7ff6a0f0b000-7ff6a0f0c000 r--p 00002000 08:03 4592663                    /lib/x86_64-linux-gnu/libdl-2.19.so
7ff6a0f0c000-7ff6a0f0d000 rw-p 00003000 08:03 4592663                    /lib/x86_64-linux-gnu/libdl-2.19.so
7ff6a0f0d000-7ff6a0f23000 r-xp 00000000 08:03 1583823                    /usr/local/java/jdk1.7.0_51/lib/amd64/jli/libjli.so
7ff6a0f23000-7ff6a1123000 ---p 00016000 08:03 1583823                    /usr/local/java/jdk1.7.0_51/lib/amd64/jli/libjli.so
7ff6a1123000-7ff6a1124000 rw-p 00016000 08:03 1583823                    /usr/local/java/jdk1.7.0_51/lib/amd64/jli/libjli.so
7ff6a1124000-7ff6a113d000 r-xp 00000000 08:03 4592664                    /lib/x86_64-linux-gnu/libpthread-2.19.so
7ff6a113d000-7ff6a133c000 ---p 00019000 08:03 4592664                    /lib/x86_64-linux-gnu/libpthread-2.19.so
7ff6a133c000-7ff6a133d000 r--p 00018000 08:03 4592664                    /lib/x86_64-linux-gnu/libpthread-2.19.so
7ff6a133d000-7ff6a133e000 rw-p 00019000 08:03 4592664                    /lib/x86_64-linux-gnu/libpthread-2.19.so
7ff6a133e000-7ff6a1342000 rw-p 00000000 00:00 0 
7ff6a1342000-7ff6a1365000 r-xp 00000000 08:03 4592326                    /lib/x86_64-linux-gnu/ld-2.19.so
7ff6a137a000-7ff6a1384000 rw-p 00000000 00:00 0 
7ff6a1384000-7ff6a143a000 rw-p 00000000 00:00 0 
7ff6a143a000-7ff6a143d000 ---p 00000000 00:00 0 
7ff6a143d000-7ff6a153f000 rw-p 00000000 00:00 0                          [stack:15735]
7ff6a1550000-7ff6a1551000 rw-p 00000000 00:00 0 
7ff6a1551000-7ff6a1558000 r--s 00000000 08:03 1847317                    /usr/lib/x86_64-linux-gnu/gconv/gconv-modules.cache
7ff6a1558000-7ff6a1560000 rw-s 00000000 08:03 1838400                    /tmp/hsperfdata_florian/15730
7ff6a1560000-7ff6a1561000 rw-p 00000000 00:00 0 
7ff6a1561000-7ff6a1562000 ---p 00000000 00:00 0 
7ff6a1562000-7ff6a1564000 rw-p 00000000 00:00 0 
7ff6a1564000-7ff6a1565000 r--p 00022000 08:03 4592326                    /lib/x86_64-linux-gnu/ld-2.19.so
7ff6a1565000-7ff6a1566000 rw-p 00023000 08:03 4592326                    /lib/x86_64-linux-gnu/ld-2.19.so
7ff6a1566000-7ff6a1567000 rw-p 00000000 00:00 0 
7fff42c1e000-7fff42c40000 rw-p 00000000 00:00 0                          [stack]
7fff42d8d000-7fff42d8f000 r-xp 00000000 00:00 0                          [vdso]
ffffffffff600000-ffffffffff601000 r-xp 00000000 00:00 0                  [vsyscall]

VM Arguments:
jvm_args: -Dapplication.home=/usr/local/java/jdk1.7.0_51 -Xms8m 
java_command: com.sun.tools.javac.Main @/tmp/sbt_891b2b35/argfile
Launcher Type: SUN_STANDARD

Environment Variables:
JAVA_HOME=/usr/local/java/jdk1.7.0_51
PATH=/home/florian/.rvm/gems/ruby-2.1.2/bin:/home/florian/.rvm/gems/ruby-2.1.2@global/bin:/home/florian/.rvm/rubies/ruby-2.1.2/bin:/usr/local/heroku/bin:/usr/local/sbin:/usr/local/bin:/usr/sbin:/usr/bin:/sbin:/bin:/usr/games:/usr/local/games:/home/florian/bin:/usr/local/java/jdk1.7.0_51/bin:/home/florian/maven3/bin:/home/florian/.rvm/bin:/home/florian/maven3/bin:/home/jcarton/activator-1.2.2/activator:/home/florian/.rvm/bin
SHELL=/bin/bash
DISPLAY=:0

Signal Handlers:
SIGSEGV: [libjvm.so+0x993870], sa_mask[0]=0x7ffbfeff, sa_flags=0x10000004
SIGBUS: [libjvm.so+0x993870], sa_mask[0]=0x7ffbfeff, sa_flags=0x10000004
SIGFPE: [libjvm.so+0x8105b0], sa_mask[0]=0x7ffbfeff, sa_flags=0x10000004
SIGPIPE: [libjvm.so+0x8105b0], sa_mask[0]=0x7ffbfeff, sa_flags=0x10000004
SIGXFSZ: [libjvm.so+0x8105b0], sa_mask[0]=0x7ffbfeff, sa_flags=0x10000004
SIGILL: [libjvm.so+0x8105b0], sa_mask[0]=0x7ffbfeff, sa_flags=0x10000004
SIGUSR1: SIG_DFL, sa_mask[0]=0x00000000, sa_flags=0x00000000
SIGUSR2: [libjvm.so+0x811aa0], sa_mask[0]=0x00000004, sa_flags=0x10000004
SIGHUP: [libjvm.so+0x812a10], sa_mask[0]=0x7ffbfeff, sa_flags=0x10000004
SIGINT: [libjvm.so+0x812a10], sa_mask[0]=0x7ffbfeff, sa_flags=0x10000004
SIGTERM: [libjvm.so+0x812a10], sa_mask[0]=0x7ffbfeff, sa_flags=0x10000004
SIGQUIT: [libjvm.so+0x812a10], sa_mask[0]=0x7ffbfeff, sa_flags=0x10000004


---------------  S Y S T E M  ---------------

OS:jessie/sid

uname:Linux 3.13.0-39-generic #66-Ubuntu SMP Tue Oct 28 13:30:27 UTC 2014 x86_64
libc:glibc 2.19 NPTL 2.19 
rlimit: STACK 8192k, CORE 0k, NPROC 59838, NOFILE 4096, AS infinity
load average:2,72 1,40 1,35

/proc/meminfo:
MemTotal:        7689432 kB
MemFree:          106684 kB
Buffers:             176 kB
Cached:           928184 kB
SwapCached:            0 kB
Active:          6659040 kB
Inactive:         618544 kB
Active(anon):    6656016 kB
Inactive(anon):   613188 kB
Active(file):       3024 kB
Inactive(file):     5356 kB
Unevictable:          48 kB
Mlocked:              48 kB
SwapTotal:             0 kB
SwapFree:              0 kB
Dirty:                20 kB
Writeback:             0 kB
AnonPages:       6350164 kB
Mapped:           318232 kB
Shmem:            919088 kB
Slab:             106860 kB
SReclaimable:      39936 kB
SUnreclaim:        66924 kB
KernelStack:        7808 kB
PageTables:        83900 kB
NFS_Unstable:          0 kB
Bounce:                0 kB
WritebackTmp:          0 kB
CommitLimit:     3844716 kB
Committed_AS:   14410688 kB
VmallocTotal:   34359738367 kB
VmallocUsed:      359592 kB
VmallocChunk:   34359373104 kB
HardwareCorrupted:     0 kB
AnonHugePages:   2674688 kB
HugePages_Total:       0
HugePages_Free:        0
HugePages_Rsvd:        0
HugePages_Surp:        0
Hugepagesize:       2048 kB
DirectMap4k:       86504 kB
DirectMap2M:     2566144 kB
DirectMap1G:     5242880 kB


CPU:total 4 (2 cores per cpu, 2 threads per core) family 6 model 69 stepping 1, cmov, cx8, fxsr, mmx, sse, sse2, sse3, ssse3, sse4.1, sse4.2, popcnt, avx, avx2, aes, erms, ht, tsc, tscinvbit

/proc/cpuinfo:
processor	: 0
vendor_id	: GenuineIntel
cpu family	: 6
model		: 69
model name	: Intel(R) Core(TM) i7-4500U CPU @ 1.80GHz
stepping	: 1
microcode	: 0x16
cpu MHz		: 1800.000
cache size	: 4096 KB
physical id	: 0
siblings	: 4
core id		: 0
cpu cores	: 2
apicid		: 0
initial apicid	: 0
fpu		: yes
fpu_exception	: yes
cpuid level	: 13
wp		: yes
flags		: fpu vme de pse tsc msr pae mce cx8 apic sep mtrr pge mca cmov pat pse36 clflush dts acpi mmx fxsr sse sse2 ss ht tm pbe syscall nx pdpe1gb rdtscp lm constant_tsc arch_perfmon pebs bts rep_good nopl xtopology nonstop_tsc aperfmperf eagerfpu pni pclmulqdq dtes64 monitor ds_cpl vmx est tm2 ssse3 fma cx16 xtpr pdcm pcid sse4_1 sse4_2 movbe popcnt tsc_deadline_timer aes xsave avx f16c rdrand lahf_lm abm ida arat epb xsaveopt pln pts dtherm tpr_shadow vnmi flexpriority ept vpid fsgsbase tsc_adjust bmi1 avx2 smep bmi2 erms invpcid
bogomips	: 4788.62
clflush size	: 64
cache_alignment	: 64
address sizes	: 39 bits physical, 48 bits virtual
power management:

processor	: 1
vendor_id	: GenuineIntel
cpu family	: 6
model		: 69
model name	: Intel(R) Core(TM) i7-4500U CPU @ 1.80GHz
stepping	: 1
microcode	: 0x16
cpu MHz		: 1800.000
cache size	: 4096 KB
physical id	: 0
siblings	: 4
core id		: 0
cpu cores	: 2
apicid		: 1
initial apicid	: 1
fpu		: yes
fpu_exception	: yes
cpuid level	: 13
wp		: yes
flags		: fpu vme de pse tsc msr pae mce cx8 apic sep mtrr pge mca cmov pat pse36 clflush dts acpi mmx fxsr sse sse2 ss ht tm pbe syscall nx pdpe1gb rdtscp lm constant_tsc arch_perfmon pebs bts rep_good nopl xtopology nonstop_tsc aperfmperf eagerfpu pni pclmulqdq dtes64 monitor ds_cpl vmx est tm2 ssse3 fma cx16 xtpr pdcm pcid sse4_1 sse4_2 movbe popcnt tsc_deadline_timer aes xsave avx f16c rdrand lahf_lm abm ida arat epb xsaveopt pln pts dtherm tpr_shadow vnmi flexpriority ept vpid fsgsbase tsc_adjust bmi1 avx2 smep bmi2 erms invpcid
bogomips	: 4788.62
clflush size	: 64
cache_alignment	: 64
address sizes	: 39 bits physical, 48 bits virtual
power management:

processor	: 2
vendor_id	: GenuineIntel
cpu family	: 6
model		: 69
model name	: Intel(R) Core(TM) i7-4500U CPU @ 1.80GHz
stepping	: 1
microcode	: 0x16
cpu MHz		: 1800.000
cache size	: 4096 KB
physical id	: 0
siblings	: 4
core id		: 1
cpu cores	: 2
apicid		: 2
initial apicid	: 2
fpu		: yes
fpu_exception	: yes
cpuid level	: 13
wp		: yes
flags		: fpu vme de pse tsc msr pae mce cx8 apic sep mtrr pge mca cmov pat pse36 clflush dts acpi mmx fxsr sse sse2 ss ht tm pbe syscall nx pdpe1gb rdtscp lm constant_tsc arch_perfmon pebs bts rep_good nopl xtopology nonstop_tsc aperfmperf eagerfpu pni pclmulqdq dtes64 monitor ds_cpl vmx est tm2 ssse3 fma cx16 xtpr pdcm pcid sse4_1 sse4_2 movbe popcnt tsc_deadline_timer aes xsave avx f16c rdrand lahf_lm abm ida arat epb xsaveopt pln pts dtherm tpr_shadow vnmi flexpriority ept vpid fsgsbase tsc_adjust bmi1 avx2 smep bmi2 erms invpcid
bogomips	: 4788.62
clflush size	: 64
cache_alignment	: 64
address sizes	: 39 bits physical, 48 bits virtual
power management:

processor	: 3
vendor_id	: GenuineIntel
cpu family	: 6
model		: 69
model name	: Intel(R) Core(TM) i7-4500U CPU @ 1.80GHz
stepping	: 1
microcode	: 0x16
cpu MHz		: 1800.000
cache size	: 4096 KB
physical id	: 0
siblings	: 4
core id		: 1
cpu cores	: 2
apicid		: 3
initial apicid	: 3
fpu		: yes
fpu_exception	: yes
cpuid level	: 13
wp		: yes
flags		: fpu vme de pse tsc msr pae mce cx8 apic sep mtrr pge mca cmov pat pse36 clflush dts acpi mmx fxsr sse sse2 ss ht tm pbe syscall nx pdpe1gb rdtscp lm constant_tsc arch_perfmon pebs bts rep_good nopl xtopology nonstop_tsc aperfmperf eagerfpu pni pclmulqdq dtes64 monitor ds_cpl vmx est tm2 ssse3 fma cx16 xtpr pdcm pcid sse4_1 sse4_2 movbe popcnt tsc_deadline_timer aes xsave avx f16c rdrand lahf_lm abm ida arat epb xsaveopt pln pts dtherm tpr_shadow vnmi flexpriority ept vpid fsgsbase tsc_adjust bmi1 avx2 smep bmi2 erms invpcid
bogomips	: 4788.62
clflush size	: 64
cache_alignment	: 64
address sizes	: 39 bits physical, 48 bits virtual
power management:



Memory: 4k page, physical 7689432k(104084k free), swap 0k(0k free)

vm_info: Java HotSpot(TM) 64-Bit Server VM (24.51-b03) for linux-amd64 JRE (1.7.0_51-b13), built on Dec 18 2013 18:48:01 by "java_re" with gcc 4.3.0 20080428 (Red Hat 4.3.0-8)

time: Fri Nov  7 13:31:45 2014
elapsed time: 4 seconds

