2014-09-05 17:09:47,738 - Log4JLogChute initialized using file 'velocity.log'
2014-09-05 17:09:47,739 - Initializing Velocity, Calling init()...
2014-09-05 17:09:47,739 - Starting Apache Velocity v1.7 (compiled: 2010-11-19 12:14:37)
2014-09-05 17:09:47,739 - Default Properties File: org/apache/velocity/runtime/defaults/velocity.properties
2014-09-05 17:09:47,740 - Trying to use logger class org.apache.velocity.runtime.log.AvalonLogChute
2014-09-05 17:09:47,740 - Target log system for org.apache.velocity.runtime.log.AvalonLogChute is not available (java.lang.NoClassDefFoundError: org/apache/log/format/Formatter).  Falling back to next log system...
2014-09-05 17:09:47,740 - Trying to use logger class org.apache.velocity.runtime.log.Log4JLogChute
2014-09-05 17:09:47,740 - Using logger class org.apache.velocity.runtime.log.Log4JLogChute
2014-09-05 17:09:47,746 - ResourceLoader instantiated: org.apache.velocity.runtime.resource.loader.FileResourceLoader
2014-09-05 17:09:47,747 - Do unicode file recognition:  false
2014-09-05 17:09:47,747 - FileResourceLoader : adding path '.'
2014-09-05 17:09:47,761 - ResourceCache: initialized (class org.apache.velocity.runtime.resource.ResourceCacheImpl) with class java.util.Collections$SynchronizedMap cache map.
2014-09-05 17:09:47,763 - Loaded System Directive: org.apache.velocity.runtime.directive.Stop
2014-09-05 17:09:47,764 - Loaded System Directive: org.apache.velocity.runtime.directive.Define
2014-09-05 17:09:47,766 - Loaded System Directive: org.apache.velocity.runtime.directive.Break
2014-09-05 17:09:47,766 - Loaded System Directive: org.apache.velocity.runtime.directive.Evaluate
2014-09-05 17:09:47,767 - Loaded System Directive: org.apache.velocity.runtime.directive.Literal
2014-09-05 17:09:47,770 - Loaded System Directive: org.apache.velocity.runtime.directive.Macro
2014-09-05 17:09:47,773 - Loaded System Directive: org.apache.velocity.runtime.directive.Parse
2014-09-05 17:09:47,775 - Loaded System Directive: org.apache.velocity.runtime.directive.Include
2014-09-05 17:09:47,776 - Loaded System Directive: org.apache.velocity.runtime.directive.Foreach
2014-09-05 17:09:47,889 - Created '20' parsers.
2014-09-05 17:09:47,900 - Velocimacro : "velocimacro.library" is not set.  Trying default library: VM_global_library.vm
2014-09-05 17:09:47,900 - Velocimacro : Default library not found.
2014-09-05 17:09:47,900 - Velocimacro : allowInline = true : VMs can be defined inline in templates
2014-09-05 17:09:47,900 - Velocimacro : allowInlineToOverride = false : VMs defined inline may NOT replace previous VM definitions
2014-09-05 17:09:47,901 - Velocimacro : allowInlineLocal = false : VMs defined inline will be global in scope if allowed.
2014-09-05 17:09:47,901 - Velocimacro : autoload off : VM system will not automatically reload global library macros
2014-09-05 18:06:45,959 - ResourceManager : unable to find resource 'app/eu/factorx/awac/vm/launchInvitation.vm' in any resource loader.
