2014-07-16 08:16:09,689 - [INFO] - from play in pool-4-thread-4 
Listening for HTTP on /0:0:0:0:0:0:0:0:9000

2014-07-16 08:25:50,815 - [INFO] - from play in run-main 
datasource [postgres://play:play@localhost/awac] bound to JNDI as DefaultDS

2014-07-16 08:25:50,983 - [INFO] - from play in run-main 
database [default] connected at jdbc:postgresql://localhost/awac

2014-07-16 08:25:55,000 - [INFO] - from application in run-main 
Starting AWAC

2014-07-16 08:25:55,007 - [INFO] - from application in run-main 
main.welcome

2014-07-16 08:25:56,064 - [INFO] - from play in run-main 
Application started (Prod)

2014-07-16 08:28:20,625 - [INFO] - from play in run-main 
datasource [postgres://play:play@localhost/awac] bound to JNDI as DefaultDS

2014-07-16 08:28:20,742 - [INFO] - from play in run-main 
database [default] connected at jdbc:postgresql://localhost/awac

2014-07-16 08:28:24,246 - [INFO] - from application in run-main 
Starting AWAC

2014-07-16 08:28:24,252 - [INFO] - from application in run-main 
main.welcome

2014-07-16 08:28:25,254 - [INFO] - from play in run-main 
Application started (Prod)

2014-07-16 09:01:30,634 - [INFO] - from play in run-main 
datasource [postgres://play:play@localhost/awac] bound to JNDI as DefaultDS

2014-07-16 09:01:30,784 - [INFO] - from play in run-main 
database [default] connected at jdbc:postgresql://localhost/awac

2014-07-16 09:01:34,515 - [INFO] - from application in run-main 
Starting AWAC

2014-07-16 09:01:34,522 - [INFO] - from application in run-main 
main.welcome

2014-07-16 09:01:35,795 - [INFO] - from play in run-main 
Application started (Prod)

